2024-09-11 00:18:54,382 [INFO] MainUpdater:2873 - connection check result : 10
2024-09-11 00:18:54,531 [INFO] McuFinderGlobals:76 - Set McuFinderConnectedMode to true
2024-09-11 00:18:54,534 [INFO] MultiScanPanel:200 - Auto-refresh data requested => check proxy status ongoing
2024-09-11 00:18:54,535 [INFO] FinderPluginLoader:95 - Searching for filters in installed packs
2024-09-11 00:18:55,246 [INFO] LoadUrlFilesThread:185 - End of LoadServerUrlFiles without Thread
2024-09-11 00:18:55,246 [INFO] DetailPanel:341 - Set advertising image to C:/Users/USER/STM32Cube/Repository/\en.prom-stm32h7rs-mcu-finder.jpg
2024-09-11 00:19:00,496 [INFO] ApiDb:581 - Connected to CubeFinder SQLite database (C:\Users\USER\.stmcufinder\plugins\mcufinder\mcu\cube-finder-db.db)
2024-09-11 00:19:09,301 [INFO] MainUpdater:2873 - connection check result : 10
2024-09-11 00:19:09,301 [INFO] MainUpdater:2873 - connection check result : 10
2024-09-11 00:19:10,472 [INFO] MicroXplorer:468 - Change Database Path : 
2024-09-11 00:19:10,473 [INFO] MicroXplorer:498 - Change Database Version : DB.6.0.120
2024-09-11 00:19:10,559 [ERROR] ProjectManagerView:394 - 
java.lang.NullPointerException: Cannot invoke "javax.swing.JTextField.getText()" because the return value of "java.util.List.get(int)" is null
	at com.st.microxplorer.plugins.projectmanager.gui.ProjectChoiceTab$10.caretUpdate(ProjectChoiceTab.java:2622) ~[filemanager.jar:?]
	at javax.swing.text.JTextComponent.fireCaretUpdate(JTextComponent.java:412) ~[?:?]
	at javax.swing.text.JTextComponent$MutableCaretEvent.fire(JTextComponent.java:4491) ~[?:?]
	at javax.swing.text.JTextComponent$MutableCaretEvent.stateChanged(JTextComponent.java:4513) ~[?:?]
	at javax.swing.text.DefaultCaret.fireStateChanged(DefaultCaret.java:842) ~[?:?]
	at javax.swing.text.DefaultCaret.changeCaretPosition(DefaultCaret.java:1313) ~[?:?]
	at javax.swing.text.DefaultCaret.handleSetDot(DefaultCaret.java:1212) ~[?:?]
	at javax.swing.text.DefaultCaret.setDot(DefaultCaret.java:1193) ~[?:?]
	at javax.swing.text.DefaultCaret$Handler.insertUpdate(DefaultCaret.java:1789) ~[?:?]
	at javax.swing.text.AbstractDocument.fireInsertUpdate(AbstractDocument.java:226) ~[?:?]
	at javax.swing.text.AbstractDocument.handleInsertString(AbstractDocument.java:780) ~[?:?]
	at javax.swing.text.AbstractDocument.insertString(AbstractDocument.java:739) ~[?:?]
	at javax.swing.text.PlainDocument.insertString(PlainDocument.java:131) ~[?:?]
	at javax.swing.text.AbstractDocument.replace(AbstractDocument.java:698) ~[?:?]
	at javax.swing.text.JTextComponent.setText(JTextComponent.java:1729) ~[?:?]
	at com.st.microxplorer.plugins.projectmanager.gui.ProjectChoiceTab.createHeapStackFields(ProjectChoiceTab.java:972) ~[filemanager.jar:?]
	at com.st.microxplorer.plugins.projectmanager.gui.ProjectChoiceTab.buildLinkSettingsPanel(ProjectChoiceTab.java:3597) ~[filemanager.jar:?]
	at com.st.microxplorer.plugins.projectmanager.gui.ProjectChoiceTab.defineWindowsFields(ProjectChoiceTab.java:1940) ~[filemanager.jar:?]
	at com.st.microxplorer.plugins.projectmanager.gui.ProjectChoiceTab.updateSettings(ProjectChoiceTab.java:550) ~[filemanager.jar:?]
	at com.st.microxplorer.plugins.projectmanager.gui.ProjectSettingsPanel.UpdateDialog(ProjectSettingsPanel.java:245) ~[filemanager.jar:?]
	at com.st.microxplorer.plugins.projectmanager.ProjectManagerView.propertyChange(ProjectManagerView.java:391) ~[filemanager.jar:?]
	at java.beans.PropertyChangeSupport.fire(PropertyChangeSupport.java:343) ~[?:?]
	at java.beans.PropertyChangeSupport.firePropertyChange(PropertyChangeSupport.java:335) ~[?:?]
	at java.beans.PropertyChangeSupport.firePropertyChange(PropertyChangeSupport.java:268) ~[?:?]
	at com.st.microxplorer.util.MXPropertyChangeSupport.firePropertyChange(MXPropertyChangeSupport.java:54) ~[STM32CubeMX.jar:?]
	at com.st.microxplorer.mxsystem.MxSystem.closeConfig(MxSystem.java:900) ~[STM32CubeMX.jar:?]
	at com.st.microxplorer.maingui.MainPanel.closeConfig(MainPanel.java:781) ~[STM32CubeMX.jar:?]
	at com.st.microxplorer.plugins.filemanager.engine.OpenFileManager.loadConfigurationFile(OpenFileManager.java:265) ~[filemanager.jar:?]
	at com.st.microxplorer.plugins.filemanager.engine.MainFileManager.userLoadConfig(MainFileManager.java:352) ~[filemanager.jar:?]
	at com.st.microxplorer.plugins.filemanager.engine.MainFileManager.userLoadConfig(MainFileManager.java:330) ~[filemanager.jar:?]
	at com.st.microxplorer.plugins.filemanager.FileManagerView.getSpecificTask(FileManagerView.java:246) ~[filemanager.jar:?]
	at com.st.stm32cube.common.mx.editor.CubeMxEditor.getMxTabbedPaneInstance(CubeMxEditor.java:1198) ~[com.st.stm32cube.common.mx_6.12.0.202406281431/:?]
	at com.st.stm32cube.common.mx.editor.CubeMxEditor$12$1.createSwingComponent(CubeMxEditor.java:1068) ~[com.st.stm32cube.common.mx_6.12.0.202406281431/:?]
	at com.st.stm32cube.common.mx.oss.core.awtswtbridge.EmbeddedSwingComposite.doComponentCreation(EmbeddedSwingComposite.java:492) ~[com.st.stm32cube.common.mx.oss_6.12.0.202406281431/:?]
	at com.st.stm32cube.common.mx.oss.core.awtswtbridge.EmbeddedSwingComposite$4.run(EmbeddedSwingComposite.java:291) ~[com.st.stm32cube.common.mx.oss_6.12.0.202406281431/:?]
	at com.st.stm32cube.common.mx.oss.core.awtswtbridge.AwtEnvironment$2.run(AwtEnvironment.java:166) ~[com.st.stm32cube.common.mx.oss_6.12.0.202406281431/:?]
	at java.awt.event.InvocationEvent.dispatch(InvocationEvent.java:318) ~[?:?]
	at java.awt.EventQueue.dispatchEventImpl(EventQueue.java:773) ~[?:?]
	at java.awt.EventQueue$4.run(EventQueue.java:720) ~[?:?]
	at java.awt.EventQueue$4.run(EventQueue.java:714) ~[?:?]
	at java.security.AccessController.doPrivileged(AccessController.java:399) ~[?:?]
	at java.security.ProtectionDomain$JavaSecurityAccessImpl.doIntersectionPrivilege(ProtectionDomain.java:86) ~[?:?]
	at java.awt.EventQueue.dispatchEvent(EventQueue.java:742) ~[?:?]
	at java.awt.EventDispatchThread.pumpOneEventForFilters(EventDispatchThread.java:203) ~[?:?]
	at java.awt.EventDispatchThread.pumpEventsForFilter(EventDispatchThread.java:124) ~[?:?]
	at java.awt.EventDispatchThread.pumpEventsForHierarchy(EventDispatchThread.java:113) ~[?:?]
	at java.awt.EventDispatchThread.pumpEvents(EventDispatchThread.java:109) ~[?:?]
	at java.awt.EventDispatchThread.pumpEvents(EventDispatchThread.java:101) ~[?:?]
	at java.awt.EventDispatchThread.run(EventDispatchThread.java:90) ~[?:?]
2024-09-11 00:19:10,572 [WARN] ThirdParty:871 - waiting for thirdparty lock release [close project]
2024-09-11 00:19:10,572 [INFO] ThirdParty:873 - entering critical section [close project]
2024-09-11 00:19:10,572 [INFO] ThirdParty:883 - exiting critical section [close project]
2024-09-11 00:19:10,575 [INFO] PinOutPanel:1561 - setPackage(No Configuration,No Configuration)
2024-09-11 00:19:10,583 [WARN] IpParametersView:151 - Warning: This peripheral hasn't parameters
2024-09-11 00:19:10,588 [WARN] MainPanel:284 - <html><b><center>Warning: This peripheral has no parameters to be configured<br></b></html>
2024-09-11 00:19:10,596 [INFO] UtilMem:75 - Begin LoadConfig() Used Memory: 447851632 Bytes (828375040)
2024-09-11 00:19:10,596 [INFO] MicroXplorer:468 - Change Database Path : 
2024-09-11 00:19:10,597 [INFO] MicroXplorer:498 - Change Database Version : DB.6.0.120
2024-09-11 00:19:10,597 [INFO] OpenFileManager:332 - Change cursor
2024-09-11 00:19:10,625 [INFO] RulesReader:64 - Compatibility file has been processed (297 Rules)
2024-09-11 00:19:10,642 [INFO] Mcu:2032 - Initializing MCU STM32F767ZITx STM32F767ZITx STM32F767ZIT6
2024-09-11 00:19:13,331 [INFO] Context:742 - Trying to add GPIOservice into a context  which must be forbidden
2024-09-11 00:19:13,740 [INFO] ImportTextPane:205 - (OptionalMessage_ERROR) Unable to find key (Mcu.ThirdPartyNb) in loaded IOC file
2024-09-11 00:19:13,740 [INFO] ImportTextPane:205 - (OptionalMessage_ERROR) Unable to find key (Mcu.PinsNb) in loaded IOC file
2024-09-11 00:19:13,740 [INFO] ImportTextPane:205 - (OptionalMessage_ERROR) Unable to find key (Mcu.IPNb) in loaded IOC file
2024-09-11 00:19:13,823 [INFO] RtosManager:555 - Registered RTOS mode: class=CMSIS, group=RTOS, mode=CMSIS_V1, owner=FREERTOS
2024-09-11 00:19:13,824 [INFO] RtosManager:555 - Registered RTOS mode: class=CMSIS, group=RTOS2, mode=CMSIS_V2, owner=FREERTOS
2024-09-11 00:19:13,824 [INFO] RtosManager:555 - Registered RTOS mode: class=RTOS, group=Core, mode=CMSIS_V1, owner=FREERTOS
2024-09-11 00:19:13,824 [INFO] RtosManager:555 - Registered RTOS mode: class=RTOS, group=Core, mode=CMSIS_V2, owner=FREERTOS
2024-09-11 00:19:13,824 [WARN] ModelIntegratedComponent:184 - Missing modes for component STMicroelectronics:FreeRTOS:0.0.1:STMicroelectronics:RTOS:FreeRTOS:Core:::10.2.0:
2024-09-11 00:19:13,830 [WARN] ModelIntegratedComponent:63 - No mode defined for component null
2024-09-11 00:19:13,830 [WARN] ModelIntegratedComponent:63 - No mode defined for component null
2024-09-11 00:19:13,830 [WARN] ModelIntegratedComponent:63 - No mode defined for component null
2024-09-11 00:19:13,830 [WARN] ModelIntegratedComponent:63 - No mode defined for component null
2024-09-11 00:19:13,830 [WARN] ModelIntegratedComponent:63 - No mode defined for component null
2024-09-11 00:19:13,830 [WARN] ModelIntegratedComponent:63 - No mode defined for component null
2024-09-11 00:19:13,830 [WARN] ModelIntegratedComponent:63 - No mode defined for component null
2024-09-11 00:19:13,830 [WARN] ModelIntegratedComponent:63 - No mode defined for component null
2024-09-11 00:19:13,830 [WARN] ModelIntegratedComponent:63 - No mode defined for component null
2024-09-11 00:19:13,830 [WARN] ModelIntegratedComponent:63 - No mode defined for component null
2024-09-11 00:19:13,830 [WARN] ModelIntegratedComponent:63 - No mode defined for component null
2024-09-11 00:19:13,830 [WARN] ModelIntegratedComponent:63 - No mode defined for component null
2024-09-11 00:19:13,830 [WARN] ModelIntegratedComponent:63 - No mode defined for component null
2024-09-11 00:19:13,830 [WARN] ModelIntegratedComponent:63 - No mode defined for component null
2024-09-11 00:19:13,830 [WARN] ModelIntegratedComponent:63 - No mode defined for component null
2024-09-11 00:19:13,830 [WARN] ModelIntegratedComponent:63 - No mode defined for component null
2024-09-11 00:19:13,830 [WARN] ModelIntegratedComponent:63 - No mode defined for component null
2024-09-11 00:19:13,830 [WARN] ModelIntegratedComponent:63 - No mode defined for component null
2024-09-11 00:19:13,830 [WARN] ModelIntegratedComponent:63 - No mode defined for component null
2024-09-11 00:19:13,830 [WARN] ModelIntegratedComponent:63 - No mode defined for component null
2024-09-11 00:19:13,830 [WARN] ModelIntegratedComponent:63 - No mode defined for component null
2024-09-11 00:19:13,830 [WARN] ModelIntegratedComponent:63 - No mode defined for component null
2024-09-11 00:19:13,830 [WARN] ModelIntegratedComponent:63 - No mode defined for component null
2024-09-11 00:19:13,830 [WARN] ModelIntegratedComponent:63 - No mode defined for component null
2024-09-11 00:19:13,830 [WARN] ModelIntegratedComponent:63 - No mode defined for component null
2024-09-11 00:19:13,830 [WARN] ModelIntegratedComponent:63 - No mode defined for component null
2024-09-11 00:19:13,830 [WARN] ModelIntegratedComponent:63 - No mode defined for component null
2024-09-11 00:19:13,830 [WARN] ModelIntegratedComponent:63 - No mode defined for component null
2024-09-11 00:19:13,830 [WARN] ModelIntegratedComponent:63 - No mode defined for component null
2024-09-11 00:19:13,831 [WARN] ModelIntegratedComponent:63 - No mode defined for component null
2024-09-11 00:19:13,831 [WARN] ModelIntegratedComponent:63 - No mode defined for component null
2024-09-11 00:19:13,831 [WARN] ModelIntegratedComponent:63 - No mode defined for component null
2024-09-11 00:19:13,831 [WARN] ModelIntegratedComponent:63 - No mode defined for component null
2024-09-11 00:19:13,831 [WARN] ModelIntegratedComponent:63 - No mode defined for component null
2024-09-11 00:19:13,831 [WARN] ModelIntegratedComponent:63 - No mode defined for component null
2024-09-11 00:19:13,831 [WARN] ModelPack:524 - Component already loaded: STMicroelectronics:HAL Drivers:0.0.0:STMicroelectronics:Device:STMicro_Driver:XSPI:HAL::0.0.1:HAL_XSPI
2024-09-11 00:19:13,905 [INFO] ThirdPartyModel:298 - Start build external matchings
2024-09-11 00:19:14,597 [INFO] ThirdPartyModel:316 - End build external matchings
2024-09-11 00:19:15,113 [INFO] UtilMem:75 - End LoadConfig() Used Memory: 304096992 Bytes (828375040)
2024-09-11 00:19:15,146 [WARN] ThirdParty:833 - waiting for thirdparty lock release [change project]
2024-09-11 00:19:15,146 [INFO] ThirdParty:835 - entering critical section [change project]
2024-09-11 00:19:15,146 [INFO] ThirdParty:1030 - CMSIS Pack Vendor :STMicroelectronics USBPD 4.1
2024-09-11 00:19:15,146 [INFO] ThirdParty:1030 - CMSIS Pack Vendor :STMicroelectronics X-CUBE-AZRTOS-H7 3.3.0
2024-09-11 00:19:15,146 [INFO] ThirdParty:1030 - CMSIS Pack Vendor :STMicroelectronics X-CUBE-GNSS1 6.0.0
2024-09-11 00:19:15,147 [INFO] ThirdParty:1030 - CMSIS Pack Vendor :STMicroelectronics USB_HOST 2.0.0
2024-09-11 00:19:15,147 [INFO] ThirdParty:1030 - CMSIS Pack Vendor :STMicroelectronics FP-SNS-MOTENVWB1 1.4.0
2024-09-11 00:19:15,147 [INFO] ThirdParty:1030 - CMSIS Pack Vendor :STMicroelectronics X-CUBE-AZRTOS-F4 1.1.0
2024-09-11 00:19:15,147 [INFO] ThirdParty:1030 - CMSIS Pack Vendor :STMicroelectronics LIBJPEG 8.0.0
2024-09-11 00:19:15,147 [INFO] ThirdParty:1030 - CMSIS Pack Vendor :STMicroelectronics X-CUBE-SMBUS 2.1.0
2024-09-11 00:19:15,147 [INFO] ThirdParty:1030 - CMSIS Pack Vendor :STMicroelectronics USB_DEVICE 3.0.0
2024-09-11 00:19:15,147 [INFO] ThirdParty:1030 - CMSIS Pack Vendor :STMicroelectronics X-CUBE-TCPP 4.1.0
2024-09-11 00:19:15,147 [INFO] ThirdParty:1030 - CMSIS Pack Vendor :STMicroelectronics X-CUBE-FREERTOS 1.2.0
2024-09-11 00:19:15,147 [INFO] ThirdParty:1030 - CMSIS Pack Vendor :STMicroelectronics X-CUBE-AZRTOS-WB 2.0.0
2024-09-11 00:19:15,147 [INFO] ThirdParty:1030 - CMSIS Pack Vendor :STMicroelectronics X-CUBE-GNSS1 7.0.0
2024-09-11 00:19:15,147 [INFO] ThirdParty:1030 - CMSIS Pack Vendor :STMicroelectronics X-CUBE-AZRTOS-F7 1.1.0
2024-09-11 00:19:15,147 [INFO] ThirdParty:1030 - CMSIS Pack Vendor :STMicroelectronics X-CUBE-AZRTOS-L5 2.0.0
2024-09-11 00:19:15,147 [INFO] ThirdParty:1030 - CMSIS Pack Vendor :STMicroelectronics USB_DEVICE 2.0.0
2024-09-11 00:19:15,147 [INFO] ThirdParty:1030 - CMSIS Pack Vendor :STMicroelectronics X-CUBE-NFC6 3.1.0
2024-09-11 00:19:15,147 [INFO] ThirdParty:1030 - CMSIS Pack Vendor :STMicroelectronics FP-SNS-STBOX1 2.0.0
2024-09-11 00:19:15,147 [INFO] ThirdParty:1030 - CMSIS Pack Vendor :STMicroelectronics X-CUBE-MEMS1 11.0.0
2024-09-11 00:19:15,147 [INFO] ThirdParty:1030 - CMSIS Pack Vendor :STMicroelectronics FreeRTOS 0.0.1
2024-09-11 00:19:15,147 [INFO] ThirdParty:1030 - CMSIS Pack Vendor :STMicroelectronics X-CUBE-AZRTOS-G0 1.1.0
2024-09-11 00:19:15,147 [INFO] ThirdParty:1030 - CMSIS Pack Vendor :STMicroelectronics X-CUBE-SAFEA1 1.2.2
2024-09-11 00:19:15,147 [INFO] ThirdParty:1030 - CMSIS Pack Vendor :STMicroelectronics X-CUBE-NFC4 3.0.0
2024-09-11 00:19:15,147 [INFO] ThirdParty:1030 - CMSIS Pack Vendor :STMicroelectronics X-CUBE-DPower 1.2.0
2024-09-11 00:19:15,147 [INFO] ThirdParty:1030 - CMSIS Pack Vendor :STMicroelectronics X-CUBE-SUBG2 5.0.0
2024-09-11 00:19:15,147 [INFO] ThirdParty:1030 - CMSIS Pack Vendor :STMicroelectronics STM32_WPAN 1.0.0
2024-09-11 00:19:15,147 [INFO] ThirdParty:1030 - CMSIS Pack Vendor :EmbeddedOffice I-CUBE-FS-RTOS 1.0.1
2024-09-11 00:19:15,147 [INFO] ThirdParty:1030 - CMSIS Pack Vendor :STMicroelectronics lwIP 2.0.3
2024-09-11 00:19:15,147 [INFO] ThirdParty:1030 - CMSIS Pack Vendor :STMicroelectronics FP-SNS-FLIGHT1 5.0.2
2024-09-11 00:19:15,147 [INFO] ThirdParty:1030 - CMSIS Pack Vendor :Cesanta I-CUBE-Mongoose 7.13.0
2024-09-11 00:19:15,147 [INFO] ThirdParty:1030 - CMSIS Pack Vendor :STMicroelectronics USB_HOST 1.0.0
2024-09-11 00:19:15,147 [INFO] ThirdParty:1030 - CMSIS Pack Vendor :STMicroelectronics X-CUBE-AI 9.0.0
2024-09-11 00:19:15,147 [INFO] ThirdParty:1030 - CMSIS Pack Vendor :STMicroelectronics X-CUBE-AZRTOS-G4 2.0.0
2024-09-11 00:19:15,147 [INFO] ThirdParty:1030 - CMSIS Pack Vendor :STMicroelectronics PDM2PCM 3.1.0
2024-09-11 00:19:15,147 [INFO] ThirdParty:1030 - CMSIS Pack Vendor :STMicroelectronics PDM2PCM 3.3.0
2024-09-11 00:19:15,147 [INFO] ThirdParty:1030 - CMSIS Pack Vendor :STMicroelectronics X-CUBE-DISPLAY 3.0.0
2024-09-11 00:19:15,147 [INFO] ThirdParty:1030 - CMSIS Pack Vendor :RealThread X-CUBE-RT-Thread_Nano 4.1.1
2024-09-11 00:19:15,147 [INFO] ThirdParty:1030 - CMSIS Pack Vendor :STMicroelectronics X-CUBE-BLE1 7.0.0
2024-09-11 00:19:15,147 [INFO] ThirdParty:1030 - CMSIS Pack Vendor :STMicroelectronics FP-ATR-SIGFOX1 3.2.0
2024-09-11 00:19:15,147 [INFO] ThirdParty:1030 - CMSIS Pack Vendor :wolfSSL I-CUBE-wolfSSL 5.7.2
2024-09-11 00:19:15,147 [INFO] ThirdParty:1030 - CMSIS Pack Vendor :STMicroelectronics X-CUBE-ISPU 2.0.0
2024-09-11 00:19:15,147 [INFO] ThirdParty:1030 - CMSIS Pack Vendor :STMicroelectronics X-CUBE-EEPRMA1 5.1.0
2024-09-11 00:19:15,147 [INFO] ThirdParty:1030 - CMSIS Pack Vendor :STMicroelectronics HAL Drivers 0.0.0
2024-09-11 00:19:15,147 [INFO] ThirdParty:1030 - CMSIS Pack Vendor :STMicroelectronics MBEDTLS 2.16.2
2024-09-11 00:19:15,147 [INFO] ThirdParty:1030 - CMSIS Pack Vendor :STMicroelectronics X-CUBE-ALS 1.0.2
2024-09-11 00:19:15,147 [INFO] ThirdParty:1030 - CMSIS Pack Vendor :emotas I-CUBE-CANOPEN 1.3.0
2024-09-11 00:19:15,147 [INFO] ThirdParty:1030 - CMSIS Pack Vendor :STMicroelectronics X-CUBE-MEMS1 10.0.0
2024-09-11 00:19:15,147 [INFO] ThirdParty:1030 - CMSIS Pack Vendor :STMicroelectronics X-CUBE-NFC7 1.0.1
2024-09-11 00:19:15,147 [INFO] ThirdParty:1030 - CMSIS Pack Vendor :STMicroelectronics MBEDTLS 2.14.1
2024-09-11 00:19:15,147 [INFO] ThirdParty:1030 - CMSIS Pack Vendor :STMicroelectronics X-CUBE-TOUCHGFX 4.24.0
2024-09-11 00:19:15,147 [INFO] ThirdParty:1030 - CMSIS Pack Vendor :ITTIA_DB I-CUBE-ITTIADB 8.9.0
2024-09-11 00:19:15,147 [INFO] ThirdParty:1030 - CMSIS Pack Vendor :wolfSSL I-CUBE-wolfTPM 3.2.0
2024-09-11 00:19:15,147 [INFO] ThirdParty:1030 - CMSIS Pack Vendor :portGmbH I-Cube-SoM-uGOAL 1.1.0
2024-09-11 00:19:15,147 [INFO] ThirdParty:1030 - CMSIS Pack Vendor :STMicroelectronics X-CUBE-BLEMGR 3.1.0
2024-09-11 00:19:15,148 [INFO] ThirdParty:1030 - CMSIS Pack Vendor :STMicroelectronics ThreadX 1.0.0
2024-09-11 00:19:15,148 [INFO] ThirdParty:1030 - CMSIS Pack Vendor :STMicroelectronics FP-SNS-SMARTAG2 1.2.0
2024-09-11 00:19:15,148 [INFO] ThirdParty:1030 - CMSIS Pack Vendor :STMicroelectronics X-CUBE-AZRTOS-WL 2.0.0
2024-09-11 00:19:15,148 [INFO] ThirdParty:1030 - CMSIS Pack Vendor :SEGGER I-CUBE-embOS 1.3.1
2024-09-11 00:19:15,148 [INFO] ThirdParty:1030 - CMSIS Pack Vendor :STMicroelectronics X-CUBE-ALGOBUILD 1.4.0
2024-09-11 00:19:15,148 [INFO] ThirdParty:1030 - CMSIS Pack Vendor :STMicroelectronics FP-SNS-MOTENV1 5.0.0
2024-09-11 00:19:15,148 [INFO] ThirdParty:1030 - CMSIS Pack Vendor :STMicroelectronics USB_DEVICE 1.0.0
2024-09-11 00:19:15,148 [INFO] ThirdParty:1030 - CMSIS Pack Vendor :STMicroelectronics X-CUBE-AZRTOS-H7RS 1.0.0
2024-09-11 00:19:15,148 [INFO] ThirdParty:1030 - CMSIS Pack Vendor :wolfSSL I-CUBE-wolfMQTT 1.19.0
2024-09-11 00:19:15,148 [INFO] ThirdParty:1030 - CMSIS Pack Vendor :STMicroelectronics X-CUBE-AZRTOS-L4 2.0.0
2024-09-11 00:19:15,148 [INFO] ThirdParty:1030 - CMSIS Pack Vendor :STMicroelectronics ThreadX 0.0.2
2024-09-11 00:19:15,148 [INFO] ThirdParty:1030 - CMSIS Pack Vendor :WES I-CUBE-Cesium 1.3.0
2024-09-11 00:19:15,148 [INFO] ThirdParty:1030 - CMSIS Pack Vendor :STMicroelectronics FP-ATR-ASTRA1 2.0.0
2024-09-11 00:19:15,148 [INFO] ThirdParty:1030 - CMSIS Pack Vendor :STMicroelectronics lwIP 2.1.2
2024-09-11 00:19:15,148 [INFO] ThirdParty:1030 - CMSIS Pack Vendor :STMicroelectronics X-CUBE-SFXS2LP1 4.0.0
2024-09-11 00:19:15,148 [INFO] ThirdParty:1030 - CMSIS Pack Vendor :STMicroelectronics X-CUBE-BLE2 3.3.0
2024-09-11 00:19:15,148 [INFO] ThirdParty:1030 - CMSIS Pack Vendor :STMicroelectronics X-CUBE-TOF1 3.4.2
2024-09-11 00:19:15,148 [INFO] ThirdParty:1030 - CMSIS Pack Vendor :STMicroelectronics X-CUBE-TOF1 3.4.1
2024-09-11 00:19:15,148 [INFO] ThirdParty:1030 - CMSIS Pack Vendor :STMicroelectronics X-CUBE-AZRTOS-H7 3.2.0
2024-09-11 00:19:15,148 [INFO] ThirdParty:1030 - CMSIS Pack Vendor :Infineon AIROC-Wi-Fi-Bluetooth-STM32 1.6.0
2024-09-11 00:19:15,148 [INFO] ThirdParty:1030 - CMSIS Pack Vendor :STMicroelectronics PDM2PCM 3.2.0
2024-09-11 00:19:15,148 [INFO] ThirdParty:1030 - CMSIS Pack Vendor :wolfSSL I-CUBE-wolfSSH 1.4.17
2024-09-11 00:19:15,148 [INFO] ThirdParty:841 - exiting critical section [change project]
2024-09-11 00:19:15,352 [INFO] PinOutPanel:1561 - setPackage(No Configuration,No Configuration)
2024-09-11 00:19:15,359 [INFO] PinOutPanel:1561 - setPackage(STM32F767ZITx,LQFP144)
2024-09-11 00:19:15,659 [INFO] UtilMem:75 - Before build in PCC Used Memory: 357325264 Bytes (828375040)
2024-09-11 00:19:15,924 [INFO] UtilMem:75 - After build in PCC Used Memory: 407130576 Bytes (828375040)
2024-09-11 00:19:15,943 [INFO] IPUIPlugin:80 - create IPUIPlugin
2024-09-11 00:19:15,943 [INFO] IPUIPlugin:80 - create IPUIPlugin
2024-09-11 00:19:15,944 [INFO] IPUIPlugin:80 - create IPUIPlugin
2024-09-11 00:19:15,944 [INFO] IPUIPlugin:80 - create IPUIPlugin
2024-09-11 00:19:15,944 [INFO] IPUIPlugin:80 - create IPUIPlugin
2024-09-11 00:19:15,944 [INFO] IPUIPlugin:80 - create IPUIPlugin
2024-09-11 00:19:15,944 [INFO] IPUIPlugin:80 - create IPUIPlugin
2024-09-11 00:19:15,944 [INFO] IPUIPlugin:80 - create IPUIPlugin
2024-09-11 00:19:15,944 [INFO] IPUIPlugin:80 - create IPUIPlugin
2024-09-11 00:19:15,944 [INFO] IPUIPlugin:80 - create IPUIPlugin
2024-09-11 00:19:15,944 [INFO] IPUIPlugin:80 - create IPUIPlugin
2024-09-11 00:19:15,944 [INFO] IPUIPlugin:80 - create IPUIPlugin
2024-09-11 00:19:15,944 [INFO] IPUIPlugin:80 - create IPUIPlugin
2024-09-11 00:19:15,944 [INFO] IPUIPlugin:80 - create IPUIPlugin
2024-09-11 00:19:15,944 [INFO] IPUIPlugin:80 - create IPUIPlugin
2024-09-11 00:19:15,945 [INFO] IPUIPlugin:80 - create IPUIPlugin
2024-09-11 00:19:15,945 [INFO] IPUIPlugin:80 - create IPUIPlugin
2024-09-11 00:19:15,945 [INFO] IPUIPlugin:80 - create IPUIPlugin
2024-09-11 00:19:15,945 [INFO] IPUIPlugin:80 - create IPUIPlugin
2024-09-11 00:19:15,945 [INFO] IPUIPlugin:80 - create IPUIPlugin
2024-09-11 00:19:15,945 [INFO] IPUIPlugin:80 - create IPUIPlugin
2024-09-11 00:19:15,945 [INFO] IPUIPlugin:80 - create IPUIPlugin
2024-09-11 00:19:15,945 [INFO] IPUIPlugin:80 - create IPUIPlugin
2024-09-11 00:19:15,945 [INFO] IPUIPlugin:80 - create IPUIPlugin
2024-09-11 00:19:15,945 [INFO] IPUIPlugin:80 - create IPUIPlugin
2024-09-11 00:19:15,945 [INFO] IPUIPlugin:80 - create IPUIPlugin
2024-09-11 00:19:15,946 [INFO] IPUIPlugin:80 - create IPUIPlugin
2024-09-11 00:19:15,946 [INFO] IPUIPlugin:80 - create IPUIPlugin
2024-09-11 00:19:15,946 [INFO] IPUIPlugin:80 - create IPUIPlugin
2024-09-11 00:19:15,946 [INFO] IPUIPlugin:80 - create IPUIPlugin
2024-09-11 00:19:15,946 [INFO] IPUIPlugin:80 - create IPUIPlugin
2024-09-11 00:19:15,946 [INFO] IPUIPlugin:80 - create IPUIPlugin
2024-09-11 00:19:15,947 [INFO] IPUIPlugin:80 - create IPUIPlugin
2024-09-11 00:19:15,947 [INFO] IPUIPlugin:80 - create IPUIPlugin
2024-09-11 00:19:15,947 [INFO] IPUIPlugin:80 - create IPUIPlugin
2024-09-11 00:19:15,947 [INFO] IPUIPlugin:80 - create IPUIPlugin
2024-09-11 00:19:15,947 [INFO] IPUIPlugin:80 - create IPUIPlugin
2024-09-11 00:19:15,947 [INFO] IPUIPlugin:80 - create IPUIPlugin
2024-09-11 00:19:15,948 [INFO] IPUIPlugin:80 - create IPUIPlugin
2024-09-11 00:19:15,948 [INFO] IPUIPlugin:80 - create IPUIPlugin
2024-09-11 00:19:15,949 [INFO] IPUIPlugin:80 - create IPUIPlugin
2024-09-11 00:19:15,949 [INFO] IPUIPlugin:80 - create IPUIPlugin
2024-09-11 00:19:15,949 [INFO] IPUIPlugin:80 - create IPUIPlugin
2024-09-11 00:19:15,949 [INFO] IPUIPlugin:80 - create IPUIPlugin
2024-09-11 00:19:15,949 [INFO] IPUIPlugin:80 - create IPUIPlugin
2024-09-11 00:19:15,950 [INFO] IPUIPlugin:80 - create IPUIPlugin
2024-09-11 00:19:15,950 [INFO] IPUIPlugin:80 - create IPUIPlugin
2024-09-11 00:19:15,950 [INFO] IPUIPlugin:80 - create IPUIPlugin
2024-09-11 00:19:15,950 [INFO] IPUIPlugin:80 - create IPUIPlugin
2024-09-11 00:19:15,950 [INFO] IPUIPlugin:80 - create IPUIPlugin
2024-09-11 00:19:15,951 [INFO] IPUIPlugin:80 - create IPUIPlugin
2024-09-11 00:19:15,951 [INFO] IPUIPlugin:80 - create IPUIPlugin
2024-09-11 00:19:15,951 [INFO] IPUIPlugin:80 - create IPUIPlugin
2024-09-11 00:19:15,951 [INFO] IPUIPlugin:80 - create IPUIPlugin
2024-09-11 00:19:15,951 [INFO] IPUIPlugin:80 - create IPUIPlugin
2024-09-11 00:19:15,952 [INFO] IPUIPlugin:80 - create IPUIPlugin
2024-09-11 00:19:15,952 [INFO] IPUIPlugin:80 - create IPUIPlugin
2024-09-11 00:19:15,952 [INFO] IPUIPlugin:80 - create IPUIPlugin
2024-09-11 00:19:15,952 [INFO] IPUIPlugin:80 - create IPUIPlugin
2024-09-11 00:19:15,952 [INFO] IPUIPlugin:80 - create IPUIPlugin
2024-09-11 00:19:15,953 [INFO] IPUIPlugin:80 - create IPUIPlugin
2024-09-11 00:19:15,953 [INFO] IPUIPlugin:80 - create IPUIPlugin
2024-09-11 00:19:15,953 [INFO] IPUIPlugin:80 - create IPUIPlugin
2024-09-11 00:19:15,953 [INFO] IPUIPlugin:80 - create IPUIPlugin
2024-09-11 00:19:15,954 [INFO] IPUIPlugin:80 - create IPUIPlugin
2024-09-11 00:19:15,954 [INFO] IPUIPlugin:80 - create IPUIPlugin
2024-09-11 00:19:15,954 [INFO] IPUIPlugin:80 - create IPUIPlugin
2024-09-11 00:19:15,954 [INFO] IPUIPlugin:80 - create IPUIPlugin
2024-09-11 00:19:15,955 [INFO] IPUIPlugin:80 - create IPUIPlugin
2024-09-11 00:19:15,955 [INFO] IPUIPlugin:80 - create IPUIPlugin
2024-09-11 00:19:15,955 [INFO] IPUIPlugin:80 - create IPUIPlugin
2024-09-11 00:19:15,956 [INFO] IPUIPlugin:80 - create IPUIPlugin
2024-09-11 00:19:15,956 [INFO] IPUIPlugin:80 - create IPUIPlugin
2024-09-11 00:19:15,956 [INFO] IPUIPlugin:80 - create IPUIPlugin
2024-09-11 00:19:15,957 [INFO] IPUIPlugin:80 - create IPUIPlugin
2024-09-11 00:19:15,957 [INFO] IPUIPlugin:80 - create IPUIPlugin
2024-09-11 00:19:15,957 [INFO] IPUIPlugin:80 - create IPUIPlugin
2024-09-11 00:19:15,958 [INFO] IPUIPlugin:80 - create IPUIPlugin
2024-09-11 00:19:15,958 [INFO] IPUIPlugin:80 - create IPUIPlugin
2024-09-11 00:19:15,981 [INFO] ApiDbMcu:508 - Load IP Config File for PDM2PCM
2024-09-11 00:19:16,005 [INFO] CADModel:165 - CPN selected for project levelSTM32F767ZIT6
2024-09-11 00:19:16,005 [INFO] CADModel:114 - Register for checkConnection events
2024-09-11 00:19:16,058 [INFO] OpenFileManager:363 - Restore cursor
2024-09-11 00:19:16,438 [INFO] UtilMem:75 - End SaveConfig() Used Memory: 584721528 Bytes (828375040)
2024-09-11 00:19:16,487 [INFO] UtilMem:75 - End SaveConfig() Used Memory: 615509952 Bytes (828375040)
2024-09-11 00:19:16,568 [INFO] BlockDiagram:2766 - set Specific Code input for plugin: RCC
2024-09-11 00:19:16,568 [INFO] BlockDiagram:2766 - set Specific Code input for plugin: NVIC
2024-09-11 00:19:16,568 [INFO] BlockDiagram:2766 - set Specific Code input for plugin: CORTEX_M7
2024-09-11 00:19:16,569 [INFO] CodeGenerator:807 - code generatio: config db path: C:\ST\STM32CubeIDE_1.16.0\STM32CubeIDE\plugins\com.st.stm32cube.common.mx_6.12.0.202406281431\\db\
2024-09-11 00:19:16,655 [INFO] CodeEngine:255 - oldGeneratedFile, C:\Users\USER\STM32CubeIDE\workspace_1.16.0\lab06next\MXTmpFiles\license.tmp_save
2024-09-11 00:19:16,741 [INFO] CodeEngine:279 - Generated code: C:\Users\USER\STM32CubeIDE\workspace_1.16.0\lab06next\MXTmpFiles\license.tmp
2024-09-11 00:19:16,801 [INFO] CodeEngine:255 - oldGeneratedFile, C:\Users\USER\STM32CubeIDE\workspace_1.16.0\lab06next\MXTmpFiles\cortex.tmp_save
2024-09-11 00:19:16,904 [INFO] CodeEngine:279 - Generated code: C:\Users\USER\STM32CubeIDE\workspace_1.16.0\lab06next\MXTmpFiles\cortex.tmp
2024-09-11 00:19:16,914 [INFO] CodeEngine:255 - oldGeneratedFile, C:\Users\USER\STM32CubeIDE\workspace_1.16.0\lab06next\Core\Src\stm32f7xx_it.c_save
2024-09-11 00:19:17,068 [INFO] CodeEngine:279 - Generated code: C:\Users\USER\STM32CubeIDE\workspace_1.16.0\lab06next\Core\Src\stm32f7xx_it.c
2024-09-11 00:19:17,072 [INFO] CodeEngine:255 - oldGeneratedFile, C:\Users\USER\STM32CubeIDE\workspace_1.16.0\lab06next\Core\Inc\stm32f7xx_it.h_save
2024-09-11 00:19:17,148 [INFO] CodeEngine:279 - Generated code: C:\Users\USER\STM32CubeIDE\workspace_1.16.0\lab06next\Core\Inc\stm32f7xx_it.h
2024-09-11 00:19:17,173 [INFO] CodeEngine:255 - oldGeneratedFile, C:\Users\USER\STM32CubeIDE\workspace_1.16.0\lab06next\Core\Src\stm32f7xx_hal_msp.c_save
2024-09-11 00:19:17,271 [INFO] CodeEngine:279 - Generated code: C:\Users\USER\STM32CubeIDE\workspace_1.16.0\lab06next\Core\Src\stm32f7xx_hal_msp.c
2024-09-11 00:19:17,275 [INFO] CodeEngine:255 - oldGeneratedFile, C:\Users\USER\STM32CubeIDE\workspace_1.16.0\lab06next\MXTmpFiles\system.tmp_save
2024-09-11 00:19:17,340 [INFO] CodeEngine:279 - Generated code: C:\Users\USER\STM32CubeIDE\workspace_1.16.0\lab06next\MXTmpFiles\system.tmp
2024-09-11 00:19:17,350 [INFO] CodeEngine:311 - oldGeneratedFile, C:\Users\USER\STM32CubeIDE\workspace_1.16.0\lab06next\Core\Inc\stm32f7xx_hal_conf.h_save
2024-09-11 00:19:17,449 [INFO] CodeEngine:335 - Generated code: C:\Users\USER\STM32CubeIDE\workspace_1.16.0\lab06next\Core\Inc\stm32f7xx_hal_conf.h
2024-09-11 00:19:17,482 [INFO] CodeEngine:255 - oldGeneratedFile, C:\Users\USER\STM32CubeIDE\workspace_1.16.0\lab06next\Core\Inc\main.h_save
2024-09-11 00:19:17,602 [INFO] CodeEngine:279 - Generated code: C:\Users\USER\STM32CubeIDE\workspace_1.16.0\lab06next\Core\Inc\main.h
2024-09-11 00:19:17,609 [INFO] CodeEngine:255 - oldGeneratedFile, C:\Users\USER\STM32CubeIDE\workspace_1.16.0\lab06next\Core\Src\main.c_save
2024-09-11 00:19:17,729 [INFO] CodeEngine:279 - Generated code: C:\Users\USER\STM32CubeIDE\workspace_1.16.0\lab06next\Core\Src\main.c
2024-09-11 00:19:18,079 [INFO] ProjectBuilder:3249 - Time for Copy HAL[1] : 161mS.
2024-09-11 00:19:18,084 [INFO] ProjectBuilder:4828 - Project Generator version: 4.4.0-B60
2024-09-11 00:19:18,144 [INFO] ConfigFileManager:1531 - The Die is : DIE451
2024-09-11 00:19:18,158 [INFO] ApiDbMcu:508 - Load IP Config File for FATFS
2024-09-11 00:19:18,172 [INFO] ApiDbMcu:508 - Load IP Config File for FREERTOS
2024-09-11 00:19:18,184 [INFO] ApiDbMcu:508 - Load IP Config File for LIBJPEG
2024-09-11 00:19:18,201 [INFO] ApiDbMcu:508 - Load IP Config File for LWIP
2024-09-11 00:19:18,219 [INFO] ApiDbMcu:508 - Load IP Config File for MBEDTLS
2024-09-11 00:19:18,236 [INFO] ApiDbMcu:508 - Load IP Config File for USB_DEVICE
2024-09-11 00:19:18,250 [INFO] ApiDbMcu:508 - Load IP Config File for USB_HOST
2024-09-11 00:19:19,920 [INFO] ProjectBuilder:5097 - Time for Generating toolchain IDE Files: 1835mS.
2024-09-11 00:19:19,921 [INFO] ProjectBuilder:3107 - Time for Copy CMSIS : 0mS.
2024-09-11 00:19:19,923 [INFO] ProjectBuilder:3107 - Time for Copy CMSIS : 1mS.
2024-09-11 00:19:20,809 [INFO] McuFinderGlobals:76 - Set McuFinderConnectedMode to true
2024-09-11 00:19:20,816 [INFO] ApiDb:448 - Save user favorites file C:\Users\USER/.stm32cubeide/favorites.mcus.txt: 1 item(s)
2024-09-11 00:19:20,816 [INFO] ApiDb:452 - User favorites MCUs=[STM32F767ZIT6]
2024-09-11 00:27:06,398 [INFO] NvicIntPanel:101 - NVIC parent = com.st.microxplorer.plugins.ip.nvic.MultiNvicIntPanel[,0,0,0x0,invalid,layout=javax.swing.BoxLayout,alignmentX=0.0,alignmentY=0.0,border=,flags=9,maximumSize=,minimumSize=,preferredSize=]
2024-09-11 00:27:40,073 [INFO] NvicIntPanel:101 - NVIC parent = com.st.microxplorer.plugins.ip.nvic.MultiNvicIntPanel[,0,0,0x0,invalid,layout=javax.swing.BoxLayout,alignmentX=0.0,alignmentY=0.0,border=,flags=9,maximumSize=,minimumSize=,preferredSize=]
2024-09-11 00:31:52,514 [INFO] NvicIntPanel:101 - NVIC parent = com.st.microxplorer.plugins.ip.nvic.MultiNvicIntPanel[,0,0,0x0,invalid,layout=javax.swing.BoxLayout,alignmentX=0.0,alignmentY=0.0,border=,flags=9,maximumSize=,minimumSize=,preferredSize=]
2024-09-11 00:31:57,645 [INFO] NvicIntPanel:101 - NVIC parent = com.st.microxplorer.plugins.ip.nvic.MultiNvicIntPanel[,0,0,0x0,invalid,layout=javax.swing.BoxLayout,alignmentX=0.0,alignmentY=0.0,border=,flags=9,maximumSize=,minimumSize=,preferredSize=]
2024-09-11 01:14:10,368 [INFO] UtilMem:75 - End SaveConfig() Used Memory: 389416592 Bytes (828375040)
2024-09-11 01:14:11,702 [INFO] UtilMem:75 - End SaveConfig() Used Memory: 422971024 Bytes (828375040)
2024-09-11 01:14:13,733 [INFO] UtilMem:75 - End SaveConfig() Used Memory: 532590448 Bytes (828375040)
2024-09-11 01:14:13,982 [INFO] BlockDiagram:2766 - set Specific Code input for plugin: TIM1_8F77
2024-09-11 01:14:13,982 [INFO] BlockDiagram:2766 - set Specific Code input for plugin: TIM1_8F77
2024-09-11 01:14:13,982 [INFO] BlockDiagram:2766 - set Specific Code input for plugin: SYS
2024-09-11 01:14:13,982 [INFO] BlockDiagram:2766 - set Specific Code input for plugin: RCC
2024-09-11 01:14:13,982 [INFO] BlockDiagram:2766 - set Specific Code input for plugin: NVIC
2024-09-11 01:14:13,982 [INFO] BlockDiagram:2766 - set Specific Code input for plugin: USART
2024-09-11 01:14:13,982 [INFO] BlockDiagram:2766 - set Specific Code input for plugin: CORTEX_M7
2024-09-11 01:14:13,984 [INFO] BlockDiagram:2766 - set Specific Code input for plugin: GPIO
2024-09-11 01:14:13,984 [INFO] CodeGenerator:807 - code generatio: config db path: C:\ST\STM32CubeIDE_1.16.0\STM32CubeIDE\plugins\com.st.stm32cube.common.mx_6.12.0.202406281431\\db\
2024-09-11 01:14:14,278 [INFO] CodeEngine:255 - oldGeneratedFile, C:\Users\USER\STM32CubeIDE\workspace_1.16.0\lab06next\MXTmpFiles\license.tmp_save
2024-09-11 01:14:14,458 [INFO] CodeEngine:279 - Generated code: C:\Users\USER\STM32CubeIDE\workspace_1.16.0\lab06next\MXTmpFiles\license.tmp
2024-09-11 01:14:14,507 [INFO] CodeEngine:255 - oldGeneratedFile, C:\Users\USER\STM32CubeIDE\workspace_1.16.0\lab06next\Core\Src\gpio.c_save
2024-09-11 01:14:14,697 [INFO] CodeEngine:279 - Generated code: C:\Users\USER\STM32CubeIDE\workspace_1.16.0\lab06next\Core\Src\gpio.c
2024-09-11 01:14:14,708 [INFO] CodeEngine:255 - oldGeneratedFile, C:\Users\USER\STM32CubeIDE\workspace_1.16.0\lab06next\Core\Inc\gpio.h_save
2024-09-11 01:14:14,844 [INFO] CodeEngine:279 - Generated code: C:\Users\USER\STM32CubeIDE\workspace_1.16.0\lab06next\Core\Inc\gpio.h
2024-09-11 01:14:15,114 [INFO] CodeEngine:255 - oldGeneratedFile, C:\Users\USER\STM32CubeIDE\workspace_1.16.0\lab06next\MXTmpFiles\cortex.tmp_save
2024-09-11 01:14:15,351 [INFO] CodeEngine:279 - Generated code: C:\Users\USER\STM32CubeIDE\workspace_1.16.0\lab06next\MXTmpFiles\cortex.tmp
2024-09-11 01:14:15,367 [INFO] CodeEngine:255 - oldGeneratedFile, C:\Users\USER\STM32CubeIDE\workspace_1.16.0\lab06next\Core\Src\tim.c_save
2024-09-11 01:14:15,632 [INFO] CodeEngine:279 - Generated code: C:\Users\USER\STM32CubeIDE\workspace_1.16.0\lab06next\Core\Src\tim.c
2024-09-11 01:14:15,640 [INFO] CodeEngine:255 - oldGeneratedFile, C:\Users\USER\STM32CubeIDE\workspace_1.16.0\lab06next\Core\Inc\tim.h_save
2024-09-11 01:14:15,798 [INFO] CodeEngine:279 - Generated code: C:\Users\USER\STM32CubeIDE\workspace_1.16.0\lab06next\Core\Inc\tim.h
2024-09-11 01:14:15,814 [INFO] CodeEngine:255 - oldGeneratedFile, C:\Users\USER\STM32CubeIDE\workspace_1.16.0\lab06next\Core\Src\usart.c_save
2024-09-11 01:14:16,025 [INFO] CodeEngine:279 - Generated code: C:\Users\USER\STM32CubeIDE\workspace_1.16.0\lab06next\Core\Src\usart.c
2024-09-11 01:14:16,031 [INFO] CodeEngine:255 - oldGeneratedFile, C:\Users\USER\STM32CubeIDE\workspace_1.16.0\lab06next\Core\Inc\usart.h_save
2024-09-11 01:14:16,162 [INFO] CodeEngine:279 - Generated code: C:\Users\USER\STM32CubeIDE\workspace_1.16.0\lab06next\Core\Inc\usart.h
2024-09-11 01:14:16,208 [INFO] CodeEngine:255 - oldGeneratedFile, C:\Users\USER\STM32CubeIDE\workspace_1.16.0\lab06next\Core\Src\stm32f7xx_it.c_save
2024-09-11 01:14:16,542 [INFO] CodeEngine:279 - Generated code: C:\Users\USER\STM32CubeIDE\workspace_1.16.0\lab06next\Core\Src\stm32f7xx_it.c
2024-09-11 01:14:16,570 [INFO] CodeEngine:255 - oldGeneratedFile, C:\Users\USER\STM32CubeIDE\workspace_1.16.0\lab06next\Core\Inc\stm32f7xx_it.h_save
2024-09-11 01:14:16,710 [INFO] CodeEngine:279 - Generated code: C:\Users\USER\STM32CubeIDE\workspace_1.16.0\lab06next\Core\Inc\stm32f7xx_it.h
2024-09-11 01:14:16,768 [INFO] CodeEngine:255 - oldGeneratedFile, C:\Users\USER\STM32CubeIDE\workspace_1.16.0\lab06next\Core\Src\stm32f7xx_hal_msp.c_save
2024-09-11 01:14:16,938 [INFO] CodeEngine:279 - Generated code: C:\Users\USER\STM32CubeIDE\workspace_1.16.0\lab06next\Core\Src\stm32f7xx_hal_msp.c
2024-09-11 01:14:16,953 [INFO] CodeEngine:255 - oldGeneratedFile, C:\Users\USER\STM32CubeIDE\workspace_1.16.0\lab06next\MXTmpFiles\system.tmp_save
2024-09-11 01:14:17,085 [INFO] CodeEngine:279 - Generated code: C:\Users\USER\STM32CubeIDE\workspace_1.16.0\lab06next\MXTmpFiles\system.tmp
2024-09-11 01:14:17,123 [INFO] CodeEngine:311 - oldGeneratedFile, C:\Users\USER\STM32CubeIDE\workspace_1.16.0\lab06next\Core\Inc\stm32f7xx_hal_conf.h_save
2024-09-11 01:14:17,308 [INFO] CodeEngine:335 - Generated code: C:\Users\USER\STM32CubeIDE\workspace_1.16.0\lab06next\Core\Inc\stm32f7xx_hal_conf.h
2024-09-11 01:14:17,393 [INFO] CodeEngine:255 - oldGeneratedFile, C:\Users\USER\STM32CubeIDE\workspace_1.16.0\lab06next\Core\Inc\main.h_save
2024-09-11 01:14:17,568 [INFO] CodeEngine:279 - Generated code: C:\Users\USER\STM32CubeIDE\workspace_1.16.0\lab06next\Core\Inc\main.h
2024-09-11 01:14:17,600 [INFO] CodeEngine:255 - oldGeneratedFile, C:\Users\USER\STM32CubeIDE\workspace_1.16.0\lab06next\Core\Src\main.c_save
2024-09-11 01:14:17,793 [INFO] CodeEngine:279 - Generated code: C:\Users\USER\STM32CubeIDE\workspace_1.16.0\lab06next\Core\Src\main.c
2024-09-11 01:14:18,539 [INFO] ProjectBuilder:3249 - Time for Copy HAL[1] : 342mS.
2024-09-11 01:14:18,545 [INFO] ProjectBuilder:4828 - Project Generator version: 4.4.0-B60
2024-09-11 01:14:18,679 [INFO] ConfigFileManager:1531 - The Die is : DIE451
2024-09-11 01:14:20,072 [INFO] ProjectBuilder:5097 - Time for Generating toolchain IDE Files: 1527mS.
2024-09-11 01:14:20,074 [INFO] ProjectBuilder:3107 - Time for Copy CMSIS : 1mS.
2024-09-11 01:14:20,079 [INFO] ProjectBuilder:3107 - Time for Copy CMSIS : 0mS.
