2024-10-08 00:02:39,450 [INFO] ADCParametersView:116 -                Rank 1 : false
2024-10-08 00:02:39,468 [INFO] ADCParametersView:116 -                Rank 1 : false
2024-10-08 00:02:39,468 [INFO] ADCParametersView:116 -                Rank 1 : false
2024-10-08 00:02:39,468 [INFO] ADCParametersView:116 -                Rank 1 : false
2024-10-08 00:02:39,468 [INFO] ADCParametersView:116 -                Rank 1 : false
2024-10-08 00:02:39,468 [INFO] ADCParametersView:116 -                Rank 1 : false
2024-10-08 00:02:39,468 [INFO] ADCParametersView:116 -                Rank 1 : false
2024-10-08 00:02:39,468 [INFO] ADCParametersView:116 -                Rank 1 : false
2024-10-08 00:02:39,468 [INFO] ADCParametersView:116 -                Rank 1 : false
2024-10-08 00:02:39,468 [INFO] ADCParametersView:116 -                Rank 1 : false
2024-10-08 00:02:39,468 [INFO] ADCParametersView:116 -                Rank 1 : false
2024-10-08 00:02:39,468 [INFO] ADCParametersView:116 -                Rank 1 : false
2024-10-08 00:02:39,468 [INFO] ADCParametersView:116 -                Rank 1 : false
2024-10-08 00:02:39,468 [INFO] ADCParametersView:116 -                Rank 1 : false
2024-10-08 00:02:39,498 [INFO] ADCParametersView:116 -                Rank 1 : false
2024-10-08 00:02:39,546 [INFO] ADCParametersView:116 -                Rank 1 : false
2024-10-08 00:02:39,547 [INFO] ADCParametersView:116 -                Rank 1 : false
2024-10-08 00:02:39,547 [INFO] ADCParametersView:116 -                Rank 1 : false
2024-10-08 00:02:39,547 [INFO] ADCParametersView:116 -                Rank 1 : false
2024-10-08 00:02:39,547 [INFO] ADCParametersView:116 -                Rank 1 : false
2024-10-08 00:02:39,547 [INFO] ADCParametersView:116 -                Rank 1 : false
2024-10-08 00:02:39,547 [INFO] ADCParametersView:116 -                Rank 1 : false
2024-10-08 00:02:39,547 [INFO] ADCParametersView:116 -                Rank 1 : false
2024-10-08 00:02:39,547 [INFO] ADCParametersView:116 -                Rank 1 : false
2024-10-08 00:02:39,547 [INFO] ADCParametersView:116 -                Rank 1 : false
2024-10-08 00:02:39,547 [INFO] ADCParametersView:116 -                Rank 1 : false
2024-10-08 00:02:39,547 [INFO] ADCParametersView:116 -                Rank 1 : false
2024-10-08 00:02:39,547 [INFO] ADCParametersView:116 -                Rank 1 : false
2024-10-08 00:02:39,547 [INFO] ADCParametersView:116 -                Rank 1 : false
2024-10-08 00:02:39,582 [INFO] ADCParametersView:116 -                Rank 1 : false
2024-10-08 00:02:55,028 [INFO] NvicIntPanel:101 - NVIC parent = com.st.microxplorer.plugins.ip.nvic.MultiNvicIntPanel[,0,0,0x0,invalid,layout=javax.swing.BoxLayout,alignmentX=0.0,alignmentY=0.0,border=,flags=9,maximumSize=,minimumSize=,preferredSize=]
2024-10-08 00:02:59,040 [INFO] ADCParametersView:116 -                Rank 1 : false
2024-10-08 00:02:59,040 [INFO] ADCParametersView:116 -                Rank 1 : false
2024-10-08 00:02:59,040 [INFO] ADCParametersView:116 -                Rank 1 : false
2024-10-08 00:02:59,041 [INFO] ADCParametersView:116 -                Rank 1 : false
2024-10-08 00:02:59,041 [INFO] ADCParametersView:116 -                Rank 1 : false
2024-10-08 00:02:59,041 [INFO] ADCParametersView:116 -                Rank 1 : false
2024-10-08 00:02:59,041 [INFO] ADCParametersView:116 -                Rank 1 : false
2024-10-08 00:02:59,041 [INFO] ADCParametersView:116 -                Rank 1 : false
2024-10-08 00:02:59,041 [INFO] ADCParametersView:116 -                Rank 1 : false
2024-10-08 00:02:59,041 [INFO] ADCParametersView:116 -                Rank 1 : false
2024-10-08 00:02:59,041 [INFO] ADCParametersView:116 -                Rank 1 : false
2024-10-08 00:02:59,041 [INFO] ADCParametersView:116 -                Rank 1 : false
2024-10-08 00:02:59,041 [INFO] ADCParametersView:116 -                Rank 1 : false
2024-10-08 00:02:59,041 [INFO] ADCParametersView:116 -                Rank 1 : false
2024-10-08 00:02:59,070 [INFO] ADCParametersView:116 -                Rank 1 : false
2024-10-08 00:02:59,109 [INFO] ADCParametersView:116 -                Rank 1 : false
2024-10-08 00:02:59,109 [INFO] ADCParametersView:116 -                Rank 1 : false
2024-10-08 00:02:59,110 [INFO] ADCParametersView:116 -                Rank 1 : false
2024-10-08 00:02:59,110 [INFO] ADCParametersView:116 -                Rank 1 : false
2024-10-08 00:02:59,110 [INFO] ADCParametersView:116 -                Rank 1 : false
2024-10-08 00:02:59,110 [INFO] ADCParametersView:116 -                Rank 1 : false
2024-10-08 00:02:59,110 [INFO] ADCParametersView:116 -                Rank 1 : false
2024-10-08 00:02:59,110 [INFO] ADCParametersView:116 -                Rank 1 : false
2024-10-08 00:02:59,110 [INFO] ADCParametersView:116 -                Rank 1 : false
2024-10-08 00:02:59,110 [INFO] ADCParametersView:116 -                Rank 1 : false
2024-10-08 00:02:59,110 [INFO] ADCParametersView:116 -                Rank 1 : false
2024-10-08 00:02:59,110 [INFO] ADCParametersView:116 -                Rank 1 : false
2024-10-08 00:02:59,110 [INFO] ADCParametersView:116 -                Rank 1 : false
2024-10-08 00:02:59,110 [INFO] ADCParametersView:116 -                Rank 1 : false
2024-10-08 00:02:59,139 [INFO] ADCParametersView:116 -                Rank 1 : false
2024-10-08 00:03:20,152 [INFO] NvicIntPanel:101 - NVIC parent = com.st.microxplorer.plugins.ip.nvic.MultiNvicIntPanel[,0,0,746x390,layout=javax.swing.BoxLayout,alignmentX=0.0,alignmentY=0.0,border=,flags=9,maximumSize=,minimumSize=,preferredSize=]
2024-10-08 00:03:26,675 [INFO] Gpio:277 - dependency for GPIO [ADC1, TIM2]
2024-10-08 00:04:41,100 [INFO] UtilMem:75 - End SaveConfig() Used Memory: 870828824 Bytes (1073741824)
2024-10-08 00:04:41,939 [INFO] UtilMem:75 - End SaveConfig() Used Memory: 905434504 Bytes (1073741824)
2024-10-08 00:04:42,871 [INFO] UtilMem:75 - End SaveConfig() Used Memory: 897828472 Bytes (1073741824)
2024-10-08 00:04:42,991 [INFO] BlockDiagram:2766 - set Specific Code input for plugin: TIM1_8F77
2024-10-08 00:04:42,991 [INFO] BlockDiagram:2766 - set Specific Code input for plugin: SYS
2024-10-08 00:04:42,991 [INFO] BlockDiagram:2766 - set Specific Code input for plugin: ADC
2024-10-08 00:04:42,991 [INFO] BlockDiagram:2766 - set Specific Code input for plugin: RCC
2024-10-08 00:04:42,991 [INFO] BlockDiagram:2766 - set Specific Code input for plugin: NVIC
2024-10-08 00:04:42,991 [INFO] BlockDiagram:2766 - set Specific Code input for plugin: USART
2024-10-08 00:04:42,991 [INFO] BlockDiagram:2766 - set Specific Code input for plugin: CORTEX_M7
2024-10-08 00:04:42,991 [INFO] BlockDiagram:2766 - set Specific Code input for plugin: DMA
2024-10-08 00:04:42,991 [INFO] BlockDiagram:2766 - set Specific Code input for plugin: GPIO
2024-10-08 00:04:42,992 [INFO] CodeGenerator:807 - code generatio: config db path: C:\ST\STM32CubeIDE_1.16.0\STM32CubeIDE\plugins\com.st.stm32cube.common.mx_6.12.0.202406281431\\db\
2024-10-08 00:04:43,098 [INFO] CodeEngine:255 - oldGeneratedFile, C:\Users\USER\STM32CubeIDE\workspace_1.16.0\test10\MXTmpFiles\license.tmp_save
2024-10-08 00:04:43,189 [INFO] CodeEngine:279 - Generated code: C:\Users\USER\STM32CubeIDE\workspace_1.16.0\test10\MXTmpFiles\license.tmp
2024-10-08 00:04:43,242 [INFO] CodeEngine:255 - oldGeneratedFile, C:\Users\USER\STM32CubeIDE\workspace_1.16.0\test10\Core\Src\gpio.c_save
2024-10-08 00:04:43,368 [INFO] CodeEngine:279 - Generated code: C:\Users\USER\STM32CubeIDE\workspace_1.16.0\test10\Core\Src\gpio.c
2024-10-08 00:04:43,372 [INFO] CodeEngine:255 - oldGeneratedFile, C:\Users\USER\STM32CubeIDE\workspace_1.16.0\test10\Core\Inc\gpio.h_save
2024-10-08 00:04:43,451 [INFO] CodeEngine:279 - Generated code: C:\Users\USER\STM32CubeIDE\workspace_1.16.0\test10\Core\Inc\gpio.h
2024-10-08 00:04:43,612 [INFO] CodeEngine:255 - oldGeneratedFile, C:\Users\USER\STM32CubeIDE\workspace_1.16.0\test10\Core\Src\adc.c_save
2024-10-08 00:04:43,736 [INFO] CodeEngine:279 - Generated code: C:\Users\USER\STM32CubeIDE\workspace_1.16.0\test10\Core\Src\adc.c
2024-10-08 00:04:43,740 [INFO] CodeEngine:255 - oldGeneratedFile, C:\Users\USER\STM32CubeIDE\workspace_1.16.0\test10\Core\Inc\adc.h_save
2024-10-08 00:04:43,823 [INFO] CodeEngine:279 - Generated code: C:\Users\USER\STM32CubeIDE\workspace_1.16.0\test10\Core\Inc\adc.h
2024-10-08 00:04:43,830 [INFO] CodeEngine:255 - oldGeneratedFile, C:\Users\USER\STM32CubeIDE\workspace_1.16.0\test10\MXTmpFiles\cortex.tmp_save
2024-10-08 00:04:43,914 [INFO] CodeEngine:279 - Generated code: C:\Users\USER\STM32CubeIDE\workspace_1.16.0\test10\MXTmpFiles\cortex.tmp
2024-10-08 00:04:43,941 [INFO] CodeEngine:255 - oldGeneratedFile, C:\Users\USER\STM32CubeIDE\workspace_1.16.0\test10\Core\Src\dma.c_save
2024-10-08 00:04:44,027 [INFO] CodeEngine:279 - Generated code: C:\Users\USER\STM32CubeIDE\workspace_1.16.0\test10\Core\Src\dma.c
2024-10-08 00:04:44,038 [INFO] CodeEngine:255 - oldGeneratedFile, C:\Users\USER\STM32CubeIDE\workspace_1.16.0\test10\Core\Inc\dma.h_save
2024-10-08 00:04:44,123 [INFO] CodeEngine:279 - Generated code: C:\Users\USER\STM32CubeIDE\workspace_1.16.0\test10\Core\Inc\dma.h
2024-10-08 00:04:44,133 [INFO] CodeEngine:255 - oldGeneratedFile, C:\Users\USER\STM32CubeIDE\workspace_1.16.0\test10\Core\Src\tim.c_save
2024-10-08 00:04:44,240 [INFO] CodeEngine:279 - Generated code: C:\Users\USER\STM32CubeIDE\workspace_1.16.0\test10\Core\Src\tim.c
2024-10-08 00:04:44,243 [INFO] CodeEngine:255 - oldGeneratedFile, C:\Users\USER\STM32CubeIDE\workspace_1.16.0\test10\Core\Inc\tim.h_save
2024-10-08 00:04:44,312 [INFO] CodeEngine:279 - Generated code: C:\Users\USER\STM32CubeIDE\workspace_1.16.0\test10\Core\Inc\tim.h
2024-10-08 00:04:44,322 [INFO] CodeEngine:255 - oldGeneratedFile, C:\Users\USER\STM32CubeIDE\workspace_1.16.0\test10\Core\Src\usart.c_save
2024-10-08 00:04:44,426 [INFO] CodeEngine:279 - Generated code: C:\Users\USER\STM32CubeIDE\workspace_1.16.0\test10\Core\Src\usart.c
2024-10-08 00:04:44,429 [INFO] CodeEngine:255 - oldGeneratedFile, C:\Users\USER\STM32CubeIDE\workspace_1.16.0\test10\Core\Inc\usart.h_save
2024-10-08 00:04:44,504 [INFO] CodeEngine:279 - Generated code: C:\Users\USER\STM32CubeIDE\workspace_1.16.0\test10\Core\Inc\usart.h
2024-10-08 00:04:44,524 [INFO] CodeEngine:255 - oldGeneratedFile, C:\Users\USER\STM32CubeIDE\workspace_1.16.0\test10\Core\Src\stm32f7xx_it.c_save
2024-10-08 00:04:44,707 [INFO] CodeEngine:279 - Generated code: C:\Users\USER\STM32CubeIDE\workspace_1.16.0\test10\Core\Src\stm32f7xx_it.c
2024-10-08 00:04:44,722 [INFO] CodeEngine:255 - oldGeneratedFile, C:\Users\USER\STM32CubeIDE\workspace_1.16.0\test10\Core\Inc\stm32f7xx_it.h_save
2024-10-08 00:04:44,795 [INFO] CodeEngine:279 - Generated code: C:\Users\USER\STM32CubeIDE\workspace_1.16.0\test10\Core\Inc\stm32f7xx_it.h
2024-10-08 00:04:44,819 [INFO] CodeEngine:255 - oldGeneratedFile, C:\Users\USER\STM32CubeIDE\workspace_1.16.0\test10\Core\Src\stm32f7xx_hal_msp.c_save
2024-10-08 00:04:44,929 [INFO] CodeEngine:279 - Generated code: C:\Users\USER\STM32CubeIDE\workspace_1.16.0\test10\Core\Src\stm32f7xx_hal_msp.c
2024-10-08 00:04:44,933 [INFO] CodeEngine:255 - oldGeneratedFile, C:\Users\USER\STM32CubeIDE\workspace_1.16.0\test10\MXTmpFiles\system.tmp_save
2024-10-08 00:04:45,026 [INFO] CodeEngine:279 - Generated code: C:\Users\USER\STM32CubeIDE\workspace_1.16.0\test10\MXTmpFiles\system.tmp
2024-10-08 00:04:45,049 [INFO] CodeEngine:311 - oldGeneratedFile, C:\Users\USER\STM32CubeIDE\workspace_1.16.0\test10\Core\Inc\stm32f7xx_hal_conf.h_save
2024-10-08 00:04:45,158 [INFO] CodeEngine:335 - Generated code: C:\Users\USER\STM32CubeIDE\workspace_1.16.0\test10\Core\Inc\stm32f7xx_hal_conf.h
2024-10-08 00:04:45,203 [INFO] CodeEngine:255 - oldGeneratedFile, C:\Users\USER\STM32CubeIDE\workspace_1.16.0\test10\Core\Inc\main.h_save
2024-10-08 00:04:45,289 [INFO] CodeEngine:279 - Generated code: C:\Users\USER\STM32CubeIDE\workspace_1.16.0\test10\Core\Inc\main.h
2024-10-08 00:04:45,302 [INFO] CodeEngine:255 - oldGeneratedFile, C:\Users\USER\STM32CubeIDE\workspace_1.16.0\test10\Core\Src\main.c_save
2024-10-08 00:04:45,402 [INFO] CodeEngine:279 - Generated code: C:\Users\USER\STM32CubeIDE\workspace_1.16.0\test10\Core\Src\main.c
2024-10-08 00:04:45,683 [INFO] ProjectBuilder:3249 - Time for Copy HAL[1] : 154mS.
2024-10-08 00:04:45,685 [INFO] ProjectBuilder:4828 - Project Generator version: 4.4.0-B60
2024-10-08 00:04:45,755 [INFO] ConfigFileManager:1531 - The Die is : DIE451
2024-10-08 00:04:46,366 [INFO] ProjectBuilder:5097 - Time for Generating toolchain IDE Files: 681mS.
2024-10-08 00:04:46,367 [INFO] ProjectBuilder:3107 - Time for Copy CMSIS : 0mS.
2024-10-08 00:04:46,369 [INFO] ProjectBuilder:3107 - Time for Copy CMSIS : 0mS.
