2024-08-22 09:59:45,604 [INFO] Activator:176 - 


2024-08-22 09:59:45,614 [INFO] Activator:177 - !SESSION log4j initialized
2024-08-22 09:59:58,374 [INFO] LogOutputStream:77 - [STDOUT_REDIRECT] 
2024-08-22 10:00:03,688 [INFO] ApplicationProperties:184 - Using Application install path: C:\ST\STM32CubeIDE_1.16.0\STM32CubeIDE\plugins\com.st.stm32cube.common.mx_6.12.0.202406281431
2024-08-22 10:00:03,728 [INFO] DbMcusXml:78 - Set database path to: C:\ST\STM32CubeIDE_1.16.0\STM32CubeIDE\plugins\com.st.stm32cube.common.mx_6.12.0.202406281431\\db\/mcu/
2024-08-22 10:00:03,729 [INFO] ApiDb:274 - Set plugin database path to: C:\ST\STM32CubeIDE_1.16.0\STM32CubeIDE\plugins\com.st.stm32cube.common.mx_6.12.0.202406281431\\db\/plugins/boardmanager/
2024-08-22 10:00:03,730 [WARN] ApiDb:259 - Overriding images path with different value:  => C:\ST\STM32CubeIDE_1.16.0\STM32CubeIDE\plugins\com.st.stm32cube.common.mx_6.12.0.202406281431\\db\/plugins/mcufinder/images/
2024-08-22 10:00:03,747 [INFO] ApiDb:250 - Set database path to: C:\Users\USER\.stmcufinder\plugins\mcufinder//mcu/
2024-08-22 10:00:03,750 [INFO] DbMcusAds:125 - Set database path to: C:\Users\USER\.stmcufinder\plugins\mcufinder//mcu/
2024-08-22 10:00:03,756 [INFO] CrossReferenceDbSqlite:203 - Set database path to: C:\Users\USER\.stmcufinder\plugins\mcufinder//mcu/cs/
2024-08-22 10:00:03,989 [INFO] RulesReader:64 - Compatibility file has been processed (297 Rules)
2024-08-22 10:00:04,180 [INFO] DbMcusXml:78 - Set database path to: C:\ST\STM32CubeIDE_1.16.0\STM32CubeIDE\plugins\com.st.stm32cube.common.mx_6.12.0.202406281431\\db\/mcu/
2024-08-22 10:00:04,180 [INFO] ApiDb:274 - Set plugin database path to: C:\ST\STM32CubeIDE_1.16.0\STM32CubeIDE\plugins\com.st.stm32cube.common.mx_6.12.0.202406281431\\db\/plugins/boardmanager/
2024-08-22 10:00:04,181 [INFO] ApiDb:261 - Set plugin images path to: C:\ST\STM32CubeIDE_1.16.0\STM32CubeIDE\plugins\com.st.stm32cube.common.mx_6.12.0.202406281431\\db\/plugins/mcufinder/images/
2024-08-22 10:00:04,181 [WARN] DbFile:41 - Overriding database path with different value: C:\Users\USER\.stmcufinder\plugins\mcufinder/ => C:\Users\USER\.stmcufinder\plugins\mcufinder
2024-08-22 10:00:04,181 [INFO] ApiDb:250 - Set database path to: C:\Users\USER\.stmcufinder\plugins\mcufinder//mcu/
2024-08-22 10:00:04,182 [WARN] DbFile:41 - Overriding database path with different value: C:\Users\USER\.stmcufinder\plugins\mcufinder/ => C:\Users\USER\.stmcufinder\plugins\mcufinder
2024-08-22 10:00:04,182 [INFO] DbMcusAds:125 - Set database path to: C:\Users\USER\.stmcufinder\plugins\mcufinder//mcu/
2024-08-22 10:00:04,182 [WARN] DbFile:41 - Overriding database path with different value: C:\Users\USER\.stmcufinder\plugins\mcufinder/ => C:\Users\USER\.stmcufinder\plugins\mcufinder
2024-08-22 10:00:04,182 [WARN] DbFile:41 - Overriding database path with different value: C:\Users\USER\.stmcufinder\plugins\mcufinder/ => C:\Users\USER\.stmcufinder\plugins\mcufinder
2024-08-22 10:00:04,183 [INFO] CrossReferenceDbSqlite:203 - Set database path to: C:\Users\USER\.stmcufinder\plugins\mcufinder//mcu/cs/
2024-08-22 10:00:04,368 [INFO] MainPanel:268 - HeapMemory: 268435456
2024-08-22 10:00:04,603 [INFO] DbMcusXml:78 - Set database path to: C:\ST\STM32CubeIDE_1.16.0\STM32CubeIDE\plugins\com.st.stm32cube.common.mx_6.12.0.202406281431\\db\/mcu/
2024-08-22 10:00:04,603 [INFO] ApiDb:274 - Set plugin database path to: C:\ST\STM32CubeIDE_1.16.0\STM32CubeIDE\plugins\com.st.stm32cube.common.mx_6.12.0.202406281431\\db\/plugins/boardmanager/
2024-08-22 10:00:04,603 [INFO] ApiDb:261 - Set plugin images path to: C:\ST\STM32CubeIDE_1.16.0\STM32CubeIDE\plugins\com.st.stm32cube.common.mx_6.12.0.202406281431\\db\/plugins/mcufinder/images/
2024-08-22 10:00:04,604 [WARN] DbFile:41 - Overriding database path with different value: C:\Users\USER\.stmcufinder\plugins\mcufinder/ => C:\Users\USER\.stmcufinder\plugins\mcufinder
2024-08-22 10:00:04,604 [INFO] ApiDb:250 - Set database path to: C:\Users\USER\.stmcufinder\plugins\mcufinder//mcu/
2024-08-22 10:00:04,604 [WARN] DbFile:41 - Overriding database path with different value: C:\Users\USER\.stmcufinder\plugins\mcufinder/ => C:\Users\USER\.stmcufinder\plugins\mcufinder
2024-08-22 10:00:04,604 [INFO] DbMcusAds:125 - Set database path to: C:\Users\USER\.stmcufinder\plugins\mcufinder//mcu/
2024-08-22 10:00:04,605 [WARN] DbFile:41 - Overriding database path with different value: C:\Users\USER\.stmcufinder\plugins\mcufinder/ => C:\Users\USER\.stmcufinder\plugins\mcufinder
2024-08-22 10:00:04,605 [WARN] DbFile:41 - Overriding database path with different value: C:\Users\USER\.stmcufinder\plugins\mcufinder/ => C:\Users\USER\.stmcufinder\plugins\mcufinder
2024-08-22 10:00:04,605 [INFO] CrossReferenceDbSqlite:203 - Set database path to: C:\Users\USER\.stmcufinder\plugins\mcufinder//mcu/cs/
2024-08-22 10:00:04,642 [INFO] ApplicationProperties:184 - Using Application install path: C:\ST\STM32CubeIDE_1.16.0\STM32CubeIDE\plugins\com.st.stm32cube.common.mx_6.12.0.202406281431
2024-08-22 10:00:04,644 [INFO] PluginManage:196 - Search for loadable plugins [exclusion list=, ]
2024-08-22 10:00:04,648 [INFO] PluginManage:310 - Check plugin analytics
2024-08-22 10:00:04,993 [INFO] AnalyticsPlugin:253 - Accepted Software Licenses: 
2024-08-22 10:00:04,993 [INFO] AnalyticsPlugin:255 - Accepted CMSIS Pack Licenses: 
2024-08-22 10:00:04,994 [INFO] AnalyticsPlugin:257 - Accepted Firmware Licenses: FW.F7.1.17.0
2024-08-22 10:00:05,000 [INFO] PluginManage:359 - Loaded plugin analytics (category:tool,tabindex:-1)
2024-08-22 10:00:05,001 [INFO] PluginManage:310 - Check plugin cadmodel
2024-08-22 10:00:05,030 [INFO] CADModel:105 - Init CAD model plugin
2024-08-22 10:00:05,031 [INFO] PluginManage:359 - Loaded plugin cadmodel (category:power,tabindex:5)
2024-08-22 10:00:05,031 [INFO] PluginManage:310 - Check plugin clock
2024-08-22 10:00:05,067 [INFO] PluginManage:359 - Loaded plugin clock (category:base,tabindex:2)
2024-08-22 10:00:05,067 [INFO] PluginManage:310 - Check plugin ddr
2024-08-22 10:00:05,072 [INFO] PluginManage:359 - Loaded plugin ddr (category:tool,tabindex:6)
2024-08-22 10:00:05,072 [INFO] PluginManage:310 - Check plugin filemanager
2024-08-22 10:00:05,348 [INFO] PluginManage:359 - Loaded plugin filemanager (category:base,tabindex:10)
2024-08-22 10:00:05,348 [INFO] PluginManage:310 - Check plugin ipmanager
2024-08-22 10:00:05,363 [INFO] PluginManage:359 - Loaded plugin ipmanager (category:base,tabindex:5)
2024-08-22 10:00:05,364 [INFO] PluginManage:310 - Check plugin lpbam
2024-08-22 10:00:05,404 [INFO] PluginManage:359 - Loaded plugin lpbam (category:base,tabindex:0)
2024-08-22 10:00:05,404 [INFO] PluginManage:310 - Check plugin memorymap
2024-08-22 10:00:05,453 [INFO] PluginManage:359 - Loaded plugin memorymap (category:base,tabindex:4)
2024-08-22 10:00:05,453 [INFO] PluginManage:310 - Check plugin pinoutandconfiguration
2024-08-22 10:00:05,485 [INFO] PluginManage:359 - Loaded plugin pinoutandconfiguration (category:base,tabindex:1)
2024-08-22 10:00:05,487 [INFO] PluginManage:310 - Check plugin pinoutconfig
2024-08-22 10:00:05,681 [WARN] SupportedApi:132 - Cannot load RTOS API schema: s4s-elt-must-match.1: The content of 'definitions' must match (annotation?, (simpleType | complexType)?, (unique | key | keyref)*)). A problem was found starting at: attribute.
2024-08-22 10:00:05,954 [INFO] PluginManage:359 - Loaded plugin pinoutconfig (category:base,tabindex:0)
2024-08-22 10:00:05,955 [INFO] PluginManage:310 - Check plugin power
2024-08-22 10:00:05,995 [INFO] PluginManage:359 - Loaded plugin power (category:power,tabindex:4)
2024-08-22 10:00:05,996 [INFO] PluginManage:310 - Check plugin projectmanager
2024-08-22 10:00:06,031 [INFO] PluginManage:359 - Loaded plugin projectmanager (category:projectmanager,tabindex:4)
2024-08-22 10:00:06,032 [INFO] PluginManage:310 - Check plugin rif
2024-08-22 10:00:06,060 [INFO] PluginManage:359 - Loaded plugin rif (category:base,tabindex:3)
2024-08-22 10:00:06,060 [INFO] PluginManage:310 - Check plugin thirdparty
2024-08-22 10:00:06,593 [INFO] PluginManage:359 - Loaded plugin thirdparty (category:base,tabindex:-1)
2024-08-22 10:00:06,593 [WARN] IntegrityCheckThread:84 - waiting for thirdparty lock release [integrity check]
2024-08-22 10:00:06,594 [INFO] IntegrityCheckThread:86 - entering critical section [integrity check]
2024-08-22 10:00:06,594 [INFO] PluginManage:310 - Check plugin tools
2024-08-22 10:00:06,595 [INFO] ThirdPartyUpdaterWithRetryManager:70 - Updater plugin not ready yet. [1/15]
2024-08-22 10:00:06,662 [INFO] PluginManage:359 - Loaded plugin tools (category:base,tabindex:7)
2024-08-22 10:00:06,662 [INFO] PluginManage:310 - Check plugin tutovideos
2024-08-22 10:00:07,087 [INFO] PluginManage:359 - Loaded plugin tutovideos (category:base,tabindex:-1)
2024-08-22 10:00:07,088 [INFO] PluginManage:310 - Check plugin updater
2024-08-22 10:00:07,131 [INFO] PluginManage:359 - Loaded plugin updater (category:base,tabindex:12)
2024-08-22 10:00:07,132 [INFO] PluginManage:310 - Check plugin userauth
2024-08-22 10:00:07,144 [INFO] UserAuth:113 - Init User Auth plugin
2024-08-22 10:00:07,144 [INFO] PluginManage:359 - Loaded plugin userauth (category:base,tabindex:14)
2024-08-22 10:00:07,145 [INFO] PluginManage:283 - PluginManage : Loaded plugins [18]
2024-08-22 10:00:07,616 [INFO] PinOutPanel:1561 - setPackage(No Configuration,No Configuration)
2024-08-22 10:00:07,796 [INFO] CADModel:165 - CPN selected for project level
2024-08-22 10:00:07,797 [INFO] CADModel:114 - Register for checkConnection events
2024-08-22 10:00:07,852 [INFO] IPUIPlugin:80 - create IPUIPlugin
2024-08-22 10:00:07,853 [INFO] PluginManager:220 - loadIPPluginJar : add adc
2024-08-22 10:00:07,924 [INFO] IPUIPlugin:80 - create IPUIPlugin
2024-08-22 10:00:07,924 [INFO] PluginManager:220 - loadIPPluginJar : add aes
2024-08-22 10:00:08,001 [INFO] IPUIPlugin:80 - create IPUIPlugin
2024-08-22 10:00:08,001 [INFO] PluginManager:220 - loadIPPluginJar : add can
2024-08-22 10:00:08,044 [INFO] IPUIPlugin:80 - create IPUIPlugin
2024-08-22 10:00:08,044 [INFO] PluginManager:220 - loadIPPluginJar : add comp
2024-08-22 10:00:08,109 [INFO] IPUIPlugin:80 - create IPUIPlugin
2024-08-22 10:00:08,109 [INFO] PluginManager:220 - loadIPPluginJar : add cryp
2024-08-22 10:00:08,131 [INFO] IPUIPlugin:80 - create IPUIPlugin
2024-08-22 10:00:08,132 [INFO] PluginManager:220 - loadIPPluginJar : add ddr_ctrl_phy
2024-08-22 10:00:08,195 [INFO] IPUIPlugin:80 - create IPUIPlugin
2024-08-22 10:00:08,195 [INFO] PluginManager:220 - loadIPPluginJar : add dfsdm
2024-08-22 10:00:08,226 [INFO] IPUIPlugin:80 - create IPUIPlugin
2024-08-22 10:00:08,227 [INFO] PluginManager:220 - loadIPPluginJar : add dma
2024-08-22 10:00:08,315 [INFO] IPUIPlugin:80 - create IPUIPlugin
2024-08-22 10:00:08,315 [INFO] PluginManager:220 - loadIPPluginJar : add dma3
2024-08-22 10:00:08,402 [INFO] IPUIPlugin:80 - create IPUIPlugin
2024-08-22 10:00:08,402 [INFO] PluginManager:220 - loadIPPluginJar : add extmemmanager
2024-08-22 10:00:08,441 [INFO] IPUIPlugin:80 - create IPUIPlugin
2024-08-22 10:00:08,442 [INFO] PluginManager:220 - loadIPPluginJar : add fatfs
2024-08-22 10:00:08,533 [INFO] IPUIPlugin:80 - create IPUIPlugin
2024-08-22 10:00:08,533 [INFO] PluginManager:220 - loadIPPluginJar : add fmc
2024-08-22 10:00:08,562 [INFO] IPUIPlugin:80 - create IPUIPlugin
2024-08-22 10:00:08,563 [INFO] PluginManager:220 - loadIPPluginJar : add freertos
2024-08-22 10:00:08,602 [INFO] IPUIPlugin:80 - create IPUIPlugin
2024-08-22 10:00:08,602 [INFO] PluginManager:220 - loadIPPluginJar : add genericplugin
2024-08-22 10:00:08,793 [INFO] IPUIPlugin:80 - create IPUIPlugin
2024-08-22 10:00:08,794 [INFO] PluginManager:220 - loadIPPluginJar : add gfxmmu
2024-08-22 10:00:09,086 [INFO] IPUIPlugin:80 - create IPUIPlugin
2024-08-22 10:00:09,086 [INFO] PluginManager:220 - loadIPPluginJar : add gic
2024-08-22 10:00:09,113 [INFO] IPUIPlugin:80 - create IPUIPlugin
2024-08-22 10:00:09,113 [INFO] PluginManager:220 - loadIPPluginJar : add gpio
2024-08-22 10:00:09,290 [INFO] IPUIPlugin:80 - create IPUIPlugin
2024-08-22 10:00:09,290 [INFO] PluginManager:220 - loadIPPluginJar : add gtzc
2024-08-22 10:00:09,357 [INFO] IPUIPlugin:80 - create IPUIPlugin
2024-08-22 10:00:09,357 [INFO] PluginManager:220 - loadIPPluginJar : add hash
2024-08-22 10:00:09,459 [INFO] IPUIPlugin:80 - create IPUIPlugin
2024-08-22 10:00:09,460 [INFO] PluginManager:220 - loadIPPluginJar : add i2c
2024-08-22 10:00:09,536 [INFO] IPUIPlugin:80 - create IPUIPlugin
2024-08-22 10:00:09,536 [INFO] PluginManager:220 - loadIPPluginJar : add i2s
2024-08-22 10:00:09,596 [INFO] ThirdPartyUpdaterWithRetryManager:70 - Updater plugin not ready yet. [2/15]
2024-08-22 10:00:09,617 [INFO] IPUIPlugin:80 - create IPUIPlugin
2024-08-22 10:00:09,618 [INFO] PluginManager:220 - loadIPPluginJar : add i3c
2024-08-22 10:00:09,818 [INFO] IPUIPlugin:80 - create IPUIPlugin
2024-08-22 10:00:09,818 [INFO] PluginManager:220 - loadIPPluginJar : add ipddr
2024-08-22 10:00:10,009 [INFO] IPUIPlugin:80 - create IPUIPlugin
2024-08-22 10:00:10,010 [INFO] PluginManager:220 - loadIPPluginJar : add linkedlist
2024-08-22 10:00:10,080 [INFO] IPUIPlugin:80 - create IPUIPlugin
2024-08-22 10:00:10,080 [INFO] PluginManager:220 - loadIPPluginJar : add lorawan
2024-08-22 10:00:10,152 [INFO] IPUIPlugin:80 - create IPUIPlugin
2024-08-22 10:00:10,152 [INFO] PluginManager:220 - loadIPPluginJar : add ltdc
2024-08-22 10:00:10,180 [INFO] IPUIPlugin:80 - create IPUIPlugin
2024-08-22 10:00:10,182 [INFO] PluginManager:220 - loadIPPluginJar : add mdma
2024-08-22 10:00:10,204 [INFO] IPUIPlugin:80 - create IPUIPlugin
2024-08-22 10:00:10,204 [INFO] PluginManager:220 - loadIPPluginJar : add nvic
2024-08-22 10:00:10,277 [INFO] IPUIPlugin:80 - create IPUIPlugin
2024-08-22 10:00:10,278 [INFO] PluginManager:220 - loadIPPluginJar : add opamp
2024-08-22 10:00:10,403 [INFO] IPUIPlugin:80 - create IPUIPlugin
2024-08-22 10:00:10,403 [INFO] PluginManager:220 - loadIPPluginJar : add openamp
2024-08-22 10:00:10,486 [INFO] IPUIPlugin:80 - create IPUIPlugin
2024-08-22 10:00:10,487 [INFO] PluginManager:220 - loadIPPluginJar : add pdm2pcm
2024-08-22 10:00:10,514 [INFO] IPUIPlugin:80 - create IPUIPlugin
2024-08-22 10:00:10,517 [INFO] PluginManager:220 - loadIPPluginJar : add plateformsettings
2024-08-22 10:00:10,562 [INFO] IPUIPlugin:80 - create IPUIPlugin
2024-08-22 10:00:10,562 [INFO] PluginManager:220 - loadIPPluginJar : add quadspi
2024-08-22 10:00:10,612 [INFO] IPUIPlugin:80 - create IPUIPlugin
2024-08-22 10:00:10,613 [INFO] PluginManager:220 - loadIPPluginJar : add radio
2024-08-22 10:00:10,637 [INFO] IPUIPlugin:80 - create IPUIPlugin
2024-08-22 10:00:10,637 [INFO] PluginManager:220 - loadIPPluginJar : add resmgrutility
2024-08-22 10:00:10,731 [INFO] IPUIPlugin:80 - create IPUIPlugin
2024-08-22 10:00:10,731 [INFO] PluginManager:220 - loadIPPluginJar : add sai
2024-08-22 10:00:10,803 [INFO] IPUIPlugin:80 - create IPUIPlugin
2024-08-22 10:00:10,803 [INFO] PluginManager:220 - loadIPPluginJar : add spi
2024-08-22 10:00:10,938 [INFO] IPUIPlugin:80 - create IPUIPlugin
2024-08-22 10:00:10,938 [INFO] PluginManager:220 - loadIPPluginJar : add stm32_wpan
2024-08-22 10:00:10,987 [INFO] IPUIPlugin:80 - create IPUIPlugin
2024-08-22 10:00:10,987 [INFO] PluginManager:220 - loadIPPluginJar : add tim
2024-08-22 10:00:11,103 [INFO] IPUIPlugin:80 - create IPUIPlugin
2024-08-22 10:00:11,104 [INFO] PluginManager:220 - loadIPPluginJar : add touchsensing
2024-08-22 10:00:11,147 [INFO] IPUIPlugin:80 - create IPUIPlugin
2024-08-22 10:00:11,147 [INFO] PluginManager:220 - loadIPPluginJar : add tracer_emb
2024-08-22 10:00:11,192 [INFO] IPUIPlugin:80 - create IPUIPlugin
2024-08-22 10:00:11,193 [INFO] PluginManager:220 - loadIPPluginJar : add ts
2024-08-22 10:00:11,234 [INFO] IPUIPlugin:80 - create IPUIPlugin
2024-08-22 10:00:11,234 [INFO] PluginManager:220 - loadIPPluginJar : add tsc
2024-08-22 10:00:11,277 [INFO] IPUIPlugin:80 - create IPUIPlugin
2024-08-22 10:00:11,277 [INFO] PluginManager:220 - loadIPPluginJar : add ucpd
2024-08-22 10:00:11,361 [INFO] IPUIPlugin:80 - create IPUIPlugin
2024-08-22 10:00:11,361 [INFO] PluginManager:220 - loadIPPluginJar : add usart
2024-08-22 10:00:11,445 [INFO] IPUIPlugin:80 - create IPUIPlugin
2024-08-22 10:00:11,445 [INFO] PluginManager:220 - loadIPPluginJar : add usbx
2024-08-22 10:00:11,633 [INFO] CADModel:165 - CPN selected for project level
2024-08-22 10:00:11,635 [INFO] CADModel:114 - Register for checkConnection events
2024-08-22 10:00:11,635 [FATAL] Updater:334 - Updater called before beeing initialized
2024-08-22 10:00:11,636 [ERROR] CADModel:125 - Updater not yet initialized, retry later 
2024-08-22 10:00:11,934 [INFO] CADModel:165 - CPN selected for project level
2024-08-22 10:00:11,934 [INFO] CADModel:114 - Register for checkConnection events
2024-08-22 10:00:11,934 [FATAL] Updater:334 - Updater called before beeing initialized
2024-08-22 10:00:11,934 [ERROR] CADModel:125 - Updater not yet initialized, retry later 
2024-08-22 10:00:11,940 [FATAL] Updater:334 - Updater called before beeing initialized
2024-08-22 10:00:12,146 [FATAL] Updater:334 - Updater called before beeing initialized
2024-08-22 10:00:12,165 [INFO] DbMcusAds:53 - JSON generation date=Thu May 16 16:22:00 ICT 2024 (1715851320667)
2024-08-22 10:00:12,165 [FATAL] Updater:334 - Updater called before beeing initialized
2024-08-22 10:00:12,241 [WARN] DetailPanel:346 - Failed to get advertising image, set to default
2024-08-22 10:00:12,460 [FATAL] Updater:334 - Updater called before beeing initialized
2024-08-22 10:00:12,466 [FATAL] Updater:334 - Updater called before beeing initialized
2024-08-22 10:00:12,475 [FATAL] Updater:334 - Updater called before beeing initialized
2024-08-22 10:00:12,475 [WARN] DetailPanel:346 - Failed to get advertising image, set to default
2024-08-22 10:00:12,477 [FATAL] Updater:334 - Updater called before beeing initialized
2024-08-22 10:00:12,591 [ERROR] Updater:1164 - MainUpdater not yet initialized. External WinMGr cannot be set.
2024-08-22 10:00:12,598 [INFO] ThirdPartyUpdaterWithRetryManager:70 - Updater plugin not ready yet. [3/15]
2024-08-22 10:00:12,610 [INFO] Updater:1100 - Updater Version found : 6.12.0
2024-08-22 10:00:12,641 [INFO] ApplicationProperties:184 - Using Application install path: C:\ST\STM32CubeIDE_1.16.0\STM32CubeIDE\plugins\com.st.stm32cube.common.mx_6.12.0.202406281431
2024-08-22 10:00:14,245 [ERROR] LogOutputStream:75 - [STDERR_REDIRECT] Aug 22, 2024 10:00:14 AM java.util.prefs.WindowsPreferences <init>
2024-08-22 10:00:14,249 [ERROR] LogOutputStream:75 - [STDERR_REDIRECT] WARNING: Could not open/create prefs root node Software\JavaSoft\Prefs at root 0xffffffff80000002. Windows RegCreateKeyEx(...) returned error code 5.
2024-08-22 10:00:14,249 [ERROR] LogOutputStream:75 - [STDERR_REDIRECT] 
2024-08-22 10:00:14,913 [INFO] MainUpdater:2873 - connection check result : 10
2024-08-22 10:00:14,915 [INFO] MainUpdater:290 - Updater Check For Update Now.
2024-08-22 10:00:14,916 [INFO] MicroXplorer:498 - Change Database Version : DB.6.0.120
2024-08-22 10:00:14,958 [INFO] McuFinderGlobals:63 - Set McuFinder mode to 2 (CubeIDE integrated)
2024-08-22 10:00:14,975 [INFO] UserAuth:417 - Internet connection configuration mode: 1
2024-08-22 10:00:15,053 [INFO] JxBrowserEngine:152 - Initiate JxBrowser Engine with user profile folder
2024-08-22 10:00:15,253 [INFO] CheckServerUpdateThread:120 - End of CheckServer Thread
2024-08-22 10:00:16,095 [WARN] PackLoader:240 - Cannot read IP mode file for STMicroelectronics.FP-SNS-MOTENVWB1.1.4.0
2024-08-22 10:00:16,133 [WARN] PackLoader:240 - Cannot read IP mode file for STMicroelectronics.X-CUBE-SMBUS.2.1.0
2024-08-22 10:00:16,224 [WARN] PackLoader:240 - Cannot read IP mode file for STMicroelectronics.X-CUBE-AZRTOS-F7.1.1.0
2024-08-22 10:00:16,408 [WARN] PackLoader:240 - Cannot read IP mode file for STMicroelectronics.X-CUBE-MEMS1.11.0.0
2024-08-22 10:00:16,733 [WARN] PackLoader:240 - Cannot read IP mode file for STMicroelectronics.FP-SNS-FLIGHT1.5.0.2
2024-08-22 10:00:16,765 [WARN] PackLoader:240 - Cannot read IP mode file for STMicroelectronics.X-CUBE-DISPLAY.3.0.0
2024-08-22 10:00:16,799 [WARN] PackLoader:240 - Cannot read IP mode file for STMicroelectronics.X-CUBE-BLE1.7.0.0
2024-08-22 10:00:16,831 [WARN] PackLoader:240 - Cannot read IP mode file for emotas.I-CUBE-CANOPEN.1.3.0
2024-08-22 10:00:16,869 [WARN] PackLoader:240 - Cannot read IP mode file for STMicroelectronics.X-CUBE-BLEMGR.3.1.0
2024-08-22 10:00:16,902 [WARN] PackLoader:240 - Cannot read IP mode file for STMicroelectronics.FP-SNS-SMARTAG2.1.2.0
2024-08-22 10:00:16,947 [INFO] LogOutputStream:77 - [STDOUT_REDIRECT] 1 : Invalid condition id : UX_CORESTACK_Condition cause : null
2024-08-22 10:00:16,948 [INFO] LogOutputStream:77 - [STDOUT_REDIRECT] 1 : Invalid condition id : UX_CORESTACK_Condition cause : null
2024-08-22 10:00:16,951 [INFO] LogOutputStream:77 - [STDOUT_REDIRECT] 1 : Invalid condition id : UX_CORESTACK_Condition cause : null
2024-08-22 10:00:16,953 [INFO] LogOutputStream:77 - [STDOUT_REDIRECT] 1 : Invalid condition id : UX_CORESTACK_Condition cause : null
2024-08-22 10:00:16,955 [INFO] LogOutputStream:77 - [STDOUT_REDIRECT] 1 : Invalid condition id : UX_CORESTACK_Condition cause : null
2024-08-22 10:00:16,960 [WARN] PackLoader:240 - Cannot read IP mode file for STMicroelectronics.X-CUBE-AZRTOS-WL.2.0.0
2024-08-22 10:00:16,988 [WARN] PackLoader:240 - Cannot read IP mode file for STMicroelectronics.FP-SNS-MOTENV1.5.0.0
2024-08-22 10:00:17,013 [WARN] PackLoader:240 - Cannot read IP mode file for wolfSSL.I-CUBE-wolfMQTT.1.19.0
2024-08-22 10:00:17,039 [WARN] PackLoader:240 - Cannot read IP mode file for WES.I-CUBE-Cesium.1.3.0
2024-08-22 10:00:17,063 [WARN] PackLoader:240 - Cannot read IP mode file for STMicroelectronics.X-CUBE-BLE2.3.3.0
2024-08-22 10:00:17,091 [WARN] PackLoader:240 - Cannot read IP mode file for STMicroelectronics.X-CUBE-TCPP.4.1.0
2024-08-22 10:00:17,155 [WARN] PackLoader:240 - Cannot read IP mode file for STMicroelectronics.X-CUBE-AZRTOS-G0.1.1.0
2024-08-22 10:00:17,189 [WARN] PackLoader:240 - Cannot read IP mode file for STMicroelectronics.X-CUBE-SAFEA1.1.2.2
2024-08-22 10:00:17,216 [WARN] PackLoader:240 - Cannot read IP mode file for STMicroelectronics.X-CUBE-NFC4.3.0.0
2024-08-22 10:00:17,247 [WARN] PackLoader:240 - Cannot read IP mode file for EmbeddedOffice.I-CUBE-FS-RTOS.1.0.1
2024-08-22 10:00:17,247 [ERROR] ConditionMgr:805 - Attr not supported : Dmpu
2024-08-22 10:00:17,248 [ERROR] ConditionMgr:805 - Attr not supported : Dmpu
2024-08-22 10:00:17,248 [ERROR] ConditionMgr:805 - Attr not supported : Dmpu
2024-08-22 10:00:17,248 [ERROR] ConditionMgr:805 - Attr not supported : Dmpu
2024-08-22 10:00:17,248 [ERROR] ConditionMgr:805 - Attr not supported : Dmpu
2024-08-22 10:00:17,248 [ERROR] ConditionMgr:805 - Attr not supported : Dmpu
2024-08-22 10:00:17,248 [ERROR] ConditionMgr:805 - Attr not supported : Dmpu
2024-08-22 10:00:17,248 [ERROR] ConditionMgr:805 - Attr not supported : Dmpu
2024-08-22 10:00:17,248 [ERROR] ConditionMgr:805 - Attr not supported : Dmpu
2024-08-22 10:00:17,248 [ERROR] ConditionMgr:805 - Attr not supported : Dmpu
2024-08-22 10:00:17,249 [ERROR] ConditionMgr:805 - Attr not supported : Dmpu
2024-08-22 10:00:17,249 [ERROR] ConditionMgr:805 - Attr not supported : Dmpu
2024-08-22 10:00:17,249 [ERROR] ConditionMgr:805 - Attr not supported : Dmpu
2024-08-22 10:00:17,249 [ERROR] ConditionMgr:805 - Attr not supported : Dmpu
2024-08-22 10:00:17,249 [ERROR] ConditionMgr:805 - Attr not supported : Dmpu
2024-08-22 10:00:17,249 [ERROR] ConditionMgr:805 - Attr not supported : Dmpu
2024-08-22 10:00:17,249 [ERROR] ConditionMgr:805 - Attr not supported : Dmpu
2024-08-22 10:00:17,250 [ERROR] ConditionMgr:805 - Attr not supported : Dmpu
2024-08-22 10:00:17,250 [ERROR] ConditionMgr:805 - Attr not supported : Dmpu
2024-08-22 10:00:17,250 [ERROR] ConditionMgr:805 - Attr not supported : Dmpu
2024-08-22 10:00:17,250 [ERROR] ConditionMgr:805 - Attr not supported : Dmpu
2024-08-22 10:00:17,250 [ERROR] ConditionMgr:805 - Attr not supported : Dmpu
2024-08-22 10:00:17,250 [ERROR] ConditionMgr:805 - Attr not supported : Dmpu
2024-08-22 10:00:17,251 [ERROR] ConditionMgr:805 - Attr not supported : Dmpu
2024-08-22 10:00:17,251 [ERROR] ConditionMgr:805 - Attr not supported : Dmpu
2024-08-22 10:00:17,251 [ERROR] ConditionMgr:805 - Attr not supported : Dmpu
2024-08-22 10:00:17,251 [ERROR] ConditionMgr:805 - Attr not supported : Dmpu
2024-08-22 10:00:17,251 [ERROR] ConditionMgr:805 - Attr not supported : Dmpu
2024-08-22 10:00:17,251 [ERROR] ConditionMgr:805 - Attr not supported : Dmpu
2024-08-22 10:00:17,252 [ERROR] ConditionMgr:805 - Attr not supported : Dmpu
2024-08-22 10:00:17,252 [ERROR] ConditionMgr:805 - Attr not supported : Dmpu
2024-08-22 10:00:17,252 [ERROR] ConditionMgr:805 - Attr not supported : Dmpu
2024-08-22 10:00:17,252 [ERROR] ConditionMgr:805 - Attr not supported : Dmpu
2024-08-22 10:00:17,252 [ERROR] ConditionMgr:805 - Attr not supported : Dmpu
2024-08-22 10:00:17,253 [ERROR] ConditionMgr:805 - Attr not supported : Dmpu
2024-08-22 10:00:17,253 [ERROR] ConditionMgr:805 - Attr not supported : Dmpu
2024-08-22 10:00:17,253 [ERROR] ConditionMgr:805 - Attr not supported : Dmpu
2024-08-22 10:00:17,254 [ERROR] ConditionMgr:805 - Attr not supported : Dmpu
2024-08-22 10:00:17,254 [ERROR] ConditionMgr:805 - Attr not supported : Dmpu
2024-08-22 10:00:17,254 [ERROR] ConditionMgr:805 - Attr not supported : Dmpu
2024-08-22 10:00:17,254 [ERROR] ConditionMgr:805 - Attr not supported : Dmpu
2024-08-22 10:00:17,254 [ERROR] ConditionMgr:805 - Attr not supported : Dmpu
2024-08-22 10:00:17,255 [ERROR] ConditionMgr:805 - Attr not supported : Dmpu
2024-08-22 10:00:17,255 [ERROR] ConditionMgr:805 - Attr not supported : Dmpu
2024-08-22 10:00:17,255 [ERROR] ConditionMgr:805 - Attr not supported : Dmpu
2024-08-22 10:00:17,255 [ERROR] ConditionMgr:805 - Attr not supported : Dmpu
2024-08-22 10:00:17,255 [ERROR] ConditionMgr:805 - Attr not supported : Dmpu
2024-08-22 10:00:17,256 [ERROR] ConditionMgr:805 - Attr not supported : Dmpu
2024-08-22 10:00:17,256 [ERROR] ConditionMgr:805 - Attr not supported : Dmpu
2024-08-22 10:00:17,256 [ERROR] ConditionMgr:805 - Attr not supported : Dmpu
2024-08-22 10:00:17,256 [ERROR] ConditionMgr:805 - Attr not supported : Dmpu
2024-08-22 10:00:17,256 [ERROR] ConditionMgr:805 - Attr not supported : Dmpu
2024-08-22 10:00:17,256 [ERROR] ConditionMgr:805 - Attr not supported : Dmpu
2024-08-22 10:00:17,257 [ERROR] ConditionMgr:805 - Attr not supported : Dmpu
2024-08-22 10:00:17,257 [ERROR] ConditionMgr:805 - Attr not supported : Dmpu
2024-08-22 10:00:17,257 [ERROR] ConditionMgr:805 - Attr not supported : Dmpu
2024-08-22 10:00:17,257 [ERROR] ConditionMgr:805 - Attr not supported : Dmpu
2024-08-22 10:00:17,257 [ERROR] ConditionMgr:805 - Attr not supported : Dmpu
2024-08-22 10:00:17,258 [ERROR] ConditionMgr:805 - Attr not supported : Dmpu
2024-08-22 10:00:17,258 [ERROR] ConditionMgr:805 - Attr not supported : Dmpu
2024-08-22 10:00:17,258 [ERROR] ConditionMgr:805 - Attr not supported : Dmpu
2024-08-22 10:00:17,258 [ERROR] ConditionMgr:805 - Attr not supported : Dmpu
2024-08-22 10:00:17,258 [ERROR] ConditionMgr:805 - Attr not supported : Dmpu
2024-08-22 10:00:17,258 [ERROR] ConditionMgr:805 - Attr not supported : Dmpu
2024-08-22 10:00:17,310 [WARN] PackLoader:240 - Cannot read IP mode file for RealThread.X-CUBE-RT-Thread_Nano.4.1.1
2024-08-22 10:00:17,335 [WARN] PackLoader:240 - Cannot read IP mode file for STMicroelectronics.FP-ATR-SIGFOX1.3.2.0
2024-08-22 10:00:17,362 [WARN] PackLoader:240 - Cannot read IP mode file for wolfSSL.I-CUBE-wolfSSL.5.7.2
2024-08-22 10:00:17,386 [WARN] PackLoader:240 - Cannot read IP mode file for STMicroelectronics.X-CUBE-EEPRMA1.5.1.0
2024-08-22 10:00:17,411 [WARN] PackLoader:240 - Cannot read IP mode file for ITTIA_DB.I-CUBE-ITTIADB.8.9.0
2024-08-22 10:00:17,470 [WARN] PackLoader:240 - Cannot read IP mode file for SEGGER.I-CUBE-embOS.1.3.1
2024-08-22 10:00:17,540 [WARN] PackLoader:240 - Cannot read IP mode file for STMicroelectronics.X-CUBE-ALGOBUILD.1.4.0
2024-08-22 10:00:17,562 [WARN] PackLoader:240 - Cannot read IP mode file for STMicroelectronics.X-CUBE-GNSS1.6.0.0
2024-08-22 10:00:17,609 [WARN] PackLoader:240 - Cannot read IP mode file for STMicroelectronics.X-CUBE-AZRTOS-F4.1.1.0
2024-08-22 10:00:17,639 [WARN] PackLoader:240 - Cannot read IP mode file for STMicroelectronics.X-CUBE-FREERTOS.1.2.0
2024-08-22 10:00:17,693 [WARN] PackLoader:240 - Cannot read IP mode file for STMicroelectronics.X-CUBE-AZRTOS-L5.2.0.0
2024-08-22 10:00:17,740 [WARN] PackLoader:240 - Cannot read IP mode file for STMicroelectronics.X-CUBE-NFC6.3.1.0
2024-08-22 10:00:17,769 [WARN] PackLoader:240 - Cannot read IP mode file for STMicroelectronics.X-CUBE-DPower.1.2.0
2024-08-22 10:00:17,790 [WARN] PackLoader:240 - Cannot read IP mode file for STMicroelectronics.X-CUBE-AI.9.0.0
2024-08-22 10:00:17,812 [WARN] PackLoader:240 - Cannot read IP mode file for STMicroelectronics.X-CUBE-NFC7.1.0.1
2024-08-22 10:00:17,836 [WARN] PackLoader:240 - Cannot read IP mode file for wolfSSL.I-CUBE-wolfTPM.3.2.0
2024-08-22 10:00:17,892 [WARN] ConditionMgr:438 - getConditionDescription Invalid condition id : LAN8742 Phy interface Condition cause : null
2024-08-22 10:00:17,893 [WARN] PackLoader:240 - Cannot read IP mode file for STMicroelectronics.X-CUBE-AZRTOS-L4.2.0.0
2024-08-22 10:00:17,895 [WARN] ConditionMgr:1039 - genDependencies : Invalid condition id : LAN8742 Phy interface Condition cause : null
2024-08-22 10:00:17,895 [WARN] ConditionMgr:1039 - genDependencies : Invalid condition id : LAN8742 Phy interface Condition cause : null
2024-08-22 10:00:17,896 [WARN] ConditionMgr:1039 - genDependencies : Invalid condition id : LAN8742 Phy interface Condition cause : null
2024-08-22 10:00:17,924 [WARN] PackLoader:240 - Cannot read IP mode file for STMicroelectronics.X-CUBE-SFXS2LP1.4.0.0
2024-08-22 10:00:17,982 [WARN] PackLoader:240 - Cannot read IP mode file for STMicroelectronics.X-CUBE-AZRTOS-H7.3.3.0
2024-08-22 10:00:18,031 [WARN] ConditionMgr:438 - getConditionDescription Invalid condition id : UX DEVICE CLASS RTOS Condition cause : null
2024-08-22 10:00:18,031 [WARN] ConditionMgr:438 - getConditionDescription Invalid condition id : UX DEVICE CLASS RTOS Condition cause : null
2024-08-22 10:00:18,035 [WARN] PackLoader:240 - Cannot read IP mode file for STMicroelectronics.X-CUBE-AZRTOS-WB.2.0.0
2024-08-22 10:00:18,035 [WARN] ConditionMgr:1039 - genDependencies : Invalid condition id : UX DEVICE CLASS RTOS Condition cause : null
2024-08-22 10:00:18,036 [WARN] ConditionMgr:1039 - genDependencies : Invalid condition id : UX DEVICE CLASS RTOS Condition cause : null
2024-08-22 10:00:18,036 [WARN] ConditionMgr:1039 - genDependencies : Invalid condition id : UX DEVICE CLASS RTOS Condition cause : null
2024-08-22 10:00:18,037 [WARN] ConditionMgr:1039 - genDependencies : Invalid condition id : UX DEVICE CLASS RTOS Condition cause : null
2024-08-22 10:00:18,037 [WARN] ConditionMgr:1039 - genDependencies : Invalid condition id : UX DEVICE CLASS RTOS Condition cause : null
2024-08-22 10:00:18,063 [WARN] PackLoader:240 - Cannot read IP mode file for STMicroelectronics.FP-SNS-STBOX1.2.0.0
2024-08-22 10:00:18,103 [WARN] PackLoader:240 - Cannot read IP mode file for STMicroelectronics.X-CUBE-SUBG2.5.0.0
2024-08-22 10:00:18,135 [WARN] PackLoader:240 - Cannot read IP mode file for Cesanta.I-CUBE-Mongoose.7.13.0
2024-08-22 10:00:18,179 [WARN] PackLoader:240 - Cannot read IP mode file for STMicroelectronics.X-CUBE-AZRTOS-G4.2.0.0
2024-08-22 10:00:18,205 [WARN] PackLoader:240 - Cannot read IP mode file for STMicroelectronics.X-CUBE-ISPU.2.0.0
2024-08-22 10:00:18,229 [WARN] PackLoader:240 - Cannot read IP mode file for STMicroelectronics.X-CUBE-ALS.1.0.2
2024-08-22 10:00:18,313 [WARN] PackLoader:240 - Cannot read IP mode file for STMicroelectronics.X-CUBE-MEMS1.10.0.0
2024-08-22 10:00:18,538 [WARN] PackLoader:240 - Cannot read IP mode file for STMicroelectronics.X-CUBE-TOUCHGFX.4.24.0
2024-08-22 10:00:18,562 [WARN] PackLoader:240 - Cannot read IP mode file for portGmbH.I-Cube-SoM-uGOAL.1.1.0
2024-08-22 10:00:18,607 [WARN] PackLoader:240 - Cannot read IP mode file for STMicroelectronics.X-CUBE-AZRTOS-H7RS.1.0.0
2024-08-22 10:00:18,632 [WARN] PackLoader:240 - Cannot read IP mode file for STMicroelectronics.FP-ATR-ASTRA1.2.0.0
2024-08-22 10:00:18,666 [WARN] PackLoader:240 - Cannot read IP mode file for STMicroelectronics.X-CUBE-TOF1.3.4.2
2024-08-22 10:00:18,713 [WARN] PackLoader:240 - Cannot read IP mode file for STMicroelectronics.X-CUBE-TOF1.3.4.1
2024-08-22 10:00:18,785 [WARN] PackLoader:240 - Cannot read IP mode file for STMicroelectronics.X-CUBE-AZRTOS-H7.3.2.0
2024-08-22 10:00:18,824 [WARN] PackLoader:240 - Cannot read IP mode file for Infineon.AIROC-Wi-Fi-Bluetooth-STM32.1.6.0
2024-08-22 10:00:18,849 [WARN] PackLoader:240 - Cannot read IP mode file for wolfSSL.I-CUBE-wolfSSH.1.4.17
2024-08-22 10:00:18,851 [INFO] ThirdParty:978 - Integrity check success = true
2024-08-22 10:00:18,851 [INFO] IntegrityCheckThread:100 - exiting critical section [integrity check]
2024-08-22 10:00:18,851 [INFO] IntegrityCheckThread:103 - End integrity checks thread
2024-08-22 10:00:20,988 [INFO] WebApp:167 - Instantiating new browser for Auth
2024-08-22 10:00:22,605 [INFO] WebApp:448 - Apply proxy settings
2024-08-22 10:00:22,605 [INFO] WebApp:533 - Chromium requires no authentication
2024-08-22 10:00:22,624 [INFO] WebApp:476 - Direct internet connection detected
2024-08-22 10:00:22,676 [INFO] WebApp:869 - Register for checkConnection events
2024-08-22 10:00:22,676 [INFO] WebApp:448 - Apply proxy settings
2024-08-22 10:00:22,676 [INFO] WebApp:533 - Chromium requires no authentication
2024-08-22 10:00:22,677 [INFO] WebApp:476 - Direct internet connection detected
2024-08-22 10:00:23,022 [INFO] WebApp:186 - Connection restablished
2024-08-22 10:00:23,102 [INFO] WebApp:220 - Starting web application
2024-08-22 10:00:23,102 [INFO] WebApp:578 - Web application path used C:\ST\STM32CubeIDE_1.16.0\STM32CubeIDE\plugins\com.st.stm32cube.common.mx_6.12.0.202406281431\db\plugins\mcufinder\reactClient1\index.html
2024-08-22 10:00:23,408 [INFO] UserAuth:417 - Internet connection configuration mode: 1
2024-08-22 10:20:58,254 [ERROR] LogOutputStream:75 - [STDERR_REDIRECT] 
2024-08-22 10:20:58,256 [ERROR] LogOutputStream:75 - [STDERR_REDIRECT] 
