2024-08-30 17:25:12,299 [INFO] WebApp:189 - Connection lost
2024-08-30 17:26:00,459 [INFO] WebApp:186 - Connection restablished
2024-08-30 17:26:03,341 [INFO] WebApp:189 - Connection lost
2024-08-30 17:26:03,762 [INFO] WebApp:186 - Connection restablished
2024-08-30 17:41:53,986 [INFO] DmaTabbedPanel:205 - Cannot restore the selected Tab for DMA
2024-08-30 17:42:48,851 [INFO] ADCParametersView:116 -                Rank 1 : false
2024-08-30 17:42:48,980 [INFO] ADCParametersView:116 -                Rank 1 : false
2024-08-30 17:42:48,980 [INFO] ADCParametersView:116 -                Rank 1 : false
2024-08-30 17:42:48,980 [INFO] ADCParametersView:116 -                Rank 1 : false
2024-08-30 17:42:48,982 [INFO] ADCParametersView:116 -                Rank 1 : false
2024-08-30 17:42:48,982 [INFO] ADCParametersView:116 -                Rank 1 : false
2024-08-30 17:42:48,982 [INFO] ADCParametersView:116 -                Rank 1 : false
2024-08-30 17:42:48,982 [INFO] ADCParametersView:116 -                Rank 1 : false
2024-08-30 17:42:48,982 [INFO] ADCParametersView:116 -                Rank 1 : false
2024-08-30 17:42:48,982 [INFO] ADCParametersView:116 -                Rank 1 : false
2024-08-30 17:42:48,982 [INFO] ADCParametersView:116 -                Rank 1 : false
2024-08-30 17:42:48,982 [INFO] ADCParametersView:116 -                Rank 1 : false
2024-08-30 17:42:48,982 [INFO] ADCParametersView:116 -                Rank 1 : false
2024-08-30 17:42:48,982 [INFO] ADCParametersView:116 -                Rank 1 : false
2024-08-30 17:42:48,982 [INFO] ADCParametersView:116 -                Rank 1 : false
2024-08-30 17:42:49,054 [INFO] ADCParametersView:116 -                Rank 1 : false
2024-08-30 17:42:51,920 [INFO] ADCParametersView:116 -                Rank 1 : false
2024-08-30 17:42:51,920 [INFO] ADCParametersView:116 -                Rank 1 : false
2024-08-30 17:42:51,920 [INFO] ADCParametersView:116 -                Rank 1 : false
2024-08-30 17:42:51,920 [INFO] ADCParametersView:116 -                Rank 1 : false
2024-08-30 17:42:51,920 [INFO] ADCParametersView:116 -                Rank 1 : false
2024-08-30 17:42:51,921 [INFO] ADCParametersView:116 -                Rank 1 : false
2024-08-30 17:42:51,921 [INFO] ADCParametersView:116 -                Rank 1 : false
2024-08-30 17:42:51,921 [INFO] ADCParametersView:116 -                Rank 1 : false
2024-08-30 17:42:51,921 [INFO] ADCParametersView:116 -                Rank 1 : false
2024-08-30 17:42:51,921 [INFO] ADCParametersView:116 -                Rank 1 : false
2024-08-30 17:42:51,921 [INFO] ADCParametersView:116 -                Rank 1 : false
2024-08-30 17:42:51,921 [INFO] ADCParametersView:116 -                Rank 1 : false
2024-08-30 17:42:51,921 [INFO] ADCParametersView:116 -                Rank 1 : false
2024-08-30 17:42:51,921 [INFO] ADCParametersView:116 -                Rank 1 : false
2024-08-30 17:42:51,992 [INFO] ADCParametersView:116 -                Rank 1 : false
2024-08-30 17:42:52,083 [INFO] ADCParametersView:116 -                Rank 1 : false
2024-08-30 17:42:52,085 [INFO] ADCParametersView:116 -                Rank 1 : false
2024-08-30 17:42:52,085 [INFO] ADCParametersView:116 -                Rank 1 : false
2024-08-30 17:42:52,085 [INFO] ADCParametersView:116 -                Rank 1 : false
2024-08-30 17:42:52,085 [INFO] ADCParametersView:116 -                Rank 1 : false
2024-08-30 17:42:52,085 [INFO] ADCParametersView:116 -                Rank 1 : false
2024-08-30 17:42:52,085 [INFO] ADCParametersView:116 -                Rank 1 : false
2024-08-30 17:42:52,085 [INFO] ADCParametersView:116 -                Rank 1 : false
2024-08-30 17:42:52,085 [INFO] ADCParametersView:116 -                Rank 1 : false
2024-08-30 17:42:52,085 [INFO] ADCParametersView:116 -                Rank 1 : false
2024-08-30 17:42:52,085 [INFO] ADCParametersView:116 -                Rank 1 : false
2024-08-30 17:42:52,086 [INFO] ADCParametersView:116 -                Rank 1 : false
2024-08-30 17:42:52,086 [INFO] ADCParametersView:116 -                Rank 1 : false
2024-08-30 17:42:52,086 [INFO] ADCParametersView:116 -                Rank 1 : false
2024-08-30 17:42:52,166 [INFO] ADCParametersView:116 -                Rank 1 : false
2024-08-30 17:49:39,076 [INFO] NvicIntPanel:101 - NVIC parent = com.st.microxplorer.plugins.ip.nvic.MultiNvicIntPanel[,0,0,0x0,invalid,layout=javax.swing.BoxLayout,alignmentX=0.0,alignmentY=0.0,border=,flags=9,maximumSize=,minimumSize=,preferredSize=]
2024-08-30 17:49:39,214 [INFO] ADCParametersView:116 -                Rank 1 : false
2024-08-30 17:49:39,219 [INFO] ADCParametersView:116 -                Rank 1 : false
2024-08-30 17:49:39,219 [INFO] ADCParametersView:116 -                Rank 1 : false
2024-08-30 17:49:39,219 [INFO] ADCParametersView:116 -                Rank 1 : false
2024-08-30 17:49:39,219 [INFO] ADCParametersView:116 -                Rank 1 : false
2024-08-30 17:49:39,219 [INFO] ADCParametersView:116 -                Rank 1 : false
2024-08-30 17:49:39,219 [INFO] ADCParametersView:116 -                Rank 1 : false
2024-08-30 17:49:39,219 [INFO] ADCParametersView:116 -                Rank 1 : false
2024-08-30 17:49:39,219 [INFO] ADCParametersView:116 -                Rank 1 : false
2024-08-30 17:49:39,219 [INFO] ADCParametersView:116 -                Rank 1 : false
2024-08-30 17:49:39,219 [INFO] ADCParametersView:116 -                Rank 1 : false
2024-08-30 17:49:39,219 [INFO] ADCParametersView:116 -                Rank 1 : false
2024-08-30 17:49:39,219 [INFO] ADCParametersView:116 -                Rank 1 : false
2024-08-30 17:49:39,219 [INFO] ADCParametersView:116 -                Rank 1 : false
2024-08-30 17:49:39,294 [INFO] ADCParametersView:116 -                Rank 1 : false
2024-08-30 17:49:45,418 [INFO] NvicIntPanel:101 - NVIC parent = com.st.microxplorer.plugins.ip.nvic.MultiNvicIntPanel[,0,0,0x0,invalid,layout=javax.swing.BoxLayout,alignmentX=0.0,alignmentY=0.0,border=,flags=9,maximumSize=,minimumSize=,preferredSize=]
2024-08-30 17:49:45,545 [INFO] ADCParametersView:116 -                Rank 1 : false
2024-08-30 17:49:45,545 [INFO] ADCParametersView:116 -                Rank 1 : false
2024-08-30 17:49:45,545 [INFO] ADCParametersView:116 -                Rank 1 : false
2024-08-30 17:49:45,545 [INFO] ADCParametersView:116 -                Rank 1 : false
2024-08-30 17:49:45,545 [INFO] ADCParametersView:116 -                Rank 1 : false
2024-08-30 17:49:45,545 [INFO] ADCParametersView:116 -                Rank 1 : false
2024-08-30 17:49:45,545 [INFO] ADCParametersView:116 -                Rank 1 : false
2024-08-30 17:49:45,545 [INFO] ADCParametersView:116 -                Rank 1 : false
2024-08-30 17:49:45,545 [INFO] ADCParametersView:116 -                Rank 1 : false
2024-08-30 17:49:45,560 [INFO] ADCParametersView:116 -                Rank 1 : false
2024-08-30 17:49:45,560 [INFO] ADCParametersView:116 -                Rank 1 : false
2024-08-30 17:49:45,560 [INFO] ADCParametersView:116 -                Rank 1 : false
2024-08-30 17:49:45,560 [INFO] ADCParametersView:116 -                Rank 1 : false
2024-08-30 17:49:45,560 [INFO] ADCParametersView:116 -                Rank 1 : false
2024-08-30 17:49:45,623 [INFO] ADCParametersView:116 -                Rank 1 : false
2024-08-30 18:04:28,620 [INFO] ADCParametersView:116 -                Rank 1 : false
2024-08-30 18:04:28,624 [INFO] ADCParametersView:116 -                Rank 1 : false
2024-08-30 18:04:28,624 [INFO] ADCParametersView:116 -                Rank 1 : false
2024-08-30 18:04:28,624 [INFO] ADCParametersView:116 -                Rank 1 : false
2024-08-30 18:04:28,624 [INFO] ADCParametersView:116 -                Rank 1 : false
2024-08-30 18:04:28,624 [INFO] ADCParametersView:116 -                Rank 1 : false
2024-08-30 18:04:28,624 [INFO] ADCParametersView:116 -                Rank 1 : false
2024-08-30 18:04:28,625 [INFO] ADCParametersView:116 -                Rank 1 : false
2024-08-30 18:04:28,625 [INFO] ADCParametersView:116 -                Rank 1 : false
2024-08-30 18:04:28,625 [INFO] ADCParametersView:116 -                Rank 1 : false
2024-08-30 18:04:28,625 [INFO] ADCParametersView:116 -                Rank 1 : false
2024-08-30 18:04:28,625 [INFO] ADCParametersView:116 -                Rank 1 : false
2024-08-30 18:04:28,625 [INFO] ADCParametersView:116 -                Rank 1 : false
2024-08-30 18:04:28,625 [INFO] ADCParametersView:116 -                Rank 1 : false
2024-08-30 18:04:28,695 [INFO] ADCParametersView:116 -                Rank 1 : false
2024-08-30 18:04:28,796 [INFO] ADCParametersView:116 -                Rank 1 : false
2024-08-30 18:04:28,798 [INFO] ADCParametersView:116 -                Rank 1 : false
2024-08-30 18:04:28,798 [INFO] ADCParametersView:116 -                Rank 1 : false
2024-08-30 18:04:28,798 [INFO] ADCParametersView:116 -                Rank 1 : false
2024-08-30 18:04:28,798 [INFO] ADCParametersView:116 -                Rank 1 : false
2024-08-30 18:04:28,798 [INFO] ADCParametersView:116 -                Rank 1 : false
2024-08-30 18:04:28,798 [INFO] ADCParametersView:116 -                Rank 1 : false
2024-08-30 18:04:28,798 [INFO] ADCParametersView:116 -                Rank 1 : false
2024-08-30 18:04:28,798 [INFO] ADCParametersView:116 -                Rank 1 : false
2024-08-30 18:04:28,798 [INFO] ADCParametersView:116 -                Rank 1 : false
2024-08-30 18:04:28,798 [INFO] ADCParametersView:116 -                Rank 1 : false
2024-08-30 18:04:28,798 [INFO] ADCParametersView:116 -                Rank 1 : false
2024-08-30 18:04:28,798 [INFO] ADCParametersView:116 -                Rank 1 : false
2024-08-30 18:04:28,798 [INFO] ADCParametersView:116 -                Rank 1 : false
2024-08-30 18:04:28,869 [INFO] ADCParametersView:116 -                Rank 1 : false
2024-08-30 18:05:01,340 [INFO] ADCParametersView:116 -                Rank 1 : false
2024-08-30 18:05:01,340 [INFO] ADCParametersView:116 -                Rank 1 : false
2024-08-30 18:05:01,340 [INFO] ADCParametersView:116 -                Rank 1 : false
2024-08-30 18:05:01,340 [INFO] ADCParametersView:116 -                Rank 1 : false
2024-08-30 18:05:01,340 [INFO] ADCParametersView:116 -                Rank 1 : false
2024-08-30 18:05:01,340 [INFO] ADCParametersView:116 -                Rank 1 : false
2024-08-30 18:05:01,340 [INFO] ADCParametersView:116 -                Rank 1 : false
2024-08-30 18:05:01,340 [INFO] ADCParametersView:116 -                Rank 1 : false
2024-08-30 18:05:01,340 [INFO] ADCParametersView:116 -                Rank 1 : false
2024-08-30 18:05:01,340 [INFO] ADCParametersView:116 -                Rank 1 : false
2024-08-30 18:05:01,340 [INFO] ADCParametersView:116 -                Rank 1 : false
2024-08-30 18:05:01,340 [INFO] ADCParametersView:116 -                Rank 1 : false
2024-08-30 18:05:01,340 [INFO] ADCParametersView:116 -                Rank 1 : false
2024-08-30 18:05:01,340 [INFO] ADCParametersView:116 -                Rank 1 : false
2024-08-30 18:05:01,415 [INFO] ADCParametersView:116 -                Rank 1 : false
2024-08-30 18:05:01,509 [INFO] ADCParametersView:116 -                Rank 1 : false
2024-08-30 18:05:01,518 [INFO] ADCParametersView:116 -                Rank 1 : false
2024-08-30 18:05:01,518 [INFO] ADCParametersView:116 -                Rank 1 : false
2024-08-30 18:05:01,518 [INFO] ADCParametersView:116 -                Rank 1 : false
2024-08-30 18:05:01,518 [INFO] ADCParametersView:116 -                Rank 1 : false
2024-08-30 18:05:01,518 [INFO] ADCParametersView:116 -                Rank 1 : false
2024-08-30 18:05:01,518 [INFO] ADCParametersView:116 -                Rank 1 : false
2024-08-30 18:05:01,518 [INFO] ADCParametersView:116 -                Rank 1 : false
2024-08-30 18:05:01,518 [INFO] ADCParametersView:116 -                Rank 1 : false
2024-08-30 18:05:01,518 [INFO] ADCParametersView:116 -                Rank 1 : false
2024-08-30 18:05:01,518 [INFO] ADCParametersView:116 -                Rank 1 : false
2024-08-30 18:05:01,518 [INFO] ADCParametersView:116 -                Rank 1 : false
2024-08-30 18:05:01,522 [INFO] ADCParametersView:116 -                Rank 1 : false
2024-08-30 18:05:01,522 [INFO] ADCParametersView:116 -                Rank 1 : false
2024-08-30 18:05:01,590 [INFO] ADCParametersView:116 -                Rank 1 : false
2024-08-30 18:06:55,294 [INFO] NvicIntPanel:101 - NVIC parent = com.st.microxplorer.plugins.ip.nvic.MultiNvicIntPanel[,0,0,0x0,invalid,layout=javax.swing.BoxLayout,alignmentX=0.0,alignmentY=0.0,border=,flags=9,maximumSize=,minimumSize=,preferredSize=]
2024-08-30 18:06:55,428 [INFO] ADCParametersView:116 -                Rank 1 : false
2024-08-30 18:06:55,432 [INFO] ADCParametersView:116 -                Rank 1 : false
2024-08-30 18:06:55,432 [INFO] ADCParametersView:116 -                Rank 1 : false
2024-08-30 18:06:55,432 [INFO] ADCParametersView:116 -                Rank 1 : false
2024-08-30 18:06:55,432 [INFO] ADCParametersView:116 -                Rank 1 : false
2024-08-30 18:06:55,432 [INFO] ADCParametersView:116 -                Rank 1 : false
2024-08-30 18:06:55,432 [INFO] ADCParametersView:116 -                Rank 1 : false
2024-08-30 18:06:55,433 [INFO] ADCParametersView:116 -                Rank 1 : false
2024-08-30 18:06:55,433 [INFO] ADCParametersView:116 -                Rank 1 : false
2024-08-30 18:06:55,433 [INFO] ADCParametersView:116 -                Rank 1 : false
2024-08-30 18:06:55,433 [INFO] ADCParametersView:116 -                Rank 1 : false
2024-08-30 18:06:55,433 [INFO] ADCParametersView:116 -                Rank 1 : false
2024-08-30 18:06:55,433 [INFO] ADCParametersView:116 -                Rank 1 : false
2024-08-30 18:06:55,433 [INFO] ADCParametersView:116 -                Rank 1 : false
2024-08-30 18:06:55,514 [INFO] ADCParametersView:116 -                Rank 1 : false
2024-08-30 18:07:17,896 [INFO] ADCParametersView:116 -                Rank 1 : false
2024-08-30 18:07:17,899 [INFO] ADCParametersView:116 -                Rank 1 : false
2024-08-30 18:07:17,899 [INFO] ADCParametersView:116 -                Rank 1 : false
2024-08-30 18:07:17,899 [INFO] ADCParametersView:116 -                Rank 1 : false
2024-08-30 18:07:17,899 [INFO] ADCParametersView:116 -                Rank 1 : false
2024-08-30 18:07:17,899 [INFO] ADCParametersView:116 -                Rank 1 : false
2024-08-30 18:07:17,899 [INFO] ADCParametersView:116 -                Rank 1 : false
2024-08-30 18:07:17,900 [INFO] ADCParametersView:116 -                Rank 1 : false
2024-08-30 18:07:17,900 [INFO] ADCParametersView:116 -                Rank 1 : false
2024-08-30 18:07:17,900 [INFO] ADCParametersView:116 -                Rank 1 : false
2024-08-30 18:07:17,900 [INFO] ADCParametersView:116 -                Rank 1 : false
2024-08-30 18:07:17,900 [INFO] ADCParametersView:116 -                Rank 1 : false
2024-08-30 18:07:17,900 [INFO] ADCParametersView:116 -                Rank 1 : false
2024-08-30 18:07:17,900 [INFO] ADCParametersView:116 -                Rank 1 : false
2024-08-30 18:07:17,971 [INFO] ADCParametersView:116 -                Rank 1 : false
2024-08-30 18:07:18,068 [INFO] ADCParametersView:116 -                Rank 1 : false
2024-08-30 18:07:18,069 [INFO] ADCParametersView:116 -                Rank 1 : false
2024-08-30 18:07:18,069 [INFO] ADCParametersView:116 -                Rank 1 : false
2024-08-30 18:07:18,069 [INFO] ADCParametersView:116 -                Rank 1 : false
2024-08-30 18:07:18,070 [INFO] ADCParametersView:116 -                Rank 1 : false
2024-08-30 18:07:18,070 [INFO] ADCParametersView:116 -                Rank 1 : false
2024-08-30 18:07:18,070 [INFO] ADCParametersView:116 -                Rank 1 : false
2024-08-30 18:07:18,070 [INFO] ADCParametersView:116 -                Rank 1 : false
2024-08-30 18:07:18,070 [INFO] ADCParametersView:116 -                Rank 1 : false
2024-08-30 18:07:18,070 [INFO] ADCParametersView:116 -                Rank 1 : false
2024-08-30 18:07:18,070 [INFO] ADCParametersView:116 -                Rank 1 : false
2024-08-30 18:07:18,070 [INFO] ADCParametersView:116 -                Rank 1 : false
2024-08-30 18:07:18,070 [INFO] ADCParametersView:116 -                Rank 1 : false
2024-08-30 18:07:18,071 [INFO] ADCParametersView:116 -                Rank 1 : false
2024-08-30 18:07:18,141 [INFO] ADCParametersView:116 -                Rank 1 : false
2024-08-30 18:10:39,134 [INFO] Gpio:277 - dependency for GPIO [ADC1]
2024-08-30 18:10:50,954 [INFO] Gpio:277 - dependency for GPIO [ADC1]
2024-08-30 18:11:03,878 [INFO] UtilMem:75 - End SaveConfig() Used Memory: 354231392 Bytes (993001472)
2024-08-30 18:12:18,255 [INFO] UtilMem:75 - End SaveConfig() Used Memory: 428680288 Bytes (993001472)
2024-08-30 18:12:19,998 [INFO] UtilMem:75 - End SaveConfig() Used Memory: 586488928 Bytes (993001472)
2024-08-30 18:12:20,260 [INFO] BlockDiagram:2766 - set Specific Code input for plugin: SYS
2024-08-30 18:12:20,260 [INFO] BlockDiagram:2766 - set Specific Code input for plugin: ADC
2024-08-30 18:12:20,260 [INFO] BlockDiagram:2766 - set Specific Code input for plugin: RCC
2024-08-30 18:12:20,260 [INFO] BlockDiagram:2766 - set Specific Code input for plugin: NVIC
2024-08-30 18:12:20,260 [INFO] BlockDiagram:2766 - set Specific Code input for plugin: USART
2024-08-30 18:12:20,260 [INFO] BlockDiagram:2766 - set Specific Code input for plugin: CORTEX_M7
2024-08-30 18:12:20,260 [INFO] BlockDiagram:2766 - set Specific Code input for plugin: DMA
2024-08-30 18:12:20,260 [INFO] BlockDiagram:2766 - set Specific Code input for plugin: GPIO
2024-08-30 18:12:20,267 [INFO] CodeGenerator:807 - code generatio: config db path: C:\ST\STM32CubeIDE_1.16.0\STM32CubeIDE\plugins\com.st.stm32cube.common.mx_6.12.0.202406281431\\db\
2024-08-30 18:12:20,648 [INFO] CodeEngine:255 - oldGeneratedFile, C:\Users\USER\STM32CubeIDE\workspace_1.16.0\lab5special\MXTmpFiles\license.tmp_save
2024-08-30 18:12:20,824 [INFO] CodeEngine:279 - Generated code: C:\Users\USER\STM32CubeIDE\workspace_1.16.0\lab5special\MXTmpFiles\license.tmp
2024-08-30 18:12:20,923 [INFO] CodeEngine:255 - oldGeneratedFile, C:\Users\USER\STM32CubeIDE\workspace_1.16.0\lab5special\Core\Src\gpio.c_save
2024-08-30 18:12:21,088 [INFO] CodeEngine:279 - Generated code: C:\Users\USER\STM32CubeIDE\workspace_1.16.0\lab5special\Core\Src\gpio.c
2024-08-30 18:12:21,117 [INFO] CodeEngine:255 - oldGeneratedFile, C:\Users\USER\STM32CubeIDE\workspace_1.16.0\lab5special\Core\Inc\gpio.h_save
2024-08-30 18:12:21,277 [INFO] CodeEngine:279 - Generated code: C:\Users\USER\STM32CubeIDE\workspace_1.16.0\lab5special\Core\Inc\gpio.h
2024-08-30 18:12:21,578 [INFO] CodeEngine:255 - oldGeneratedFile, C:\Users\USER\STM32CubeIDE\workspace_1.16.0\lab5special\Core\Src\adc.c_save
2024-08-30 18:12:21,863 [INFO] CodeEngine:279 - Generated code: C:\Users\USER\STM32CubeIDE\workspace_1.16.0\lab5special\Core\Src\adc.c
2024-08-30 18:12:21,885 [INFO] CodeEngine:255 - oldGeneratedFile, C:\Users\USER\STM32CubeIDE\workspace_1.16.0\lab5special\Core\Inc\adc.h_save
2024-08-30 18:12:22,056 [INFO] CodeEngine:279 - Generated code: C:\Users\USER\STM32CubeIDE\workspace_1.16.0\lab5special\Core\Inc\adc.h
2024-08-30 18:12:22,088 [INFO] CodeEngine:255 - oldGeneratedFile, C:\Users\USER\STM32CubeIDE\workspace_1.16.0\lab5special\MXTmpFiles\cortex.tmp_save
2024-08-30 18:12:22,256 [INFO] CodeEngine:279 - Generated code: C:\Users\USER\STM32CubeIDE\workspace_1.16.0\lab5special\MXTmpFiles\cortex.tmp
2024-08-30 18:12:22,306 [INFO] CodeEngine:255 - oldGeneratedFile, C:\Users\USER\STM32CubeIDE\workspace_1.16.0\lab5special\Core\Src\dma.c_save
2024-08-30 18:12:22,503 [INFO] CodeEngine:279 - Generated code: C:\Users\USER\STM32CubeIDE\workspace_1.16.0\lab5special\Core\Src\dma.c
2024-08-30 18:12:22,530 [INFO] CodeEngine:255 - oldGeneratedFile, C:\Users\USER\STM32CubeIDE\workspace_1.16.0\lab5special\Core\Inc\dma.h_save
2024-08-30 18:12:22,695 [INFO] CodeEngine:279 - Generated code: C:\Users\USER\STM32CubeIDE\workspace_1.16.0\lab5special\Core\Inc\dma.h
2024-08-30 18:12:22,712 [INFO] CodeEngine:255 - oldGeneratedFile, C:\Users\USER\STM32CubeIDE\workspace_1.16.0\lab5special\Core\Src\usart.c_save
2024-08-30 18:12:22,978 [INFO] CodeEngine:279 - Generated code: C:\Users\USER\STM32CubeIDE\workspace_1.16.0\lab5special\Core\Src\usart.c
2024-08-30 18:12:22,988 [INFO] CodeEngine:255 - oldGeneratedFile, C:\Users\USER\STM32CubeIDE\workspace_1.16.0\lab5special\Core\Inc\usart.h_save
2024-08-30 18:12:23,162 [INFO] CodeEngine:279 - Generated code: C:\Users\USER\STM32CubeIDE\workspace_1.16.0\lab5special\Core\Inc\usart.h
2024-08-30 18:12:23,217 [INFO] CodeEngine:255 - oldGeneratedFile, C:\Users\USER\STM32CubeIDE\workspace_1.16.0\lab5special\Core\Src\stm32f7xx_it.c_save
2024-08-30 18:12:23,545 [INFO] CodeEngine:279 - Generated code: C:\Users\USER\STM32CubeIDE\workspace_1.16.0\lab5special\Core\Src\stm32f7xx_it.c
2024-08-30 18:12:23,589 [INFO] CodeEngine:255 - oldGeneratedFile, C:\Users\USER\STM32CubeIDE\workspace_1.16.0\lab5special\Core\Inc\stm32f7xx_it.h_save
2024-08-30 18:12:23,777 [INFO] CodeEngine:279 - Generated code: C:\Users\USER\STM32CubeIDE\workspace_1.16.0\lab5special\Core\Inc\stm32f7xx_it.h
2024-08-30 18:12:23,838 [INFO] CodeEngine:255 - oldGeneratedFile, C:\Users\USER\STM32CubeIDE\workspace_1.16.0\lab5special\Core\Src\stm32f7xx_hal_msp.c_save
2024-08-30 18:12:24,051 [INFO] CodeEngine:279 - Generated code: C:\Users\USER\STM32CubeIDE\workspace_1.16.0\lab5special\Core\Src\stm32f7xx_hal_msp.c
2024-08-30 18:12:24,072 [INFO] CodeEngine:255 - oldGeneratedFile, C:\Users\USER\STM32CubeIDE\workspace_1.16.0\lab5special\MXTmpFiles\system.tmp_save
2024-08-30 18:12:24,210 [INFO] CodeEngine:279 - Generated code: C:\Users\USER\STM32CubeIDE\workspace_1.16.0\lab5special\MXTmpFiles\system.tmp
2024-08-30 18:12:24,265 [INFO] CodeEngine:311 - oldGeneratedFile, C:\Users\USER\STM32CubeIDE\workspace_1.16.0\lab5special\Core\Inc\stm32f7xx_hal_conf.h_save
2024-08-30 18:12:24,473 [INFO] CodeEngine:335 - Generated code: C:\Users\USER\STM32CubeIDE\workspace_1.16.0\lab5special\Core\Inc\stm32f7xx_hal_conf.h
2024-08-30 18:12:24,581 [INFO] CodeEngine:255 - oldGeneratedFile, C:\Users\USER\STM32CubeIDE\workspace_1.16.0\lab5special\Core\Inc\main.h_save
2024-08-30 18:12:24,813 [INFO] CodeEngine:279 - Generated code: C:\Users\USER\STM32CubeIDE\workspace_1.16.0\lab5special\Core\Inc\main.h
2024-08-30 18:12:24,862 [INFO] CodeEngine:255 - oldGeneratedFile, C:\Users\USER\STM32CubeIDE\workspace_1.16.0\lab5special\Core\Src\main.c_save
2024-08-30 18:12:25,091 [INFO] CodeEngine:279 - Generated code: C:\Users\USER\STM32CubeIDE\workspace_1.16.0\lab5special\Core\Src\main.c
2024-08-30 18:12:25,846 [INFO] ProjectBuilder:3249 - Time for Copy HAL[1] : 422mS.
2024-08-30 18:12:25,853 [INFO] ProjectBuilder:4828 - Project Generator version: 4.4.0-B60
2024-08-30 18:12:26,027 [INFO] ConfigFileManager:1531 - The Die is : DIE451
2024-08-30 18:12:27,215 [INFO] ProjectBuilder:5097 - Time for Generating toolchain IDE Files: 1361mS.
2024-08-30 18:12:27,216 [INFO] ProjectBuilder:3107 - Time for Copy CMSIS : 1mS.
2024-08-30 18:12:27,221 [INFO] ProjectBuilder:3107 - Time for Copy CMSIS : 0mS.
2024-08-30 18:17:53,993 [INFO] NvicIntPanel:101 - NVIC parent = com.st.microxplorer.plugins.ip.nvic.MultiNvicIntPanel[,0,0,800x236,layout=javax.swing.BoxLayout,alignmentX=0.0,alignmentY=0.0,border=,flags=9,maximumSize=,minimumSize=,preferredSize=]
2024-08-30 18:22:16,657 [INFO] ADCParametersView:116 -                Rank 1 : false
2024-08-30 18:22:16,658 [INFO] ADCParametersView:116 -                Rank 1 : false
2024-08-30 18:22:16,658 [INFO] ADCParametersView:116 -                Rank 1 : false
2024-08-30 18:22:16,658 [INFO] ADCParametersView:116 -                Rank 1 : false
2024-08-30 18:22:16,658 [INFO] ADCParametersView:116 -                Rank 1 : false
2024-08-30 18:22:16,658 [INFO] ADCParametersView:116 -                Rank 1 : false
2024-08-30 18:22:16,658 [INFO] ADCParametersView:116 -                Rank 1 : false
2024-08-30 18:22:16,659 [INFO] ADCParametersView:116 -                Rank 1 : false
2024-08-30 18:22:16,659 [INFO] ADCParametersView:116 -                Rank 1 : false
2024-08-30 18:22:16,659 [INFO] ADCParametersView:116 -                Rank 1 : false
2024-08-30 18:22:16,659 [INFO] ADCParametersView:116 -                Rank 1 : false
2024-08-30 18:22:16,659 [INFO] ADCParametersView:116 -                Rank 1 : false
2024-08-30 18:22:16,659 [INFO] ADCParametersView:116 -                Rank 1 : false
2024-08-30 18:22:16,659 [INFO] ADCParametersView:116 -                Rank 1 : false
2024-08-30 18:22:16,742 [INFO] ADCParametersView:116 -                Rank 1 : false
2024-08-30 18:22:16,850 [INFO] ADCParametersView:116 -                Rank 1 : false
2024-08-30 18:22:16,853 [INFO] ADCParametersView:116 -                Rank 1 : false
2024-08-30 18:22:16,854 [INFO] ADCParametersView:116 -                Rank 1 : false
2024-08-30 18:22:16,854 [INFO] ADCParametersView:116 -                Rank 1 : false
2024-08-30 18:22:16,854 [INFO] ADCParametersView:116 -                Rank 1 : false
2024-08-30 18:22:16,854 [INFO] ADCParametersView:116 -                Rank 1 : false
2024-08-30 18:22:16,854 [INFO] ADCParametersView:116 -                Rank 1 : false
2024-08-30 18:22:16,854 [INFO] ADCParametersView:116 -                Rank 1 : false
2024-08-30 18:22:16,854 [INFO] ADCParametersView:116 -                Rank 1 : false
2024-08-30 18:22:16,854 [INFO] ADCParametersView:116 -                Rank 1 : false
2024-08-30 18:22:16,854 [INFO] ADCParametersView:116 -                Rank 1 : false
2024-08-30 18:22:16,854 [INFO] ADCParametersView:116 -                Rank 1 : false
2024-08-30 18:22:16,855 [INFO] ADCParametersView:116 -                Rank 1 : false
2024-08-30 18:22:16,855 [INFO] ADCParametersView:116 -                Rank 1 : false
2024-08-30 18:22:16,928 [INFO] ADCParametersView:116 -                Rank 1 : false
2024-08-30 18:22:21,937 [INFO] SpinnerEditorADC:65 - is string kkkk
2024-08-30 18:22:23,255 [INFO] NvicIntPanel:101 - NVIC parent = com.st.microxplorer.plugins.ip.nvic.MultiNvicIntPanel[,0,0,0x0,invalid,layout=javax.swing.BoxLayout,alignmentX=0.0,alignmentY=0.0,border=,flags=9,maximumSize=,minimumSize=,preferredSize=]
2024-08-30 18:22:23,374 [INFO] ADCParametersView:116 -                Rank 1 : false
2024-08-30 18:22:23,377 [INFO] ADCParametersView:116 -                Rank 1 : false
2024-08-30 18:22:23,377 [INFO] ADCParametersView:116 -                Rank 1 : false
2024-08-30 18:22:23,377 [INFO] ADCParametersView:116 -                Rank 1 : false
2024-08-30 18:22:23,377 [INFO] ADCParametersView:116 -                Rank 1 : false
2024-08-30 18:22:23,377 [INFO] ADCParametersView:116 -                Rank 1 : false
2024-08-30 18:22:23,377 [INFO] ADCParametersView:116 -                Rank 1 : false
2024-08-30 18:22:23,377 [INFO] ADCParametersView:116 -                Rank 1 : false
2024-08-30 18:22:23,378 [INFO] ADCParametersView:116 -                Rank 1 : false
2024-08-30 18:22:23,378 [INFO] ADCParametersView:116 -                Rank 1 : false
2024-08-30 18:22:23,378 [INFO] ADCParametersView:116 -                Rank 1 : false
2024-08-30 18:22:23,378 [INFO] ADCParametersView:116 -                Rank 1 : false
2024-08-30 18:22:23,378 [INFO] ADCParametersView:116 -                Rank 1 : false
2024-08-30 18:22:23,378 [INFO] ADCParametersView:116 -                Rank 1 : false
2024-08-30 18:22:23,480 [INFO] ADCParametersView:116 -                Rank 1 : false
2024-08-30 22:41:21,625 [INFO] WebApp:189 - Connection lost
2024-08-30 22:42:24,533 [INFO] WebApp:186 - Connection restablished
