2024-09-27 19:32:49,833 [INFO] Activator:176 - 


2024-09-27 19:32:49,842 [INFO] Activator:177 - !SESSION log4j initialized
2024-09-27 19:32:59,173 [INFO] LogOutputStream:77 - [STDOUT_REDIRECT] 
2024-09-27 19:33:04,118 [INFO] ApplicationProperties:184 - Using Application install path: C:\ST\STM32CubeIDE_1.16.0\STM32CubeIDE\plugins\com.st.stm32cube.common.mx_6.12.0.202406281431
2024-09-27 19:33:04,149 [INFO] DbMcusXml:78 - Set database path to: C:\ST\STM32CubeIDE_1.16.0\STM32CubeIDE\plugins\com.st.stm32cube.common.mx_6.12.0.202406281431\\db\/mcu/
2024-09-27 19:33:04,149 [INFO] ApiDb:274 - Set plugin database path to: C:\ST\STM32CubeIDE_1.16.0\STM32CubeIDE\plugins\com.st.stm32cube.common.mx_6.12.0.202406281431\\db\/plugins/boardmanager/
2024-09-27 19:33:04,150 [WARN] ApiDb:259 - Overriding images path with different value:  => C:\ST\STM32CubeIDE_1.16.0\STM32CubeIDE\plugins\com.st.stm32cube.common.mx_6.12.0.202406281431\\db\/plugins/mcufinder/images/
2024-09-27 19:33:04,167 [INFO] ApiDb:250 - Set database path to: C:\Users\USER\.stmcufinder\plugins\mcufinder//mcu/
2024-09-27 19:33:04,169 [INFO] DbMcusAds:125 - Set database path to: C:\Users\USER\.stmcufinder\plugins\mcufinder//mcu/
2024-09-27 19:33:04,174 [INFO] CrossReferenceDbSqlite:203 - Set database path to: C:\Users\USER\.stmcufinder\plugins\mcufinder//mcu/cs/
2024-09-27 19:33:04,347 [INFO] RulesReader:64 - Compatibility file has been processed (297 Rules)
2024-09-27 19:33:04,487 [INFO] DbMcusXml:78 - Set database path to: C:\ST\STM32CubeIDE_1.16.0\STM32CubeIDE\plugins\com.st.stm32cube.common.mx_6.12.0.202406281431\\db\/mcu/
2024-09-27 19:33:04,488 [INFO] ApiDb:274 - Set plugin database path to: C:\ST\STM32CubeIDE_1.16.0\STM32CubeIDE\plugins\com.st.stm32cube.common.mx_6.12.0.202406281431\\db\/plugins/boardmanager/
2024-09-27 19:33:04,488 [INFO] ApiDb:261 - Set plugin images path to: C:\ST\STM32CubeIDE_1.16.0\STM32CubeIDE\plugins\com.st.stm32cube.common.mx_6.12.0.202406281431\\db\/plugins/mcufinder/images/
2024-09-27 19:33:04,488 [WARN] DbFile:41 - Overriding database path with different value: C:\Users\USER\.stmcufinder\plugins\mcufinder/ => C:\Users\USER\.stmcufinder\plugins\mcufinder
2024-09-27 19:33:04,488 [INFO] ApiDb:250 - Set database path to: C:\Users\USER\.stmcufinder\plugins\mcufinder//mcu/
2024-09-27 19:33:04,488 [WARN] DbFile:41 - Overriding database path with different value: C:\Users\USER\.stmcufinder\plugins\mcufinder/ => C:\Users\USER\.stmcufinder\plugins\mcufinder
2024-09-27 19:33:04,488 [INFO] DbMcusAds:125 - Set database path to: C:\Users\USER\.stmcufinder\plugins\mcufinder//mcu/
2024-09-27 19:33:04,489 [WARN] DbFile:41 - Overriding database path with different value: C:\Users\USER\.stmcufinder\plugins\mcufinder/ => C:\Users\USER\.stmcufinder\plugins\mcufinder
2024-09-27 19:33:04,489 [WARN] DbFile:41 - Overriding database path with different value: C:\Users\USER\.stmcufinder\plugins\mcufinder/ => C:\Users\USER\.stmcufinder\plugins\mcufinder
2024-09-27 19:33:04,489 [INFO] CrossReferenceDbSqlite:203 - Set database path to: C:\Users\USER\.stmcufinder\plugins\mcufinder//mcu/cs/
2024-09-27 19:33:04,613 [INFO] MainPanel:268 - HeapMemory: 268435456
2024-09-27 19:33:04,787 [INFO] DbMcusXml:78 - Set database path to: C:\ST\STM32CubeIDE_1.16.0\STM32CubeIDE\plugins\com.st.stm32cube.common.mx_6.12.0.202406281431\\db\/mcu/
2024-09-27 19:33:04,788 [INFO] ApiDb:274 - Set plugin database path to: C:\ST\STM32CubeIDE_1.16.0\STM32CubeIDE\plugins\com.st.stm32cube.common.mx_6.12.0.202406281431\\db\/plugins/boardmanager/
2024-09-27 19:33:04,788 [INFO] ApiDb:261 - Set plugin images path to: C:\ST\STM32CubeIDE_1.16.0\STM32CubeIDE\plugins\com.st.stm32cube.common.mx_6.12.0.202406281431\\db\/plugins/mcufinder/images/
2024-09-27 19:33:04,788 [WARN] DbFile:41 - Overriding database path with different value: C:\Users\USER\.stmcufinder\plugins\mcufinder/ => C:\Users\USER\.stmcufinder\plugins\mcufinder
2024-09-27 19:33:04,788 [INFO] ApiDb:250 - Set database path to: C:\Users\USER\.stmcufinder\plugins\mcufinder//mcu/
2024-09-27 19:33:04,788 [WARN] DbFile:41 - Overriding database path with different value: C:\Users\USER\.stmcufinder\plugins\mcufinder/ => C:\Users\USER\.stmcufinder\plugins\mcufinder
2024-09-27 19:33:04,788 [INFO] DbMcusAds:125 - Set database path to: C:\Users\USER\.stmcufinder\plugins\mcufinder//mcu/
2024-09-27 19:33:04,788 [WARN] DbFile:41 - Overriding database path with different value: C:\Users\USER\.stmcufinder\plugins\mcufinder/ => C:\Users\USER\.stmcufinder\plugins\mcufinder
2024-09-27 19:33:04,788 [WARN] DbFile:41 - Overriding database path with different value: C:\Users\USER\.stmcufinder\plugins\mcufinder/ => C:\Users\USER\.stmcufinder\plugins\mcufinder
2024-09-27 19:33:04,788 [INFO] CrossReferenceDbSqlite:203 - Set database path to: C:\Users\USER\.stmcufinder\plugins\mcufinder//mcu/cs/
2024-09-27 19:33:04,812 [INFO] ApplicationProperties:184 - Using Application install path: C:\ST\STM32CubeIDE_1.16.0\STM32CubeIDE\plugins\com.st.stm32cube.common.mx_6.12.0.202406281431
2024-09-27 19:33:04,814 [INFO] PluginManage:196 - Search for loadable plugins [exclusion list=, ]
2024-09-27 19:33:04,815 [INFO] PluginManage:310 - Check plugin analytics
2024-09-27 19:33:05,046 [INFO] AnalyticsPlugin:253 - Accepted Software Licenses: 
2024-09-27 19:33:05,046 [INFO] AnalyticsPlugin:255 - Accepted CMSIS Pack Licenses: 
2024-09-27 19:33:05,046 [INFO] AnalyticsPlugin:257 - Accepted Firmware Licenses: FW.F7.1.17.0
2024-09-27 19:33:05,050 [INFO] PluginManage:359 - Loaded plugin analytics (category:tool,tabindex:-1)
2024-09-27 19:33:05,051 [INFO] PluginManage:310 - Check plugin cadmodel
2024-09-27 19:33:05,072 [INFO] CADModel:105 - Init CAD model plugin
2024-09-27 19:33:05,072 [INFO] PluginManage:359 - Loaded plugin cadmodel (category:power,tabindex:5)
2024-09-27 19:33:05,072 [INFO] PluginManage:310 - Check plugin clock
2024-09-27 19:33:05,099 [INFO] PluginManage:359 - Loaded plugin clock (category:base,tabindex:2)
2024-09-27 19:33:05,100 [INFO] PluginManage:310 - Check plugin ddr
2024-09-27 19:33:05,104 [INFO] PluginManage:359 - Loaded plugin ddr (category:tool,tabindex:6)
2024-09-27 19:33:05,105 [INFO] PluginManage:310 - Check plugin filemanager
2024-09-27 19:33:05,383 [INFO] PluginManage:359 - Loaded plugin filemanager (category:base,tabindex:10)
2024-09-27 19:33:05,383 [INFO] PluginManage:310 - Check plugin ipmanager
2024-09-27 19:33:05,400 [INFO] PluginManage:359 - Loaded plugin ipmanager (category:base,tabindex:5)
2024-09-27 19:33:05,401 [INFO] PluginManage:310 - Check plugin lpbam
2024-09-27 19:33:05,434 [INFO] PluginManage:359 - Loaded plugin lpbam (category:base,tabindex:0)
2024-09-27 19:33:05,434 [INFO] PluginManage:310 - Check plugin memorymap
2024-09-27 19:33:05,483 [INFO] PluginManage:359 - Loaded plugin memorymap (category:base,tabindex:4)
2024-09-27 19:33:05,483 [INFO] PluginManage:310 - Check plugin pinoutandconfiguration
2024-09-27 19:33:05,512 [INFO] PluginManage:359 - Loaded plugin pinoutandconfiguration (category:base,tabindex:1)
2024-09-27 19:33:05,513 [INFO] PluginManage:310 - Check plugin pinoutconfig
2024-09-27 19:33:05,689 [WARN] SupportedApi:132 - Cannot load RTOS API schema: s4s-elt-must-match.1: The content of 'definitions' must match (annotation?, (simpleType | complexType)?, (unique | key | keyref)*)). A problem was found starting at: attribute.
2024-09-27 19:33:05,996 [INFO] PluginManage:359 - Loaded plugin pinoutconfig (category:base,tabindex:0)
2024-09-27 19:33:05,996 [INFO] PluginManage:310 - Check plugin power
2024-09-27 19:33:06,030 [INFO] PluginManage:359 - Loaded plugin power (category:power,tabindex:4)
2024-09-27 19:33:06,031 [INFO] PluginManage:310 - Check plugin projectmanager
2024-09-27 19:33:06,059 [INFO] PluginManage:359 - Loaded plugin projectmanager (category:projectmanager,tabindex:4)
2024-09-27 19:33:06,061 [INFO] PluginManage:310 - Check plugin rif
2024-09-27 19:33:06,086 [INFO] PluginManage:359 - Loaded plugin rif (category:base,tabindex:3)
2024-09-27 19:33:06,087 [INFO] PluginManage:310 - Check plugin thirdparty
2024-09-27 19:33:06,697 [INFO] PluginManage:359 - Loaded plugin thirdparty (category:base,tabindex:-1)
2024-09-27 19:33:06,697 [WARN] IntegrityCheckThread:84 - waiting for thirdparty lock release [integrity check]
2024-09-27 19:33:06,699 [INFO] PluginManage:310 - Check plugin tools
2024-09-27 19:33:06,699 [INFO] IntegrityCheckThread:86 - entering critical section [integrity check]
2024-09-27 19:33:06,699 [INFO] ThirdPartyUpdaterWithRetryManager:70 - Updater plugin not ready yet. [1/15]
2024-09-27 19:33:06,749 [INFO] PluginManage:359 - Loaded plugin tools (category:base,tabindex:7)
2024-09-27 19:33:06,750 [INFO] PluginManage:310 - Check plugin tutovideos
2024-09-27 19:33:07,043 [INFO] PluginManage:359 - Loaded plugin tutovideos (category:base,tabindex:-1)
2024-09-27 19:33:07,043 [INFO] PluginManage:310 - Check plugin updater
2024-09-27 19:33:07,076 [INFO] PluginManage:359 - Loaded plugin updater (category:base,tabindex:12)
2024-09-27 19:33:07,077 [INFO] PluginManage:310 - Check plugin userauth
2024-09-27 19:33:07,085 [INFO] UserAuth:113 - Init User Auth plugin
2024-09-27 19:33:07,085 [INFO] PluginManage:359 - Loaded plugin userauth (category:base,tabindex:14)
2024-09-27 19:33:07,085 [INFO] PluginManage:283 - PluginManage : Loaded plugins [18]
2024-09-27 19:33:07,447 [INFO] PinOutPanel:1561 - setPackage(No Configuration,No Configuration)
2024-09-27 19:33:07,580 [INFO] CADModel:165 - CPN selected for project level
2024-09-27 19:33:07,580 [INFO] CADModel:114 - Register for checkConnection events
2024-09-27 19:33:07,622 [INFO] IPUIPlugin:80 - create IPUIPlugin
2024-09-27 19:33:07,623 [INFO] PluginManager:220 - loadIPPluginJar : add adc
2024-09-27 19:33:07,676 [INFO] IPUIPlugin:80 - create IPUIPlugin
2024-09-27 19:33:07,676 [INFO] PluginManager:220 - loadIPPluginJar : add aes
2024-09-27 19:33:07,739 [INFO] IPUIPlugin:80 - create IPUIPlugin
2024-09-27 19:33:07,739 [INFO] PluginManager:220 - loadIPPluginJar : add can
2024-09-27 19:33:07,773 [INFO] IPUIPlugin:80 - create IPUIPlugin
2024-09-27 19:33:07,773 [INFO] PluginManager:220 - loadIPPluginJar : add comp
2024-09-27 19:33:07,819 [INFO] IPUIPlugin:80 - create IPUIPlugin
2024-09-27 19:33:07,819 [INFO] PluginManager:220 - loadIPPluginJar : add cryp
2024-09-27 19:33:07,838 [INFO] IPUIPlugin:80 - create IPUIPlugin
2024-09-27 19:33:07,839 [INFO] PluginManager:220 - loadIPPluginJar : add ddr_ctrl_phy
2024-09-27 19:33:07,885 [INFO] IPUIPlugin:80 - create IPUIPlugin
2024-09-27 19:33:07,885 [INFO] PluginManager:220 - loadIPPluginJar : add dfsdm
2024-09-27 19:33:07,906 [INFO] IPUIPlugin:80 - create IPUIPlugin
2024-09-27 19:33:07,907 [INFO] PluginManager:220 - loadIPPluginJar : add dma
2024-09-27 19:33:07,985 [INFO] IPUIPlugin:80 - create IPUIPlugin
2024-09-27 19:33:07,986 [INFO] PluginManager:220 - loadIPPluginJar : add dma3
2024-09-27 19:33:08,059 [INFO] IPUIPlugin:80 - create IPUIPlugin
2024-09-27 19:33:08,059 [INFO] PluginManager:220 - loadIPPluginJar : add extmemmanager
2024-09-27 19:33:08,094 [INFO] IPUIPlugin:80 - create IPUIPlugin
2024-09-27 19:33:08,094 [INFO] PluginManager:220 - loadIPPluginJar : add fatfs
2024-09-27 19:33:08,176 [INFO] IPUIPlugin:80 - create IPUIPlugin
2024-09-27 19:33:08,176 [INFO] PluginManager:220 - loadIPPluginJar : add fmc
2024-09-27 19:33:08,199 [INFO] IPUIPlugin:80 - create IPUIPlugin
2024-09-27 19:33:08,200 [INFO] PluginManager:220 - loadIPPluginJar : add freertos
2024-09-27 19:33:08,232 [INFO] IPUIPlugin:80 - create IPUIPlugin
2024-09-27 19:33:08,232 [INFO] PluginManager:220 - loadIPPluginJar : add genericplugin
2024-09-27 19:33:08,381 [INFO] IPUIPlugin:80 - create IPUIPlugin
2024-09-27 19:33:08,381 [INFO] PluginManager:220 - loadIPPluginJar : add gfxmmu
2024-09-27 19:33:08,582 [INFO] IPUIPlugin:80 - create IPUIPlugin
2024-09-27 19:33:08,582 [INFO] PluginManager:220 - loadIPPluginJar : add gic
2024-09-27 19:33:08,600 [INFO] IPUIPlugin:80 - create IPUIPlugin
2024-09-27 19:33:08,600 [INFO] PluginManager:220 - loadIPPluginJar : add gpio
2024-09-27 19:33:08,725 [INFO] IPUIPlugin:80 - create IPUIPlugin
2024-09-27 19:33:08,725 [INFO] PluginManager:220 - loadIPPluginJar : add gtzc
2024-09-27 19:33:08,770 [INFO] IPUIPlugin:80 - create IPUIPlugin
2024-09-27 19:33:08,770 [INFO] PluginManager:220 - loadIPPluginJar : add hash
2024-09-27 19:33:08,843 [INFO] IPUIPlugin:80 - create IPUIPlugin
2024-09-27 19:33:08,843 [INFO] PluginManager:220 - loadIPPluginJar : add i2c
2024-09-27 19:33:08,905 [INFO] IPUIPlugin:80 - create IPUIPlugin
2024-09-27 19:33:08,905 [INFO] PluginManager:220 - loadIPPluginJar : add i2s
2024-09-27 19:33:08,968 [INFO] IPUIPlugin:80 - create IPUIPlugin
2024-09-27 19:33:08,968 [INFO] PluginManager:220 - loadIPPluginJar : add i3c
2024-09-27 19:33:09,108 [INFO] IPUIPlugin:80 - create IPUIPlugin
2024-09-27 19:33:09,108 [INFO] PluginManager:220 - loadIPPluginJar : add ipddr
2024-09-27 19:33:09,237 [INFO] IPUIPlugin:80 - create IPUIPlugin
2024-09-27 19:33:09,237 [INFO] PluginManager:220 - loadIPPluginJar : add linkedlist
2024-09-27 19:33:09,285 [INFO] IPUIPlugin:80 - create IPUIPlugin
2024-09-27 19:33:09,285 [INFO] PluginManager:220 - loadIPPluginJar : add lorawan
2024-09-27 19:33:09,339 [INFO] IPUIPlugin:80 - create IPUIPlugin
2024-09-27 19:33:09,340 [INFO] PluginManager:220 - loadIPPluginJar : add ltdc
2024-09-27 19:33:09,359 [INFO] IPUIPlugin:80 - create IPUIPlugin
2024-09-27 19:33:09,360 [INFO] PluginManager:220 - loadIPPluginJar : add mdma
2024-09-27 19:33:09,375 [INFO] IPUIPlugin:80 - create IPUIPlugin
2024-09-27 19:33:09,375 [INFO] PluginManager:220 - loadIPPluginJar : add nvic
2024-09-27 19:33:09,432 [INFO] IPUIPlugin:80 - create IPUIPlugin
2024-09-27 19:33:09,432 [INFO] PluginManager:220 - loadIPPluginJar : add opamp
2024-09-27 19:33:09,541 [INFO] IPUIPlugin:80 - create IPUIPlugin
2024-09-27 19:33:09,541 [INFO] PluginManager:220 - loadIPPluginJar : add openamp
2024-09-27 19:33:09,615 [INFO] IPUIPlugin:80 - create IPUIPlugin
2024-09-27 19:33:09,615 [INFO] PluginManager:220 - loadIPPluginJar : add pdm2pcm
2024-09-27 19:33:09,638 [INFO] IPUIPlugin:80 - create IPUIPlugin
2024-09-27 19:33:09,643 [INFO] PluginManager:220 - loadIPPluginJar : add plateformsettings
2024-09-27 19:33:09,681 [INFO] IPUIPlugin:80 - create IPUIPlugin
2024-09-27 19:33:09,682 [INFO] PluginManager:220 - loadIPPluginJar : add quadspi
2024-09-27 19:33:09,701 [INFO] ThirdPartyUpdaterWithRetryManager:70 - Updater plugin not ready yet. [2/15]
2024-09-27 19:33:09,728 [INFO] IPUIPlugin:80 - create IPUIPlugin
2024-09-27 19:33:09,729 [INFO] PluginManager:220 - loadIPPluginJar : add radio
2024-09-27 19:33:09,749 [INFO] IPUIPlugin:80 - create IPUIPlugin
2024-09-27 19:33:09,749 [INFO] PluginManager:220 - loadIPPluginJar : add resmgrutility
2024-09-27 19:33:09,833 [INFO] IPUIPlugin:80 - create IPUIPlugin
2024-09-27 19:33:09,833 [INFO] PluginManager:220 - loadIPPluginJar : add sai
2024-09-27 19:33:09,892 [INFO] IPUIPlugin:80 - create IPUIPlugin
2024-09-27 19:33:09,893 [INFO] PluginManager:220 - loadIPPluginJar : add spi
2024-09-27 19:33:10,007 [INFO] IPUIPlugin:80 - create IPUIPlugin
2024-09-27 19:33:10,008 [INFO] PluginManager:220 - loadIPPluginJar : add stm32_wpan
2024-09-27 19:33:10,051 [INFO] IPUIPlugin:80 - create IPUIPlugin
2024-09-27 19:33:10,051 [INFO] PluginManager:220 - loadIPPluginJar : add tim
2024-09-27 19:33:10,159 [INFO] IPUIPlugin:80 - create IPUIPlugin
2024-09-27 19:33:10,159 [INFO] PluginManager:220 - loadIPPluginJar : add touchsensing
2024-09-27 19:33:10,198 [INFO] IPUIPlugin:80 - create IPUIPlugin
2024-09-27 19:33:10,198 [INFO] PluginManager:220 - loadIPPluginJar : add tracer_emb
2024-09-27 19:33:10,238 [INFO] IPUIPlugin:80 - create IPUIPlugin
2024-09-27 19:33:10,238 [INFO] PluginManager:220 - loadIPPluginJar : add ts
2024-09-27 19:33:10,269 [INFO] IPUIPlugin:80 - create IPUIPlugin
2024-09-27 19:33:10,269 [INFO] PluginManager:220 - loadIPPluginJar : add tsc
2024-09-27 19:33:10,313 [INFO] IPUIPlugin:80 - create IPUIPlugin
2024-09-27 19:33:10,313 [INFO] PluginManager:220 - loadIPPluginJar : add ucpd
2024-09-27 19:33:10,388 [INFO] IPUIPlugin:80 - create IPUIPlugin
2024-09-27 19:33:10,388 [INFO] PluginManager:220 - loadIPPluginJar : add usart
2024-09-27 19:33:10,468 [INFO] IPUIPlugin:80 - create IPUIPlugin
2024-09-27 19:33:10,469 [INFO] PluginManager:220 - loadIPPluginJar : add usbx
2024-09-27 19:33:10,635 [INFO] CADModel:165 - CPN selected for project level
2024-09-27 19:33:10,635 [INFO] CADModel:114 - Register for checkConnection events
2024-09-27 19:33:10,635 [FATAL] Updater:334 - Updater called before beeing initialized
2024-09-27 19:33:10,635 [ERROR] CADModel:125 - Updater not yet initialized, retry later 
2024-09-27 19:33:10,893 [INFO] CADModel:165 - CPN selected for project level
2024-09-27 19:33:10,894 [INFO] CADModel:114 - Register for checkConnection events
2024-09-27 19:33:10,894 [FATAL] Updater:334 - Updater called before beeing initialized
2024-09-27 19:33:10,894 [ERROR] CADModel:125 - Updater not yet initialized, retry later 
2024-09-27 19:33:10,899 [FATAL] Updater:334 - Updater called before beeing initialized
2024-09-27 19:33:11,070 [FATAL] Updater:334 - Updater called before beeing initialized
2024-09-27 19:33:11,085 [INFO] DbMcusAds:53 - JSON generation date=Fri Sep 20 20:04:23 ICT 2024 (1726837463113)
2024-09-27 19:33:11,085 [FATAL] Updater:334 - Updater called before beeing initialized
2024-09-27 19:33:11,133 [WARN] DetailPanel:346 - Failed to get advertising image, set to default
2024-09-27 19:33:11,277 [FATAL] Updater:334 - Updater called before beeing initialized
2024-09-27 19:33:11,280 [FATAL] Updater:334 - Updater called before beeing initialized
2024-09-27 19:33:11,280 [FATAL] Updater:334 - Updater called before beeing initialized
2024-09-27 19:33:11,280 [WARN] DetailPanel:346 - Failed to get advertising image, set to default
2024-09-27 19:33:11,281 [FATAL] Updater:334 - Updater called before beeing initialized
2024-09-27 19:33:11,373 [ERROR] Updater:1164 - MainUpdater not yet initialized. External WinMGr cannot be set.
2024-09-27 19:33:11,388 [INFO] Updater:1100 - Updater Version found : 6.12.0
2024-09-27 19:33:11,414 [INFO] ApplicationProperties:184 - Using Application install path: C:\ST\STM32CubeIDE_1.16.0\STM32CubeIDE\plugins\com.st.stm32cube.common.mx_6.12.0.202406281431
2024-09-27 19:33:12,705 [INFO] ThirdPartyUpdaterWithRetryManager:70 - Updater plugin not ready yet. [3/15]
2024-09-27 19:33:13,062 [ERROR] LogOutputStream:75 - [STDERR_REDIRECT] Sep 27, 2024 7:33:13 PM java.util.prefs.WindowsPreferences <init>
2024-09-27 19:33:13,063 [ERROR] LogOutputStream:75 - [STDERR_REDIRECT] WARNING: Could not open/create prefs root node Software\JavaSoft\Prefs at root 0xffffffff80000002. Windows RegCreateKeyEx(...) returned error code 5.
2024-09-27 19:33:13,063 [ERROR] LogOutputStream:75 - [STDERR_REDIRECT] 
2024-09-27 19:33:14,376 [INFO] MainUpdater:2873 - connection check result : 10
2024-09-27 19:33:14,378 [INFO] MainUpdater:290 - Updater Check For Update Now.
2024-09-27 19:33:14,378 [INFO] MicroXplorer:498 - Change Database Version : DB.6.0.120
2024-09-27 19:33:14,400 [INFO] McuFinderGlobals:63 - Set McuFinder mode to 2 (CubeIDE integrated)
2024-09-27 19:33:14,414 [INFO] UserAuth:417 - Internet connection configuration mode: 1
2024-09-27 19:33:14,462 [INFO] JxBrowserEngine:152 - Initiate JxBrowser Engine with user profile folder
2024-09-27 19:33:14,641 [INFO] CheckServerUpdateThread:120 - End of CheckServer Thread
2024-09-27 19:33:16,032 [WARN] PackLoader:240 - Cannot read IP mode file for STMicroelectronics.FP-SNS-MOTENVWB1.1.4.0
2024-09-27 19:33:16,057 [WARN] PackLoader:240 - Cannot read IP mode file for STMicroelectronics.X-CUBE-SMBUS.2.1.0
2024-09-27 19:33:16,112 [WARN] PackLoader:240 - Cannot read IP mode file for STMicroelectronics.X-CUBE-AZRTOS-F7.1.1.0
2024-09-27 19:33:16,221 [WARN] PackLoader:240 - Cannot read IP mode file for STMicroelectronics.X-CUBE-MEMS1.11.0.0
2024-09-27 19:33:16,398 [WARN] PackLoader:240 - Cannot read IP mode file for STMicroelectronics.FP-SNS-FLIGHT1.5.0.2
2024-09-27 19:33:16,427 [WARN] PackLoader:240 - Cannot read IP mode file for STMicroelectronics.X-CUBE-DISPLAY.3.0.0
2024-09-27 19:33:16,451 [WARN] PackLoader:240 - Cannot read IP mode file for STMicroelectronics.X-CUBE-BLE1.7.0.0
2024-09-27 19:33:16,470 [WARN] PackLoader:240 - Cannot read IP mode file for emotas.I-CUBE-CANOPEN.1.3.0
2024-09-27 19:33:16,501 [WARN] PackLoader:240 - Cannot read IP mode file for STMicroelectronics.X-CUBE-BLEMGR.3.1.0
2024-09-27 19:33:16,521 [WARN] PackLoader:240 - Cannot read IP mode file for STMicroelectronics.FP-SNS-SMARTAG2.1.2.0
2024-09-27 19:33:16,545 [INFO] LogOutputStream:77 - [STDOUT_REDIRECT] 1 : Invalid condition id : UX_CORESTACK_Condition cause : null
2024-09-27 19:33:16,546 [INFO] LogOutputStream:77 - [STDOUT_REDIRECT] 1 : Invalid condition id : UX_CORESTACK_Condition cause : null
2024-09-27 19:33:16,547 [INFO] LogOutputStream:77 - [STDOUT_REDIRECT] 1 : Invalid condition id : UX_CORESTACK_Condition cause : null
2024-09-27 19:33:16,549 [INFO] LogOutputStream:77 - [STDOUT_REDIRECT] 1 : Invalid condition id : UX_CORESTACK_Condition cause : null
2024-09-27 19:33:16,550 [INFO] LogOutputStream:77 - [STDOUT_REDIRECT] 1 : Invalid condition id : UX_CORESTACK_Condition cause : null
2024-09-27 19:33:16,554 [WARN] PackLoader:240 - Cannot read IP mode file for STMicroelectronics.X-CUBE-AZRTOS-WL.2.0.0
2024-09-27 19:33:16,575 [WARN] PackLoader:240 - Cannot read IP mode file for STMicroelectronics.FP-SNS-MOTENV1.5.0.0
2024-09-27 19:33:16,594 [WARN] PackLoader:240 - Cannot read IP mode file for wolfSSL.I-CUBE-wolfMQTT.1.19.0
2024-09-27 19:33:16,631 [WARN] PackLoader:240 - Cannot read IP mode file for WES.I-CUBE-Cesium.1.3.0
2024-09-27 19:33:16,656 [WARN] PackLoader:240 - Cannot read IP mode file for STMicroelectronics.X-CUBE-BLE2.3.3.0
2024-09-27 19:33:16,685 [WARN] PackLoader:240 - Cannot read IP mode file for STMicroelectronics.X-CUBE-TCPP.4.1.0
2024-09-27 19:33:16,755 [WARN] PackLoader:240 - Cannot read IP mode file for STMicroelectronics.X-CUBE-AZRTOS-G0.1.1.0
2024-09-27 19:33:16,795 [WARN] PackLoader:240 - Cannot read IP mode file for STMicroelectronics.X-CUBE-SAFEA1.1.2.2
2024-09-27 19:33:16,821 [WARN] PackLoader:240 - Cannot read IP mode file for STMicroelectronics.X-CUBE-NFC4.3.0.0
2024-09-27 19:33:16,848 [WARN] PackLoader:240 - Cannot read IP mode file for EmbeddedOffice.I-CUBE-FS-RTOS.1.0.1
2024-09-27 19:33:16,849 [ERROR] ConditionMgr:805 - Attr not supported : Dmpu
2024-09-27 19:33:16,849 [ERROR] ConditionMgr:805 - Attr not supported : Dmpu
2024-09-27 19:33:16,849 [ERROR] ConditionMgr:805 - Attr not supported : Dmpu
2024-09-27 19:33:16,849 [ERROR] ConditionMgr:805 - Attr not supported : Dmpu
2024-09-27 19:33:16,849 [ERROR] ConditionMgr:805 - Attr not supported : Dmpu
2024-09-27 19:33:16,849 [ERROR] ConditionMgr:805 - Attr not supported : Dmpu
2024-09-27 19:33:16,849 [ERROR] ConditionMgr:805 - Attr not supported : Dmpu
2024-09-27 19:33:16,849 [ERROR] ConditionMgr:805 - Attr not supported : Dmpu
2024-09-27 19:33:16,849 [ERROR] ConditionMgr:805 - Attr not supported : Dmpu
2024-09-27 19:33:16,849 [ERROR] ConditionMgr:805 - Attr not supported : Dmpu
2024-09-27 19:33:16,849 [ERROR] ConditionMgr:805 - Attr not supported : Dmpu
2024-09-27 19:33:16,849 [ERROR] ConditionMgr:805 - Attr not supported : Dmpu
2024-09-27 19:33:16,849 [ERROR] ConditionMgr:805 - Attr not supported : Dmpu
2024-09-27 19:33:16,849 [ERROR] ConditionMgr:805 - Attr not supported : Dmpu
2024-09-27 19:33:16,849 [ERROR] ConditionMgr:805 - Attr not supported : Dmpu
2024-09-27 19:33:16,850 [ERROR] ConditionMgr:805 - Attr not supported : Dmpu
2024-09-27 19:33:16,850 [ERROR] ConditionMgr:805 - Attr not supported : Dmpu
2024-09-27 19:33:16,850 [ERROR] ConditionMgr:805 - Attr not supported : Dmpu
2024-09-27 19:33:16,850 [ERROR] ConditionMgr:805 - Attr not supported : Dmpu
2024-09-27 19:33:16,850 [ERROR] ConditionMgr:805 - Attr not supported : Dmpu
2024-09-27 19:33:16,850 [ERROR] ConditionMgr:805 - Attr not supported : Dmpu
2024-09-27 19:33:16,850 [ERROR] ConditionMgr:805 - Attr not supported : Dmpu
2024-09-27 19:33:16,850 [ERROR] ConditionMgr:805 - Attr not supported : Dmpu
2024-09-27 19:33:16,850 [ERROR] ConditionMgr:805 - Attr not supported : Dmpu
2024-09-27 19:33:16,850 [ERROR] ConditionMgr:805 - Attr not supported : Dmpu
2024-09-27 19:33:16,850 [ERROR] ConditionMgr:805 - Attr not supported : Dmpu
2024-09-27 19:33:16,850 [ERROR] ConditionMgr:805 - Attr not supported : Dmpu
2024-09-27 19:33:16,850 [ERROR] ConditionMgr:805 - Attr not supported : Dmpu
2024-09-27 19:33:16,850 [ERROR] ConditionMgr:805 - Attr not supported : Dmpu
2024-09-27 19:33:16,850 [ERROR] ConditionMgr:805 - Attr not supported : Dmpu
2024-09-27 19:33:16,850 [ERROR] ConditionMgr:805 - Attr not supported : Dmpu
2024-09-27 19:33:16,850 [ERROR] ConditionMgr:805 - Attr not supported : Dmpu
2024-09-27 19:33:16,850 [ERROR] ConditionMgr:805 - Attr not supported : Dmpu
2024-09-27 19:33:16,850 [ERROR] ConditionMgr:805 - Attr not supported : Dmpu
2024-09-27 19:33:16,851 [ERROR] ConditionMgr:805 - Attr not supported : Dmpu
2024-09-27 19:33:16,851 [ERROR] ConditionMgr:805 - Attr not supported : Dmpu
2024-09-27 19:33:16,851 [ERROR] ConditionMgr:805 - Attr not supported : Dmpu
2024-09-27 19:33:16,851 [ERROR] ConditionMgr:805 - Attr not supported : Dmpu
2024-09-27 19:33:16,851 [ERROR] ConditionMgr:805 - Attr not supported : Dmpu
2024-09-27 19:33:16,851 [ERROR] ConditionMgr:805 - Attr not supported : Dmpu
2024-09-27 19:33:16,851 [ERROR] ConditionMgr:805 - Attr not supported : Dmpu
2024-09-27 19:33:16,851 [ERROR] ConditionMgr:805 - Attr not supported : Dmpu
2024-09-27 19:33:16,851 [ERROR] ConditionMgr:805 - Attr not supported : Dmpu
2024-09-27 19:33:16,851 [ERROR] ConditionMgr:805 - Attr not supported : Dmpu
2024-09-27 19:33:16,852 [ERROR] ConditionMgr:805 - Attr not supported : Dmpu
2024-09-27 19:33:16,852 [ERROR] ConditionMgr:805 - Attr not supported : Dmpu
2024-09-27 19:33:16,852 [ERROR] ConditionMgr:805 - Attr not supported : Dmpu
2024-09-27 19:33:16,852 [ERROR] ConditionMgr:805 - Attr not supported : Dmpu
2024-09-27 19:33:16,852 [ERROR] ConditionMgr:805 - Attr not supported : Dmpu
2024-09-27 19:33:16,852 [ERROR] ConditionMgr:805 - Attr not supported : Dmpu
2024-09-27 19:33:16,852 [ERROR] ConditionMgr:805 - Attr not supported : Dmpu
2024-09-27 19:33:16,852 [ERROR] ConditionMgr:805 - Attr not supported : Dmpu
2024-09-27 19:33:16,852 [ERROR] ConditionMgr:805 - Attr not supported : Dmpu
2024-09-27 19:33:16,852 [ERROR] ConditionMgr:805 - Attr not supported : Dmpu
2024-09-27 19:33:16,852 [ERROR] ConditionMgr:805 - Attr not supported : Dmpu
2024-09-27 19:33:16,852 [ERROR] ConditionMgr:805 - Attr not supported : Dmpu
2024-09-27 19:33:16,852 [ERROR] ConditionMgr:805 - Attr not supported : Dmpu
2024-09-27 19:33:16,853 [ERROR] ConditionMgr:805 - Attr not supported : Dmpu
2024-09-27 19:33:16,853 [ERROR] ConditionMgr:805 - Attr not supported : Dmpu
2024-09-27 19:33:16,853 [ERROR] ConditionMgr:805 - Attr not supported : Dmpu
2024-09-27 19:33:16,853 [ERROR] ConditionMgr:805 - Attr not supported : Dmpu
2024-09-27 19:33:16,853 [ERROR] ConditionMgr:805 - Attr not supported : Dmpu
2024-09-27 19:33:16,853 [ERROR] ConditionMgr:805 - Attr not supported : Dmpu
2024-09-27 19:33:16,853 [ERROR] ConditionMgr:805 - Attr not supported : Dmpu
2024-09-27 19:33:16,870 [WARN] PackLoader:240 - Cannot read IP mode file for RealThread.X-CUBE-RT-Thread_Nano.4.1.1
2024-09-27 19:33:16,891 [WARN] PackLoader:240 - Cannot read IP mode file for STMicroelectronics.FP-ATR-SIGFOX1.3.2.0
2024-09-27 19:33:16,907 [WARN] PackLoader:240 - Cannot read IP mode file for wolfSSL.I-CUBE-wolfSSL.5.7.2
2024-09-27 19:33:16,928 [WARN] PackLoader:240 - Cannot read IP mode file for STMicroelectronics.X-CUBE-EEPRMA1.5.1.0
2024-09-27 19:33:16,953 [WARN] PackLoader:240 - Cannot read IP mode file for ITTIA_DB.I-CUBE-ITTIADB.8.9.0
2024-09-27 19:33:16,993 [WARN] PackLoader:240 - Cannot read IP mode file for SEGGER.I-CUBE-embOS.1.3.1
2024-09-27 19:33:17,067 [WARN] PackLoader:240 - Cannot read IP mode file for STMicroelectronics.X-CUBE-ALGOBUILD.1.4.0
2024-09-27 19:33:17,089 [WARN] PackLoader:240 - Cannot read IP mode file for STMicroelectronics.X-CUBE-GNSS1.6.0.0
2024-09-27 19:33:17,127 [WARN] PackLoader:240 - Cannot read IP mode file for STMicroelectronics.X-CUBE-AZRTOS-F4.1.1.0
2024-09-27 19:33:17,144 [WARN] PackLoader:240 - Cannot read IP mode file for STMicroelectronics.X-CUBE-ISPU.2.1.0
2024-09-27 19:33:17,163 [WARN] PackLoader:240 - Cannot read IP mode file for STMicroelectronics.X-CUBE-FREERTOS.1.2.0
2024-09-27 19:33:17,200 [WARN] PackLoader:240 - Cannot read IP mode file for STMicroelectronics.X-CUBE-AZRTOS-L5.2.0.0
2024-09-27 19:33:17,223 [WARN] PackLoader:240 - Cannot read IP mode file for STMicroelectronics.X-CUBE-NFC6.3.1.0
2024-09-27 19:33:17,241 [WARN] PackLoader:240 - Cannot read IP mode file for STMicroelectronics.X-CUBE-DPower.1.2.0
2024-09-27 19:33:17,260 [WARN] PackLoader:240 - Cannot read IP mode file for STMicroelectronics.X-CUBE-AI.9.0.0
2024-09-27 19:33:17,279 [WARN] PackLoader:240 - Cannot read IP mode file for STMicroelectronics.X-CUBE-NFC7.1.0.1
2024-09-27 19:33:17,299 [WARN] PackLoader:240 - Cannot read IP mode file for wolfSSL.I-CUBE-wolfTPM.3.2.0
2024-09-27 19:33:17,333 [WARN] ConditionMgr:438 - getConditionDescription Invalid condition id : LAN8742 Phy interface Condition cause : null
2024-09-27 19:33:17,334 [WARN] PackLoader:240 - Cannot read IP mode file for STMicroelectronics.X-CUBE-AZRTOS-L4.2.0.0
2024-09-27 19:33:17,336 [WARN] ConditionMgr:1039 - genDependencies : Invalid condition id : LAN8742 Phy interface Condition cause : null
2024-09-27 19:33:17,336 [WARN] ConditionMgr:1039 - genDependencies : Invalid condition id : LAN8742 Phy interface Condition cause : null
2024-09-27 19:33:17,337 [WARN] ConditionMgr:1039 - genDependencies : Invalid condition id : LAN8742 Phy interface Condition cause : null
2024-09-27 19:33:17,357 [WARN] PackLoader:240 - Cannot read IP mode file for STMicroelectronics.X-CUBE-SFXS2LP1.4.0.0
2024-09-27 19:33:17,396 [WARN] PackLoader:240 - Cannot read IP mode file for STMicroelectronics.X-CUBE-AZRTOS-H7.3.3.0
2024-09-27 19:33:17,432 [WARN] ConditionMgr:438 - getConditionDescription Invalid condition id : UX DEVICE CLASS RTOS Condition cause : null
2024-09-27 19:33:17,433 [WARN] ConditionMgr:438 - getConditionDescription Invalid condition id : UX DEVICE CLASS RTOS Condition cause : null
2024-09-27 19:33:17,435 [WARN] PackLoader:240 - Cannot read IP mode file for STMicroelectronics.X-CUBE-AZRTOS-WB.2.0.0
2024-09-27 19:33:17,436 [WARN] ConditionMgr:1039 - genDependencies : Invalid condition id : UX DEVICE CLASS RTOS Condition cause : null
2024-09-27 19:33:17,436 [WARN] ConditionMgr:1039 - genDependencies : Invalid condition id : UX DEVICE CLASS RTOS Condition cause : null
2024-09-27 19:33:17,436 [WARN] ConditionMgr:1039 - genDependencies : Invalid condition id : UX DEVICE CLASS RTOS Condition cause : null
2024-09-27 19:33:17,436 [WARN] ConditionMgr:1039 - genDependencies : Invalid condition id : UX DEVICE CLASS RTOS Condition cause : null
2024-09-27 19:33:17,437 [WARN] ConditionMgr:1039 - genDependencies : Invalid condition id : UX DEVICE CLASS RTOS Condition cause : null
2024-09-27 19:33:17,451 [WARN] PackLoader:240 - Cannot read IP mode file for STMicroelectronics.X-CUBE-GNSS1.7.0.0
2024-09-27 19:33:17,474 [WARN] PackLoader:240 - Cannot read IP mode file for STMicroelectronics.FP-SNS-STBOX1.2.0.0
2024-09-27 19:33:17,497 [WARN] PackLoader:240 - Cannot read IP mode file for STMicroelectronics.X-CUBE-SUBG2.5.0.0
2024-09-27 19:33:17,520 [WARN] PackLoader:240 - Cannot read IP mode file for Cesanta.I-CUBE-Mongoose.7.13.0
2024-09-27 19:33:17,557 [WARN] PackLoader:240 - Cannot read IP mode file for STMicroelectronics.X-CUBE-AZRTOS-G4.2.0.0
2024-09-27 19:33:17,576 [WARN] PackLoader:240 - Cannot read IP mode file for STMicroelectronics.X-CUBE-ISPU.2.0.0
2024-09-27 19:33:17,598 [WARN] PackLoader:240 - Cannot read IP mode file for STMicroelectronics.X-CUBE-ALS.1.0.2
2024-09-27 19:33:17,666 [WARN] PackLoader:240 - Cannot read IP mode file for STMicroelectronics.X-CUBE-MEMS1.10.0.0
2024-09-27 19:33:17,808 [WARN] PackLoader:240 - Cannot read IP mode file for STMicroelectronics.X-CUBE-TOUCHGFX.4.24.0
2024-09-27 19:33:17,824 [WARN] PackLoader:240 - Cannot read IP mode file for STMicroelectronics.X-CUBE-TOUCHGFX.4.24.1
2024-09-27 19:33:17,871 [WARN] PackLoader:240 - Cannot read IP mode file for portGmbH.I-Cube-SoM-uGOAL.1.1.0
2024-09-27 19:33:17,974 [WARN] PackLoader:240 - Cannot read IP mode file for STMicroelectronics.X-CUBE-AZRTOS-H7RS.1.0.0
2024-09-27 19:33:17,998 [WARN] PackLoader:240 - Cannot read IP mode file for STMicroelectronics.FP-ATR-ASTRA1.2.0.0
2024-09-27 19:33:18,246 [WARN] PackLoader:240 - Cannot read IP mode file for STMicroelectronics.X-CUBE-TOF1.3.4.2
2024-09-27 19:33:18,281 [WARN] PackLoader:240 - Cannot read IP mode file for STMicroelectronics.X-CUBE-TOF1.3.4.1
2024-09-27 19:33:18,330 [WARN] PackLoader:240 - Cannot read IP mode file for STMicroelectronics.X-CUBE-AZRTOS-H7.3.2.0
2024-09-27 19:33:18,364 [WARN] PackLoader:240 - Cannot read IP mode file for Infineon.AIROC-Wi-Fi-Bluetooth-STM32.1.6.0
2024-09-27 19:33:18,391 [WARN] PackLoader:240 - Cannot read IP mode file for wolfSSL.I-CUBE-wolfSSH.1.4.17
2024-09-27 19:33:18,393 [INFO] ThirdParty:978 - Integrity check success = true
2024-09-27 19:33:18,393 [INFO] IntegrityCheckThread:100 - exiting critical section [integrity check]
2024-09-27 19:33:18,393 [INFO] IntegrityCheckThread:103 - End integrity checks thread
2024-09-27 19:33:19,108 [INFO] WebApp:167 - Instantiating new browser for Auth
2024-09-27 19:33:20,272 [INFO] WebApp:448 - Apply proxy settings
2024-09-27 19:33:20,273 [INFO] WebApp:533 - Chromium requires no authentication
2024-09-27 19:33:20,292 [INFO] WebApp:476 - Direct internet connection detected
2024-09-27 19:33:20,364 [INFO] WebApp:869 - Register for checkConnection events
2024-09-27 19:33:20,365 [INFO] WebApp:448 - Apply proxy settings
2024-09-27 19:33:20,365 [INFO] WebApp:533 - Chromium requires no authentication
2024-09-27 19:33:20,366 [INFO] WebApp:476 - Direct internet connection detected
2024-09-27 19:33:20,715 [INFO] WebApp:186 - Connection restablished
2024-09-27 19:33:20,810 [INFO] WebApp:220 - Starting web application
2024-09-27 19:33:20,811 [INFO] WebApp:578 - Web application path used C:\ST\STM32CubeIDE_1.16.0\STM32CubeIDE\plugins\com.st.stm32cube.common.mx_6.12.0.202406281431\db\plugins\mcufinder\reactClient1\index.html
2024-09-27 19:33:21,056 [INFO] UserAuth:417 - Internet connection configuration mode: 1
2024-09-27 20:43:30,222 [INFO] WebApp:189 - Connection lost
2024-09-27 20:43:30,726 [INFO] WebApp:186 - Connection restablished
2024-09-27 22:03:15,224 [ERROR] LogOutputStream:75 - [STDERR_REDIRECT] 
