15:32:34 **** Incremental Build of configuration Debug for project lab05spe ****
make -j12 all 
arm-none-eabi-gcc -o "lab05spe.elf" @"objects.list"   -mcpu=cortex-m7 -T"C:\Users\USER\STM32CubeIDE\workspace_1.16.0\lab05spe\STM32F767ZITX_FLASH.ld" --specs=nosys.specs -Wl,-Map="lab05spe.map" -Wl,--gc-sections -static --specs=nano.specs -mfpu=fpv5-d16 -mfloat-abi=hard -mthumb -Wl,--start-group -lc -lm -Wl,--end-group
C:/ST/STM32CubeIDE_1.16.0/STM32CubeIDE/plugins/com.st.stm32cube.ide.mcu.externaltools.gnu-tools-for-stm32.12.3.rel1.win32_1.0.200.202406191623/tools/bin/../lib/gcc/arm-none-eabi/12.3.1/../../../../arm-none-eabi/bin/ld.exe: ./Core/Src/adc.o: in function `HAL_ADC_MspInit':
C:/Users/USER/STM32CubeIDE/workspace_1.16.0/lab05spe/Debug/../Core/Src/adc.c:137: undefined reference to `hdma_adc1'
C:/ST/STM32CubeIDE_1.16.0/STM32CubeIDE/plugins/com.st.stm32cube.ide.mcu.externaltools.gnu-tools-for-stm32.12.3.rel1.win32_1.0.200.202406191623/tools/bin/../lib/gcc/arm-none-eabi/12.3.1/../../../../arm-none-eabi/bin/ld.exe: ./Core/Src/main.o: in function `HAL_ADC_ConvCpltCallback':
C:/Users/USER/STM32CubeIDE/workspace_1.16.0/lab05spe/Debug/../Core/Src/main.c:43: undefined reference to `huart3'
C:/ST/STM32CubeIDE_1.16.0/STM32CubeIDE/plugins/com.st.stm32cube.ide.mcu.externaltools.gnu-tools-for-stm32.12.3.rel1.win32_1.0.200.202406191623/tools/bin/../lib/gcc/arm-none-eabi/12.3.1/../../../../arm-none-eabi/bin/ld.exe: ./Core/Src/main.o: in function `main':
C:/Users/USER/STM32CubeIDE/workspace_1.16.0/lab05spe/Debug/../Core/Src/main.c:69: undefined reference to `hadc1'
C:/ST/STM32CubeIDE_1.16.0/STM32CubeIDE/plugins/com.st.stm32cube.ide.mcu.externaltools.gnu-tools-for-stm32.12.3.rel1.win32_1.0.200.202406191623/tools/bin/../lib/gcc/arm-none-eabi/12.3.1/../../../../arm-none-eabi/bin/ld.exe: ./Core/Src/main.o: in function `MX_ADC1_Init':
C:/Users/USER/STM32CubeIDE/workspace_1.16.0/lab05spe/Debug/../Core/Src/main.c:128: undefined reference to `hadc1'
C:/ST/STM32CubeIDE_1.16.0/STM32CubeIDE/plugins/com.st.stm32cube.ide.mcu.externaltools.gnu-tools-for-stm32.12.3.rel1.win32_1.0.200.202406191623/tools/bin/../lib/gcc/arm-none-eabi/12.3.1/../../../../arm-none-eabi/bin/ld.exe: ./Core/Src/main.o: in function `MX_USART3_UART_Init':
C:/Users/USER/STM32CubeIDE/workspace_1.16.0/lab05spe/Debug/../Core/Src/main.c:146: undefined reference to `huart3'
C:/ST/STM32CubeIDE_1.16.0/STM32CubeIDE/plugins/com.st.stm32cube.ide.mcu.externaltools.gnu-tools-for-stm32.12.3.rel1.win32_1.0.200.202406191623/tools/bin/../lib/gcc/arm-none-eabi/12.3.1/../../../../arm-none-eabi/bin/ld.exe: ./Core/Src/main.o: in function `MX_DMA_Init':
C:/Users/USER/STM32CubeIDE/workspace_1.16.0/lab05spe/Debug/../Core/Src/main.c:174: undefined reference to `hdma_adc1'
C:/ST/STM32CubeIDE_1.16.0/STM32CubeIDE/plugins/com.st.stm32cube.ide.mcu.externaltools.gnu-tools-for-stm32.12.3.rel1.win32_1.0.200.202406191623/tools/bin/../lib/gcc/arm-none-eabi/12.3.1/../../../../arm-none-eabi/bin/ld.exe: C:/Users/USER/STM32CubeIDE/workspace_1.16.0/lab05spe/Debug/../Core/Src/main.c:174: undefined reference to `hadc1'
C:/ST/STM32CubeIDE_1.16.0/STM32CubeIDE/plugins/com.st.stm32cube.ide.mcu.externaltools.gnu-tools-for-stm32.12.3.rel1.win32_1.0.200.202406191623/tools/bin/../lib/gcc/arm-none-eabi/12.3.1/../../../../arm-none-eabi/bin/ld.exe: ./Core/Src/stm32f7xx_it.o: in function `DMA2_Stream0_IRQHandler':
C:/Users/USER/STM32CubeIDE/workspace_1.16.0/lab05spe/Debug/../Core/Src/stm32f7xx_it.c:213: undefined reference to `hdma_adc1'
collect2.exe: error: ld returned 1 exit status
make: *** [makefile:64: lab05spe.elf] Error 1
"make -j12 all" terminated with exit code 2. Build might be incomplete.

15:32:35 Build Failed. 9 errors, 0 warnings. (took 957ms)

