21:59:59 **** Incremental Build of configuration Debug for project lab8_2 ****
make -j12 all 
arm-none-eabi-gcc "../Drivers/STM32F7xx_HAL_Driver/Src/stm32f7xx_hal.c" -mcpu=cortex-m7 -std=gnu11 -g3 -DDEBUG -DUSE_HAL_DRIVER -DSTM32F767xx -c -I../Core/Inc -I../Drivers/STM32F7xx_HAL_Driver/Inc -I../Drivers/STM32F7xx_HAL_Driver/Inc/Legacy -I../Drivers/CMSIS/Device/ST/STM32F7xx/Include -I../Drivers/CMSIS/Include -O0 -ffunction-sections -fdata-sections -Wall -fstack-usage -fcyclomatic-complexity -MMD -MP -MF"Drivers/STM32F7xx_HAL_Driver/Src/stm32f7xx_hal.d" -MT"Drivers/STM32F7xx_HAL_Driver/Src/stm32f7xx_hal.o" --specs=nano.specs -mfpu=fpv5-d16 -mfloat-abi=hard -mthumb -o "Drivers/STM32F7xx_HAL_Driver/Src/stm32f7xx_hal.o"
arm-none-eabi-gcc "../Drivers/STM32F7xx_HAL_Driver/Src/stm32f7xx_hal_cortex.c" -mcpu=cortex-m7 -std=gnu11 -g3 -DDEBUG -DUSE_HAL_DRIVER -DSTM32F767xx -c -I../Core/Inc -I../Drivers/STM32F7xx_HAL_Driver/Inc -I../Drivers/STM32F7xx_HAL_Driver/Inc/Legacy -I../Drivers/CMSIS/Device/ST/STM32F7xx/Include -I../Drivers/CMSIS/Include -O0 -ffunction-sections -fdata-sections -Wall -fstack-usage -fcyclomatic-complexity -MMD -MP -MF"Drivers/STM32F7xx_HAL_Driver/Src/stm32f7xx_hal_cortex.d" -MT"Drivers/STM32F7xx_HAL_Driver/Src/stm32f7xx_hal_cortex.o" --specs=nano.specs -mfpu=fpv5-d16 -mfloat-abi=hard -mthumb -o "Drivers/STM32F7xx_HAL_Driver/Src/stm32f7xx_hal_cortex.o"
arm-none-eabi-gcc "../Drivers/STM32F7xx_HAL_Driver/Src/stm32f7xx_hal_dma.c" -mcpu=cortex-m7 -std=gnu11 -g3 -DDEBUG -DUSE_HAL_DRIVER -DSTM32F767xx -c -I../Core/Inc -I../Drivers/STM32F7xx_HAL_Driver/Inc -I../Drivers/STM32F7xx_HAL_Driver/Inc/Legacy -I../Drivers/CMSIS/Device/ST/STM32F7xx/Include -I../Drivers/CMSIS/Include -O0 -ffunction-sections -fdata-sections -Wall -fstack-usage -fcyclomatic-complexity -MMD -MP -MF"Drivers/STM32F7xx_HAL_Driver/Src/stm32f7xx_hal_dma.d" -MT"Drivers/STM32F7xx_HAL_Driver/Src/stm32f7xx_hal_dma.o" --specs=nano.specs -mfpu=fpv5-d16 -mfloat-abi=hard -mthumb -o "Drivers/STM32F7xx_HAL_Driver/Src/stm32f7xx_hal_dma.o"
arm-none-eabi-gcc "../Drivers/STM32F7xx_HAL_Driver/Src/stm32f7xx_hal_dma_ex.c" -mcpu=cortex-m7 -std=gnu11 -g3 -DDEBUG -DUSE_HAL_DRIVER -DSTM32F767xx -c -I../Core/Inc -I../Drivers/STM32F7xx_HAL_Driver/Inc -I../Drivers/STM32F7xx_HAL_Driver/Inc/Legacy -I../Drivers/CMSIS/Device/ST/STM32F7xx/Include -I../Drivers/CMSIS/Include -O0 -ffunction-sections -fdata-sections -Wall -fstack-usage -fcyclomatic-complexity -MMD -MP -MF"Drivers/STM32F7xx_HAL_Driver/Src/stm32f7xx_hal_dma_ex.d" -MT"Drivers/STM32F7xx_HAL_Driver/Src/stm32f7xx_hal_dma_ex.o" --specs=nano.specs -mfpu=fpv5-d16 -mfloat-abi=hard -mthumb -o "Drivers/STM32F7xx_HAL_Driver/Src/stm32f7xx_hal_dma_ex.o"
arm-none-eabi-gcc "../Drivers/STM32F7xx_HAL_Driver/Src/stm32f7xx_hal_exti.c" -mcpu=cortex-m7 -std=gnu11 -g3 -DDEBUG -DUSE_HAL_DRIVER -DSTM32F767xx -c -I../Core/Inc -I../Drivers/STM32F7xx_HAL_Driver/Inc -I../Drivers/STM32F7xx_HAL_Driver/Inc/Legacy -I../Drivers/CMSIS/Device/ST/STM32F7xx/Include -I../Drivers/CMSIS/Include -O0 -ffunction-sections -fdata-sections -Wall -fstack-usage -fcyclomatic-complexity -MMD -MP -MF"Drivers/STM32F7xx_HAL_Driver/Src/stm32f7xx_hal_exti.d" -MT"Drivers/STM32F7xx_HAL_Driver/Src/stm32f7xx_hal_exti.o" --specs=nano.specs -mfpu=fpv5-d16 -mfloat-abi=hard -mthumb -o "Drivers/STM32F7xx_HAL_Driver/Src/stm32f7xx_hal_exti.o"
arm-none-eabi-gcc "../Drivers/STM32F7xx_HAL_Driver/Src/stm32f7xx_hal_flash.c" -mcpu=cortex-m7 -std=gnu11 -g3 -DDEBUG -DUSE_HAL_DRIVER -DSTM32F767xx -c -I../Core/Inc -I../Drivers/STM32F7xx_HAL_Driver/Inc -I../Drivers/STM32F7xx_HAL_Driver/Inc/Legacy -I../Drivers/CMSIS/Device/ST/STM32F7xx/Include -I../Drivers/CMSIS/Include -O0 -ffunction-sections -fdata-sections -Wall -fstack-usage -fcyclomatic-complexity -MMD -MP -MF"Drivers/STM32F7xx_HAL_Driver/Src/stm32f7xx_hal_flash.d" -MT"Drivers/STM32F7xx_HAL_Driver/Src/stm32f7xx_hal_flash.o" --specs=nano.specs -mfpu=fpv5-d16 -mfloat-abi=hard -mthumb -o "Drivers/STM32F7xx_HAL_Driver/Src/stm32f7xx_hal_flash.o"
arm-none-eabi-gcc "../Drivers/STM32F7xx_HAL_Driver/Src/stm32f7xx_hal_flash_ex.c" -mcpu=cortex-m7 -std=gnu11 -g3 -DDEBUG -DUSE_HAL_DRIVER -DSTM32F767xx -c -I../Core/Inc -I../Drivers/STM32F7xx_HAL_Driver/Inc -I../Drivers/STM32F7xx_HAL_Driver/Inc/Legacy -I../Drivers/CMSIS/Device/ST/STM32F7xx/Include -I../Drivers/CMSIS/Include -O0 -ffunction-sections -fdata-sections -Wall -fstack-usage -fcyclomatic-complexity -MMD -MP -MF"Drivers/STM32F7xx_HAL_Driver/Src/stm32f7xx_hal_flash_ex.d" -MT"Drivers/STM32F7xx_HAL_Driver/Src/stm32f7xx_hal_flash_ex.o" --specs=nano.specs -mfpu=fpv5-d16 -mfloat-abi=hard -mthumb -o "Drivers/STM32F7xx_HAL_Driver/Src/stm32f7xx_hal_flash_ex.o"
arm-none-eabi-gcc "../Drivers/STM32F7xx_HAL_Driver/Src/stm32f7xx_hal_gpio.c" -mcpu=cortex-m7 -std=gnu11 -g3 -DDEBUG -DUSE_HAL_DRIVER -DSTM32F767xx -c -I../Core/Inc -I../Drivers/STM32F7xx_HAL_Driver/Inc -I../Drivers/STM32F7xx_HAL_Driver/Inc/Legacy -I../Drivers/CMSIS/Device/ST/STM32F7xx/Include -I../Drivers/CMSIS/Include -O0 -ffunction-sections -fdata-sections -Wall -fstack-usage -fcyclomatic-complexity -MMD -MP -MF"Drivers/STM32F7xx_HAL_Driver/Src/stm32f7xx_hal_gpio.d" -MT"Drivers/STM32F7xx_HAL_Driver/Src/stm32f7xx_hal_gpio.o" --specs=nano.specs -mfpu=fpv5-d16 -mfloat-abi=hard -mthumb -o "Drivers/STM32F7xx_HAL_Driver/Src/stm32f7xx_hal_gpio.o"
arm-none-eabi-gcc "../Drivers/STM32F7xx_HAL_Driver/Src/stm32f7xx_hal_i2c.c" -mcpu=cortex-m7 -std=gnu11 -g3 -DDEBUG -DUSE_HAL_DRIVER -DSTM32F767xx -c -I../Core/Inc -I../Drivers/STM32F7xx_HAL_Driver/Inc -I../Drivers/STM32F7xx_HAL_Driver/Inc/Legacy -I../Drivers/CMSIS/Device/ST/STM32F7xx/Include -I../Drivers/CMSIS/Include -O0 -ffunction-sections -fdata-sections -Wall -fstack-usage -fcyclomatic-complexity -MMD -MP -MF"Drivers/STM32F7xx_HAL_Driver/Src/stm32f7xx_hal_i2c.d" -MT"Drivers/STM32F7xx_HAL_Driver/Src/stm32f7xx_hal_i2c.o" --specs=nano.specs -mfpu=fpv5-d16 -mfloat-abi=hard -mthumb -o "Drivers/STM32F7xx_HAL_Driver/Src/stm32f7xx_hal_i2c.o"
arm-none-eabi-gcc "../Drivers/STM32F7xx_HAL_Driver/Src/stm32f7xx_hal_i2c_ex.c" -mcpu=cortex-m7 -std=gnu11 -g3 -DDEBUG -DUSE_HAL_DRIVER -DSTM32F767xx -c -I../Core/Inc -I../Drivers/STM32F7xx_HAL_Driver/Inc -I../Drivers/STM32F7xx_HAL_Driver/Inc/Legacy -I../Drivers/CMSIS/Device/ST/STM32F7xx/Include -I../Drivers/CMSIS/Include -O0 -ffunction-sections -fdata-sections -Wall -fstack-usage -fcyclomatic-complexity -MMD -MP -MF"Drivers/STM32F7xx_HAL_Driver/Src/stm32f7xx_hal_i2c_ex.d" -MT"Drivers/STM32F7xx_HAL_Driver/Src/stm32f7xx_hal_i2c_ex.o" --specs=nano.specs -mfpu=fpv5-d16 -mfloat-abi=hard -mthumb -o "Drivers/STM32F7xx_HAL_Driver/Src/stm32f7xx_hal_i2c_ex.o"
arm-none-eabi-gcc "../Drivers/STM32F7xx_HAL_Driver/Src/stm32f7xx_hal_pwr.c" -mcpu=cortex-m7 -std=gnu11 -g3 -DDEBUG -DUSE_HAL_DRIVER -DSTM32F767xx -c -I../Core/Inc -I../Drivers/STM32F7xx_HAL_Driver/Inc -I../Drivers/STM32F7xx_HAL_Driver/Inc/Legacy -I../Drivers/CMSIS/Device/ST/STM32F7xx/Include -I../Drivers/CMSIS/Include -O0 -ffunction-sections -fdata-sections -Wall -fstack-usage -fcyclomatic-complexity -MMD -MP -MF"Drivers/STM32F7xx_HAL_Driver/Src/stm32f7xx_hal_pwr.d" -MT"Drivers/STM32F7xx_HAL_Driver/Src/stm32f7xx_hal_pwr.o" --specs=nano.specs -mfpu=fpv5-d16 -mfloat-abi=hard -mthumb -o "Drivers/STM32F7xx_HAL_Driver/Src/stm32f7xx_hal_pwr.o"
arm-none-eabi-gcc "../Drivers/STM32F7xx_HAL_Driver/Src/stm32f7xx_hal_pwr_ex.c" -mcpu=cortex-m7 -std=gnu11 -g3 -DDEBUG -DUSE_HAL_DRIVER -DSTM32F767xx -c -I../Core/Inc -I../Drivers/STM32F7xx_HAL_Driver/Inc -I../Drivers/STM32F7xx_HAL_Driver/Inc/Legacy -I../Drivers/CMSIS/Device/ST/STM32F7xx/Include -I../Drivers/CMSIS/Include -O0 -ffunction-sections -fdata-sections -Wall -fstack-usage -fcyclomatic-complexity -MMD -MP -MF"Drivers/STM32F7xx_HAL_Driver/Src/stm32f7xx_hal_pwr_ex.d" -MT"Drivers/STM32F7xx_HAL_Driver/Src/stm32f7xx_hal_pwr_ex.o" --specs=nano.specs -mfpu=fpv5-d16 -mfloat-abi=hard -mthumb -o "Drivers/STM32F7xx_HAL_Driver/Src/stm32f7xx_hal_pwr_ex.o"
In file included from ../Drivers/STM32F7xx_HAL_Driver/Inc/stm32f7xx_hal_def.h:30,
                 from ../Drivers/STM32F7xx_HAL_Driver/Inc/stm32f7xx_hal_rcc.h:27,
                 from ../Core/Inc/stm32f7xx_hal_conf.h:251,
                 from ../Drivers/STM32F7xx_HAL_Driver/Inc/stm32f7xx_hal.h:29,
                 from ../Drivers/STM32F7xx_HAL_Driver/Src/stm32f7xx_hal_cortex.c:82:
../Drivers/STM32F7xx_HAL_Driver/Inc/Legacy/stm32_hal_legacy.h:4333: warning: "ART_ACCLERATOR_ENABLE" redefined
 4333 | #define ART_ACCLERATOR_ENABLE ART_ACCELERATOR_ENABLE
      | 
../Core/Inc/stm32f7xx_hal_conf.h:161: note: this is the location of the previous definition
  161 | #define  ART_ACCLERATOR_ENABLE        1U /* To enable instruction cache and prefetch */
      | 
In file included from ../Drivers/STM32F7xx_HAL_Driver/Inc/stm32f7xx_hal_def.h:30,
                 from ../Drivers/STM32F7xx_HAL_Driver/Inc/stm32f7xx_hal_rcc.h:27,
                 from ../Core/Inc/stm32f7xx_hal_conf.h:251,
                 from ../Drivers/STM32F7xx_HAL_Driver/Inc/stm32f7xx_hal.h:29,
                 from ../Drivers/STM32F7xx_HAL_Driver/Src/stm32f7xx_hal.c:36:
../Drivers/STM32F7xx_HAL_Driver/Inc/Legacy/stm32_hal_legacy.h:4333: warning: "ART_ACCLERATOR_ENABLE" redefined
 4333 | #define ART_ACCLERATOR_ENABLE ART_ACCELERATOR_ENABLE
      | 
../Core/Inc/stm32f7xx_hal_conf.h:161: note: this is the location of the previous definition
  161 | #define  ART_ACCLERATOR_ENABLE        1U /* To enable instruction cache and prefetch */
      | 
../Core/Inc/stm32f7xx_hal_conf.h:355:11: fatal error: stm32f7xx_hal_rng.h: No such file or directory
  355 |  #include "stm32f7xx_hal_rng.h"
      |           ^~~~~~~~~~~~~~~~~~~~~
compilation terminated.
In file included from ../Drivers/STM32F7xx_HAL_Driver/Inc/stm32f7xx_hal_def.h:30,
                 from ../Drivers/STM32F7xx_HAL_Driver/Inc/stm32f7xx_hal_rcc.h:27,
                 from ../Core/Inc/stm32f7xx_hal_conf.h:251,
                 from ../Drivers/STM32F7xx_HAL_Driver/Inc/stm32f7xx_hal.h:29,
                 from ../Drivers/STM32F7xx_HAL_Driver/Src/stm32f7xx_hal_dma.c:98:
../Drivers/STM32F7xx_HAL_Driver/Inc/Legacy/stm32_hal_legacy.h:4333: warning: "ART_ACCLERATOR_ENABLE" redefined
 4333 | #define ART_ACCLERATOR_ENABLE ART_ACCELERATOR_ENABLE
      | 
../Core/Inc/stm32f7xx_hal_conf.h:161: note: this is the location of the previous definition
  161 | #define  ART_ACCLERATOR_ENABLE        1U /* To enable instruction cache and prefetch */
      | 
../Core/Inc/stm32f7xx_hal_conf.h:355:11: fatal error: stm32f7xx_hal_rng.h: No such file or directory
  355 |  #include "stm32f7xx_hal_rng.h"
      |           ^~~~~~~~~~~~~~~~~~~~~
compilation terminated.
make: *** [Drivers/STM32F7xx_HAL_Driver/Src/subdir.mk:58: Drivers/STM32F7xx_HAL_Driver/Src/stm32f7xx_hal_cortex.o] Error 1
make: *** Waiting for unfinished jobs....
In file included from ../Drivers/STM32F7xx_HAL_Driver/Inc/stm32f7xx_hal_def.h:30,
                 from ../Drivers/STM32F7xx_HAL_Driver/Inc/stm32f7xx_hal_rcc.h:27,
                 from ../Core/Inc/stm32f7xx_hal_conf.h:251,
                 from ../Drivers/STM32F7xx_HAL_Driver/Inc/stm32f7xx_hal.h:29,
                 from ../Drivers/STM32F7xx_HAL_Driver/Src/stm32f7xx_hal_dma_ex.c:39:
../Drivers/STM32F7xx_HAL_Driver/Inc/Legacy/stm32_hal_legacy.h:4333: warning: "ART_ACCLERATOR_ENABLE" redefined
 4333 | #define ART_ACCLERATOR_ENABLE ART_ACCELERATOR_ENABLE
      | 
../Core/Inc/stm32f7xx_hal_conf.h:161: note: this is the location of the previous definition
  161 | #define  ART_ACCLERATOR_ENABLE        1U /* To enable instruction cache and prefetch */
      | 
make: *** [Drivers/STM32F7xx_HAL_Driver/Src/subdir.mk:58: Drivers/STM32F7xx_HAL_Driver/Src/stm32f7xx_hal.o] Error 1
../Core/Inc/stm32f7xx_hal_conf.h:355:11: fatal error: stm32f7xx_hal_rng.h: No such file or directory
  355 |  #include "stm32f7xx_hal_rng.h"
      |           ^~~~~~~~~~~~~~~~~~~~~
compilation terminated.
In file included from ../Drivers/STM32F7xx_HAL_Driver/Inc/stm32f7xx_hal_def.h:30,
                 from ../Drivers/STM32F7xx_HAL_Driver/Inc/stm32f7xx_hal_rcc.h:27,
                 from ../Core/Inc/stm32f7xx_hal_conf.h:251,
                 from ../Drivers/STM32F7xx_HAL_Driver/Inc/stm32f7xx_hal.h:29,
                 from ../Drivers/STM32F7xx_HAL_Driver/Src/stm32f7xx_hal_flash.c:83:
../Drivers/STM32F7xx_HAL_Driver/Inc/Legacy/stm32_hal_legacy.h:4333: warning: "ART_ACCLERATOR_ENABLE" redefined
 4333 | #define ART_ACCLERATOR_ENABLE ART_ACCELERATOR_ENABLE
      | 
../Core/Inc/stm32f7xx_hal_conf.h:161: note: this is the location of the previous definition
  161 | #define  ART_ACCLERATOR_ENABLE        1U /* To enable instruction cache and prefetch */
      | 
../Core/Inc/stm32f7xx_hal_conf.h:355:11: fatal error: stm32f7xx_hal_rng.h: No such file or directory
  355 |  #include "stm32f7xx_hal_rng.h"
      |           ^~~~~~~~~~~~~~~~~~~~~
compilation terminated.
make: *** [Drivers/STM32F7xx_HAL_Driver/Src/subdir.mk:58: Drivers/STM32F7xx_HAL_Driver/Src/stm32f7xx_hal_dma.o] Error 1
make: *** [Drivers/STM32F7xx_HAL_Driver/Src/subdir.mk:58: Drivers/STM32F7xx_HAL_Driver/Src/stm32f7xx_hal_dma_ex.o] Error 1
In file included from ../Drivers/STM32F7xx_HAL_Driver/Inc/stm32f7xx_hal_def.h:30,
                 from ../Drivers/STM32F7xx_HAL_Driver/Inc/stm32f7xx_hal_rcc.h:27,
                 from ../Core/Inc/stm32f7xx_hal_conf.h:251,
                 from ../Drivers/STM32F7xx_HAL_Driver/Inc/stm32f7xx_hal.h:29,
                 from ../Drivers/STM32F7xx_HAL_Driver/Src/stm32f7xx_hal_exti.c:86:
../Drivers/STM32F7xx_HAL_Driver/Inc/Legacy/stm32_hal_legacy.h:4333: warning: "ART_ACCLERATOR_ENABLE" redefined
 4333 | #define ART_ACCLERATOR_ENABLE ART_ACCELERATOR_ENABLE
      | 
../Core/Inc/stm32f7xx_hal_conf.h:161: note: this is the location of the previous definition
  161 | #define  ART_ACCLERATOR_ENABLE        1U /* To enable instruction cache and prefetch */
      | 
../Core/Inc/stm32f7xx_hal_conf.h:355:11: fatal error: stm32f7xx_hal_rng.h: No such file or directory
  355 |  #include "stm32f7xx_hal_rng.h"
      |           ^~~~~~~~~~~~~~~~~~~~~
compilation terminated.
In file included from ../Drivers/STM32F7xx_HAL_Driver/Inc/stm32f7xx_hal_def.h:30,
                 from ../Drivers/STM32F7xx_HAL_Driver/Inc/stm32f7xx_hal_rcc.h:27,
                 from ../Core/Inc/stm32f7xx_hal_conf.h:251,
                 from ../Drivers/STM32F7xx_HAL_Driver/Inc/stm32f7xx_hal.h:29,
                 from ../Drivers/STM32F7xx_HAL_Driver/Src/stm32f7xx_hal_flash_ex.c:55:
../Drivers/STM32F7xx_HAL_Driver/Inc/Legacy/stm32_hal_legacy.h:4333: warning: "ART_ACCLERATOR_ENABLE" redefined
 4333 | #define ART_ACCLERATOR_ENABLE ART_ACCELERATOR_ENABLE
      | 
In file included from ../Drivers/STM32F7xx_HAL_Driver/Inc/stm32f7xx_hal_def.h:30,
                 from ../Drivers/STM32F7xx_HAL_Driver/Inc/stm32f7xx_hal_rcc.h:27,
                 from ../Core/Inc/stm32f7xx_hal_conf.h:251,
                 from ../Drivers/STM32F7xx_HAL_Driver/Inc/stm32f7xx_hal.h:29,
                 from ../Drivers/STM32F7xx_HAL_Driver/Src/stm32f7xx_hal_gpio.c:108:
../Drivers/STM32F7xx_HAL_Driver/Inc/Legacy/stm32_hal_legacy.h:4333: warning: "ART_ACCLERATOR_ENABLE" redefined
 4333 | #define ART_ACCLERATOR_ENABLE ART_ACCELERATOR_ENABLE
      | 
../Core/Inc/stm32f7xx_hal_conf.h:161: note: this is the location of the previous definition
  161 | #define  ART_ACCLERATOR_ENABLE        1U /* To enable instruction cache and prefetch */
      | 
../Core/Inc/stm32f7xx_hal_conf.h:161: note: this is the location of the previous definition
  161 | #define  ART_ACCLERATOR_ENABLE        1U /* To enable instruction cache and prefetch */
      | 
make: *** [Drivers/STM32F7xx_HAL_Driver/Src/subdir.mk:58: Drivers/STM32F7xx_HAL_Driver/Src/stm32f7xx_hal_flash.o] Error 1
In file included from ../Drivers/STM32F7xx_HAL_Driver/Inc/stm32f7xx_hal_def.h:30,
                 from ../Drivers/STM32F7xx_HAL_Driver/Inc/stm32f7xx_hal_rcc.h:27,
                 from ../Core/Inc/stm32f7xx_hal_conf.h:251,
                 from ../Drivers/STM32F7xx_HAL_Driver/Inc/stm32f7xx_hal.h:29,
                 from ../Drivers/STM32F7xx_HAL_Driver/Src/stm32f7xx_hal_i2c_ex.c:46:
../Drivers/STM32F7xx_HAL_Driver/Inc/Legacy/stm32_hal_legacy.h:4333: warning: "ART_ACCLERATOR_ENABLE" redefined
 4333 | #define ART_ACCLERATOR_ENABLE ART_ACCELERATOR_ENABLE
      | 
../Core/Inc/stm32f7xx_hal_conf.h:161: note: this is the location of the previous definition
  161 | #define  ART_ACCLERATOR_ENABLE        1U /* To enable instruction cache and prefetch */
      | 
../Core/Inc/stm32f7xx_hal_conf.h:355:11: fatal error: stm32f7xx_hal_rng.h: No such file or directory
  355 |  #include "stm32f7xx_hal_rng.h"
      |           ^~~~~~~~~~~~~~~~~~~~~
compilation terminated.
../Core/Inc/stm32f7xx_hal_conf.h:355:11: fatal error: stm32f7xx_hal_rng.h: No such file or directory
  355 |  #include "stm32f7xx_hal_rng.h"
      |           ^~~~~~~~~~~~~~~~~~~~~
compilation terminated.
../Core/Inc/stm32f7xx_hal_conf.h:355:11: fatal error: stm32f7xx_hal_rng.h: No such file or directory
  355 |  #include "stm32f7xx_hal_rng.h"
      |           ^~~~~~~~~~~~~~~~~~~~~
compilation terminated.
In file included from ../Drivers/STM32F7xx_HAL_Driver/Inc/stm32f7xx_hal_def.h:30,
                 from ../Drivers/STM32F7xx_HAL_Driver/Inc/stm32f7xx_hal_rcc.h:27,
                 from ../Core/Inc/stm32f7xx_hal_conf.h:251,
                 from ../Drivers/STM32F7xx_HAL_Driver/Inc/stm32f7xx_hal.h:29,
                 from ../Drivers/STM32F7xx_HAL_Driver/Src/stm32f7xx_hal_i2c.c:323:
../Drivers/STM32F7xx_HAL_Driver/Inc/Legacy/stm32_hal_legacy.h:4333: warning: "ART_ACCLERATOR_ENABLE" redefined
 4333 | #define ART_ACCLERATOR_ENABLE ART_ACCELERATOR_ENABLE
      | 
../Core/Inc/stm32f7xx_hal_conf.h:161: note: this is the location of the previous definition
  161 | #define  ART_ACCLERATOR_ENABLE        1U /* To enable instruction cache and prefetch */
      | 
make: *** [Drivers/STM32F7xx_HAL_Driver/Src/subdir.mk:58: Drivers/STM32F7xx_HAL_Driver/Src/stm32f7xx_hal_exti.o] Error 1
../Core/Inc/stm32f7xx_hal_conf.h:355:11: fatal error: stm32f7xx_hal_rng.h: No such file or directory
  355 |  #include "stm32f7xx_hal_rng.h"
      |           ^~~~~~~~~~~~~~~~~~~~~
compilation terminated.
make: *** [Drivers/STM32F7xx_HAL_Driver/Src/subdir.mk:58: Drivers/STM32F7xx_HAL_Driver/Src/stm32f7xx_hal_gpio.o] Error 1
In file included from ../Drivers/STM32F7xx_HAL_Driver/Inc/stm32f7xx_hal_def.h:30,
                 from ../Drivers/STM32F7xx_HAL_Driver/Inc/stm32f7xx_hal_rcc.h:27,
                 from ../Core/Inc/stm32f7xx_hal_conf.h:251,
                 from ../Drivers/STM32F7xx_HAL_Driver/Inc/stm32f7xx_hal.h:29,
                 from ../Drivers/STM32F7xx_HAL_Driver/Src/stm32f7xx_hal_pwr_ex.c:24:
../Drivers/STM32F7xx_HAL_Driver/Inc/Legacy/stm32_hal_legacy.h:4333: warning: "ART_ACCLERATOR_ENABLE" redefined
 4333 | #define ART_ACCLERATOR_ENABLE ART_ACCELERATOR_ENABLE
      | 
../Core/Inc/stm32f7xx_hal_conf.h:161: note: this is the location of the previous definition
  161 | #define  ART_ACCLERATOR_ENABLE        1U /* To enable instruction cache and prefetch */
      | 
make: *** [Drivers/STM32F7xx_HAL_Driver/Src/subdir.mk:58: Drivers/STM32F7xx_HAL_Driver/Src/stm32f7xx_hal_flash_ex.o] Error 1
In file included from ../Drivers/STM32F7xx_HAL_Driver/Inc/stm32f7xx_hal_def.h:30,
                 from ../Drivers/STM32F7xx_HAL_Driver/Inc/stm32f7xx_hal_rcc.h:27,
                 from ../Core/Inc/stm32f7xx_hal_conf.h:251,
                 from ../Drivers/STM32F7xx_HAL_Driver/Inc/stm32f7xx_hal.h:29,
                 from ../Drivers/STM32F7xx_HAL_Driver/Src/stm32f7xx_hal_pwr.c:25:
../Drivers/STM32F7xx_HAL_Driver/Inc/Legacy/stm32_hal_legacy.h:4333: warning: "ART_ACCLERATOR_ENABLE" redefined
 4333 | #define ART_ACCLERATOR_ENABLE ART_ACCELERATOR_ENABLE
      | 
../Core/Inc/stm32f7xx_hal_conf.h:161: note: this is the location of the previous definition
  161 | #define  ART_ACCLERATOR_ENABLE        1U /* To enable instruction cache and prefetch */
      | 
make: *** [Drivers/STM32F7xx_HAL_Driver/Src/subdir.mk:58: Drivers/STM32F7xx_HAL_Driver/Src/stm32f7xx_hal_i2c_ex.o] Error 1
../Core/Inc/stm32f7xx_hal_conf.h:355:11: fatal error: stm32f7xx_hal_rng.h: No such file or directory
  355 |  #include "stm32f7xx_hal_rng.h"
      |           ^~~~~~~~~~~~~~~~~~~~~
compilation terminated.
../Core/Inc/stm32f7xx_hal_conf.h:355:11: fatal error: stm32f7xx_hal_rng.h: No such file or directory
  355 |  #include "stm32f7xx_hal_rng.h"
      |           ^~~~~~~~~~~~~~~~~~~~~
compilation terminated.
../Core/Inc/stm32f7xx_hal_conf.h:355:11: fatal error: stm32f7xx_hal_rng.h: No such file or directory
  355 |  #include "stm32f7xx_hal_rng.h"
      |           ^~~~~~~~~~~~~~~~~~~~~
make: *** [Drivers/STM32F7xx_HAL_Driver/Src/subdir.mk:58: Drivers/STM32F7xx_HAL_Driver/Src/stm32f7xx_hal_i2c.o] Error 1
compilation terminated.
make: *** [Drivers/STM32F7xx_HAL_Driver/Src/subdir.mk:58: Drivers/STM32F7xx_HAL_Driver/Src/stm32f7xx_hal_pwr_ex.o] Error 1
make: *** [Drivers/STM32F7xx_HAL_Driver/Src/subdir.mk:58: Drivers/STM32F7xx_HAL_Driver/Src/stm32f7xx_hal_pwr.o] Error 1
"make -j12 all" terminated with exit code 2. Build might be incomplete.

22:00:00 Build Failed. 25 errors, 12 warnings. (took 1s.138ms)

